<?xml version="1.0" encoding="UTF-8"?>
<coverage generated="1620905391611" clover="3.2.0">
  <project timestamp="1620905391611" name="All files">
    <metrics statements="2998" coveredstatements="2141" conditionals="1448" coveredconditionals="968" methods="555" coveredmethods="394" elements="5001" coveredelements="3503" complexity="0" loc="2998" ncloc="2998" packages="11" files="27" classes="27"/>
    <package name="__tests__">
      <metrics statements="30" coveredstatements="30" conditionals="0" coveredconditionals="0" methods="2" coveredmethods="2"/>
      <file name="helpers.ts" path="C:\Users\Pawel\Documents\Programowanie\PROTON\amplify-js\packages\datastore\__tests__\helpers.ts">
        <metrics statements="4" coveredstatements="4" conditionals="0" coveredconditionals="0" methods="2" coveredmethods="2"/>
        <line num="51" count="7" type="stmt"/>
        <line num="52" count="64" type="stmt"/>
        <line num="358" count="7" type="stmt"/>
        <line num="359" count="2" type="stmt"/>
      </file>
      <file name="model.ts" path="C:\Users\Pawel\Documents\Programowanie\PROTON\amplify-js\packages\datastore\__tests__\model.ts">
        <metrics statements="22" coveredstatements="22" conditionals="0" coveredconditionals="0" methods="0" coveredmethods="0"/>
        <line num="7" count="1" type="stmt"/>
        <line num="8" count="1" type="stmt"/>
        <line num="108" count="1" type="stmt"/>
        <line num="109" count="1" type="stmt"/>
        <line num="110" count="1" type="stmt"/>
        <line num="111" count="1" type="stmt"/>
        <line num="112" count="1" type="stmt"/>
        <line num="113" count="1" type="stmt"/>
        <line num="114" count="1" type="stmt"/>
        <line num="115" count="1" type="stmt"/>
        <line num="116" count="1" type="stmt"/>
        <line num="117" count="1" type="stmt"/>
        <line num="129" count="1" type="stmt"/>
        <line num="131" count="1" type="stmt"/>
        <line num="132" count="1" type="stmt"/>
        <line num="133" count="1" type="stmt"/>
        <line num="134" count="1" type="stmt"/>
        <line num="135" count="1" type="stmt"/>
        <line num="136" count="1" type="stmt"/>
        <line num="137" count="1" type="stmt"/>
        <line num="138" count="1" type="stmt"/>
        <line num="139" count="1" type="stmt"/>
      </file>
      <file name="schema.ts" path="C:\Users\Pawel\Documents\Programowanie\PROTON\amplify-js\packages\datastore\__tests__\schema.ts">
        <metrics statements="4" coveredstatements="4" conditionals="0" coveredconditionals="0" methods="0" coveredmethods="0"/>
        <line num="3" count="3" type="stmt"/>
        <line num="414" count="3" type="stmt"/>
        <line num="463" count="3" type="stmt"/>
        <line num="519" count="3" type="stmt"/>
      </file>
    </package>
    <package name="src">
      <metrics statements="316" coveredstatements="269" conditionals="197" coveredconditionals="149" methods="63" coveredmethods="58"/>
      <file name="index.ts" path="C:\Users\Pawel\Documents\Programowanie\PROTON\amplify-js\packages\datastore\src\index.ts">
        <metrics statements="3" coveredstatements="3" conditionals="0" coveredconditionals="0" methods="0" coveredmethods="0"/>
        <line num="1" count="1" type="stmt"/>
        <line num="2" count="1" type="stmt"/>
        <line num="3" count="1" type="stmt"/>
      </file>
      <file name="types.ts" path="C:\Users\Pawel\Documents\Programowanie\PROTON\amplify-js\packages\datastore\src\types.ts">
        <metrics statements="90" coveredstatements="78" conditionals="67" coveredconditionals="49" methods="21" coveredmethods="18"/>
        <line num="2" count="160" type="stmt"/>
        <line num="44" count="160" type="stmt"/>
        <line num="45" count="50" type="cond" truecount="2" falsecount="0"/>
        <line num="64" count="160" type="stmt"/>
        <line num="65" count="0" type="cond" truecount="0" falsecount="2"/>
        <line num="72" count="160" type="stmt"/>
        <line num="75" count="31" type="cond" truecount="2" falsecount="0"/>
        <line num="91" count="160" type="cond" truecount="2" falsecount="0"/>
        <line num="92" count="160" type="stmt"/>
        <line num="93" count="160" type="stmt"/>
        <line num="94" count="160" type="stmt"/>
        <line num="95" count="160" type="stmt"/>
        <line num="98" count="160" type="cond" truecount="2" falsecount="0"/>
        <line num="99" count="160" type="stmt"/>
        <line num="100" count="160" type="stmt"/>
        <line num="101" count="160" type="stmt"/>
        <line num="102" count="160" type="stmt"/>
        <line num="106" count="160" type="cond" truecount="2" falsecount="0"/>
        <line num="107" count="160" type="stmt"/>
        <line num="108" count="160" type="stmt"/>
        <line num="109" count="160" type="stmt"/>
        <line num="110" count="160" type="stmt"/>
        <line num="111" count="160" type="stmt"/>
        <line num="112" count="160" type="stmt"/>
        <line num="113" count="160" type="stmt"/>
        <line num="114" count="160" type="stmt"/>
        <line num="115" count="160" type="stmt"/>
        <line num="116" count="160" type="stmt"/>
        <line num="117" count="160" type="stmt"/>
        <line num="118" count="160" type="stmt"/>
        <line num="119" count="160" type="stmt"/>
        <line num="120" count="160" type="stmt"/>
        <line num="123" count="160" type="cond" truecount="1" falsecount="1"/>
        <line num="124" count="160" type="stmt"/>
        <line num="130" count="2502" type="stmt"/>
        <line num="132" count="0" type="stmt"/>
        <line num="143" count="2502" type="stmt"/>
        <line num="147" count="0" type="stmt"/>
        <line num="149" count="0" type="stmt"/>
        <line num="153" count="160" type="stmt"/>
        <line num="159" count="2502" type="stmt"/>
        <line num="161" count="0" type="stmt"/>
        <line num="163" count="0" type="stmt"/>
        <line num="165" count="190" type="stmt"/>
        <line num="167" count="0" type="stmt"/>
        <line num="169" count="38" type="stmt"/>
        <line num="171" count="0" type="stmt"/>
        <line num="173" count="0" type="stmt"/>
        <line num="175" count="0" type="stmt"/>
        <line num="177" count="7" type="stmt"/>
        <line num="179" count="2267" type="stmt"/>
        <line num="194" count="160" type="stmt"/>
        <line num="200" count="3112" type="cond" truecount="2" falsecount="0"/>
        <line num="204" count="160" type="stmt"/>
        <line num="205" count="14" type="stmt"/>
        <line num="206" count="14" type="cond" truecount="3" falsecount="1"/>
        <line num="208" count="14" type="stmt"/>
        <line num="212" count="160" type="stmt"/>
        <line num="213" count="142" type="stmt"/>
        <line num="214" count="142" type="cond" truecount="4" falsecount="0"/>
        <line num="216" count="123" type="stmt"/>
        <line num="220" count="160" type="stmt"/>
        <line num="221" count="51" type="stmt"/>
        <line num="222" count="51" type="cond" truecount="3" falsecount="1"/>
        <line num="224" count="51" type="stmt"/>
        <line num="280" count="160" type="cond" truecount="2" falsecount="0"/>
        <line num="281" count="160" type="stmt"/>
        <line num="282" count="160" type="stmt"/>
        <line num="283" count="160" type="stmt"/>
        <line num="384" count="160" type="stmt"/>
        <line num="387" count="367" type="cond" truecount="2" falsecount="0"/>
        <line num="390" count="160" type="stmt"/>
        <line num="393" count="0" type="cond" truecount="0" falsecount="2"/>
        <line num="402" count="160" type="cond" truecount="2" falsecount="0"/>
        <line num="403" count="160" type="stmt"/>
        <line num="404" count="160" type="stmt"/>
        <line num="464" count="160" type="cond" truecount="2" falsecount="0"/>
        <line num="465" count="160" type="stmt"/>
        <line num="466" count="160" type="stmt"/>
        <line num="541" count="160" type="cond" truecount="2" falsecount="0"/>
        <line num="542" count="160" type="stmt"/>
        <line num="543" count="160" type="stmt"/>
        <line num="562" count="160" type="cond" truecount="2" falsecount="0"/>
        <line num="563" count="160" type="stmt"/>
        <line num="564" count="160" type="stmt"/>
        <line num="565" count="160" type="stmt"/>
        <line num="566" count="160" type="stmt"/>
        <line num="611" count="160" type="stmt"/>
        <line num="621" count="0" type="stmt"/>
        <line num="644" count="160" type="stmt"/>
      </file>
      <file name="util.ts" path="C:\Users\Pawel\Documents\Programowanie\PROTON\amplify-js\packages\datastore\src\util.ts">
        <metrics statements="223" coveredstatements="188" conditionals="130" coveredconditionals="100" methods="42" coveredmethods="40"/>
        <line num="1" count="160" type="stmt"/>
        <line num="2" count="160" type="stmt"/>
        <line num="3" count="160" type="stmt"/>
        <line num="4" count="160" type="stmt"/>
        <line num="6" count="160" type="stmt"/>
        <line num="23" count="302" type="cond" truecount="1" falsecount="1"/>
        <line num="24" count="302" type="cond" truecount="1" falsecount="1"/>
        <line num="25" count="0" type="stmt"/>
        <line num="29" count="160" type="stmt"/>
        <line num="30" count="2715" type="cond" truecount="3" falsecount="0"/>
        <line num="33" count="160" type="stmt"/>
        <line num="39" count="101" type="stmt"/>
        <line num="41" count="101" type="cond" truecount="2" falsecount="0"/>
        <line num="42" count="10" type="stmt"/>
        <line num="45" count="91" type="stmt"/>
        <line num="47" count="0" type="stmt"/>
        <line num="48" count="0" type="stmt"/>
        <line num="49" count="0" type="stmt"/>
        <line num="51" count="91" type="stmt"/>
        <line num="52" count="91" type="stmt"/>
        <line num="54" count="0" type="stmt"/>
        <line num="55" count="0" type="stmt"/>
        <line num="57" count="0" type="stmt"/>
        <line num="60" count="91" type="stmt"/>
        <line num="61" count="104" type="cond" truecount="1" falsecount="1"/>
        <line num="62" count="104" type="stmt"/>
        <line num="63" count="104" type="stmt"/>
        <line num="65" count="104" type="stmt"/>
        <line num="68" count="0" type="cond" truecount="0" falsecount="2"/>
        <line num="69" count="0" type="stmt"/>
        <line num="70" count="0" type="stmt"/>
        <line num="73" count="0" type="stmt"/>
        <line num="76" count="91" type="cond" truecount="1" falsecount="1"/>
        <line num="79" count="160" type="stmt"/>
        <line num="84" count="104" type="stmt"/>
        <line num="86" count="27" type="stmt"/>
        <line num="88" count="50" type="stmt"/>
        <line num="90" count="0" type="stmt"/>
        <line num="92" count="0" type="stmt"/>
        <line num="94" count="0" type="stmt"/>
        <line num="96" count="0" type="stmt"/>
        <line num="98" count="0" type="stmt"/>
        <line num="99" count="0" type="cond" truecount="0" falsecount="2"/>
        <line num="101" count="21" type="stmt"/>
        <line num="103" count="6" type="stmt"/>
        <line num="107" count="0" type="stmt"/>
        <line num="111" count="0" type="stmt"/>
        <line num="112" count="0" type="stmt"/>
        <line num="116" count="160" type="stmt"/>
        <line num="119" count="1636" type="stmt"/>
        <line num="124" count="160" type="stmt"/>
        <line num="127" count="312" type="stmt"/>
        <line num="129" count="312" type="stmt"/>
        <line num="130" count="719" type="stmt"/>
        <line num="132" count="719" type="stmt"/>
        <line num="133" count="719" type="stmt"/>
        <line num="134" count="2971" type="stmt"/>
        <line num="135" count="2971" type="cond" truecount="2" falsecount="0"/>
        <line num="139" count="370" type="stmt"/>
        <line num="140" count="370" type="stmt"/>
        <line num="148" count="370" type="cond" truecount="2" falsecount="0"/>
        <line num="149" count="163" type="stmt"/>
        <line num="157" count="719" type="cond" truecount="2" falsecount="0"/>
        <line num="158" count="363" type="stmt"/>
        <line num="159" count="458" type="cond" truecount="2" falsecount="0"/>
        <line num="160" count="95" type="stmt"/>
        <line num="161" count="95" type="cond" truecount="1" falsecount="1"/>
        <line num="162" count="95" type="stmt"/>
        <line num="164" count="95" type="stmt"/>
        <line num="165" count="95" type="cond" truecount="1" falsecount="1"/>
        <line num="166" count="0" type="stmt"/>
        <line num="175" count="312" type="stmt"/>
        <line num="178" count="160" type="stmt"/>
        <line num="180" count="160" type="stmt"/>
        <line num="190" count="163" type="stmt"/>
        <line num="191" count="163" type="stmt"/>
        <line num="196" count="163" type="stmt"/>
        <line num="201" count="163" type="stmt"/>
        <line num="203" count="163" type="stmt"/>
        <line num="204" count="163" type="stmt"/>
        <line num="205" count="169" type="stmt"/>
        <line num="210" count="169" type="stmt"/>
        <line num="212" count="14" type="cond" truecount="1" falsecount="1"/>
        <line num="213" count="0" type="stmt"/>
        <line num="214" count="0" type="stmt"/>
        <line num="215" count="0" type="stmt"/>
        <line num="223" count="0" type="stmt"/>
        <line num="229" count="0" type="stmt"/>
        <line num="234" count="14" type="stmt"/>
        <line num="236" count="87" type="cond" truecount="2" falsecount="0"/>
        <line num="237" count="68" type="stmt"/>
        <line num="238" count="68" type="stmt"/>
        <line num="239" count="68" type="stmt"/>
        <line num="247" count="68" type="stmt"/>
        <line num="251" count="68" type="cond" truecount="1" falsecount="1"/>
        <line num="252" count="68" type="stmt"/>
        <line num="260" count="87" type="stmt"/>
        <line num="266" count="87" type="stmt"/>
        <line num="268" count="87" type="stmt"/>
        <line num="271" count="68" type="stmt"/>
        <line num="273" count="0" type="stmt"/>
        <line num="274" count="0" type="stmt"/>
        <line num="279" count="163" type="stmt"/>
        <line num="285" count="163" type="cond" truecount="2" falsecount="0"/>
        <line num="286" count="39" type="stmt"/>
        <line num="292" count="163" type="stmt"/>
        <line num="294" count="163" type="stmt"/>
        <line num="295" count="74" type="stmt"/>
        <line num="300" count="163" type="stmt"/>
        <line num="303" count="160" type="stmt"/>
        <line num="304" count="201" type="stmt"/>
        <line num="305" count="201" type="stmt"/>
        <line num="306" count="502" type="cond" truecount="2" falsecount="0"/>
        <line num="307" count="199" type="stmt"/>
        <line num="310" count="201" type="stmt"/>
        <line num="313" count="160" type="stmt"/>
        <line num="317" count="119" type="stmt"/>
        <line num="318" count="106" type="stmt"/>
        <line num="321" count="160" type="cond" truecount="2" falsecount="0"/>
        <line num="322" count="160" type="stmt"/>
        <line num="323" count="160" type="stmt"/>
        <line num="324" count="160" type="stmt"/>
        <line num="325" count="160" type="stmt"/>
        <line num="328" count="160" type="stmt"/>
        <line num="329" count="160" type="stmt"/>
        <line num="330" count="160" type="stmt"/>
        <line num="331" count="160" type="stmt"/>
        <line num="333" count="160" type="stmt"/>
        <line num="337" count="160" type="stmt"/>
        <line num="338" count="320" type="stmt"/>
        <line num="339" count="320" type="stmt"/>
        <line num="342" count="320" type="stmt"/>
        <line num="343" count="0" type="stmt"/>
        <line num="345" count="0" type="stmt"/>
        <line num="348" count="640" type="stmt"/>
        <line num="349" count="625" type="cond" truecount="5" falsecount="0"/>
        <line num="350" count="30" type="stmt"/>
        <line num="353" count="640" type="cond" truecount="1" falsecount="0"/>
        <line num="355" count="320" type="stmt"/>
        <line num="357" count="320" type="stmt"/>
        <line num="360" count="320" type="cond" truecount="2" falsecount="0"/>
        <line num="361" count="305" type="stmt"/>
        <line num="364" count="15" type="cond" truecount="1" falsecount="1"/>
        <line num="365" count="0" type="stmt"/>
        <line num="368" count="15" type="cond" truecount="1" falsecount="1"/>
        <line num="370" count="15" type="stmt"/>
        <line num="371" count="15" type="stmt"/>
        <line num="372" count="15" type="stmt"/>
        <line num="376" count="160" type="stmt"/>
        <line num="377" count="1216" type="stmt"/>
        <line num="379" count="1216" type="stmt"/>
        <line num="380" count="160" type="stmt"/>
        <line num="381" count="141" type="stmt"/>
        <line num="383" count="141" type="stmt"/>
        <line num="384" count="94" type="stmt"/>
        <line num="400" count="160" type="stmt"/>
        <line num="401" count="0" type="cond" truecount="0" falsecount="2"/>
        <line num="406" count="0" type="stmt"/>
        <line num="408" count="0" type="stmt"/>
        <line num="412" count="160" type="stmt"/>
        <line num="415" count="7" type="stmt"/>
        <line num="418" count="36" type="stmt"/>
        <line num="419" count="36" type="stmt"/>
        <line num="422" count="36" type="cond" truecount="2" falsecount="0"/>
        <line num="424" count="36" type="cond" truecount="2" falsecount="0"/>
        <line num="425" count="8" type="stmt"/>
        <line num="428" count="28" type="cond" truecount="2" falsecount="0"/>
        <line num="429" count="16" type="stmt"/>
        <line num="433" count="0" type="stmt"/>
        <line num="442" count="160" type="stmt"/>
        <line num="445" count="162" type="cond" truecount="2" falsecount="0"/>
        <line num="447" count="125" type="stmt"/>
        <line num="448" count="125" type="stmt"/>
        <line num="450" count="125" type="stmt"/>
        <line num="451" count="33" type="stmt"/>
        <line num="457" count="125" type="cond" truecount="2" falsecount="0"/>
        <line num="461" count="1" type="stmt"/>
        <line num="465" count="124" type="cond" truecount="2" falsecount="0"/>
        <line num="466" count="71" type="cond" truecount="4" falsecount="0"/>
        <line num="467" count="11" type="stmt"/>
        <line num="470" count="60" type="stmt"/>
        <line num="474" count="53" type="cond" truecount="2" falsecount="0"/>
        <line num="478" count="1" type="stmt"/>
        <line num="481" count="52" type="cond" truecount="4" falsecount="0"/>
        <line num="482" count="6" type="stmt"/>
        <line num="483" count="6" type="stmt"/>
        <line num="486" count="52" type="cond" truecount="4" falsecount="0"/>
        <line num="487" count="4" type="stmt"/>
        <line num="488" count="4" type="stmt"/>
        <line num="491" count="52" type="stmt"/>
        <line num="492" count="52" type="stmt"/>
        <line num="495" count="52" type="cond" truecount="5" falsecount="0"/>
        <line num="496" count="11" type="stmt"/>
        <line num="502" count="41" type="cond" truecount="2" falsecount="0"/>
        <line num="504" count="60" type="stmt"/>
        <line num="505" count="60" type="stmt"/>
        <line num="506" count="60" type="stmt"/>
        <line num="508" count="60" type="cond" truecount="2" falsecount="0"/>
        <line num="509" count="13" type="stmt"/>
        <line num="513" count="28" type="stmt"/>
        <line num="516" count="160" type="stmt"/>
        <line num="517" count="12" type="stmt"/>
        <line num="520" count="160" type="stmt"/>
        <line num="521" count="20" type="stmt"/>
        <line num="526" count="160" type="stmt"/>
        <line num="527" count="215" type="stmt"/>
        <line num="532" count="160" type="stmt"/>
        <line num="533" count="8" type="stmt"/>
        <line num="536" count="160" type="stmt"/>
        <line num="537" count="84" type="stmt"/>
        <line num="542" count="160" type="stmt"/>
        <line num="543" count="16" type="stmt"/>
        <line num="544" count="16" type="stmt"/>
        <line num="545" count="10" type="stmt"/>
        <line num="547" count="6" type="stmt"/>
        <line num="551" count="160" type="stmt"/>
        <line num="552" count="7" type="stmt"/>
        <line num="553" count="7" type="stmt"/>
        <line num="555" count="4" type="stmt"/>
        <line num="559" count="160" type="stmt"/>
        <line num="560" count="10" type="stmt"/>
        <line num="563" count="160" type="stmt"/>
        <line num="564" count="27" type="stmt"/>
      </file>
    </package>
    <package name="src.authModeStrategies">
      <metrics statements="52" coveredstatements="48" conditionals="41" coveredconditionals="33" methods="8" coveredmethods="8"/>
      <file name="defaultAuthStrategy.ts" path="C:\Users\Pawel\Documents\Programowanie\PROTON\amplify-js\packages\datastore\src\authModeStrategies\defaultAuthStrategy.ts">
        <metrics statements="1" coveredstatements="1" conditionals="0" coveredconditionals="0" methods="1" coveredmethods="1"/>
        <line num="6" count="104" type="stmt"/>
      </file>
      <file name="index.ts" path="C:\Users\Pawel\Documents\Programowanie\PROTON\amplify-js\packages\datastore\src\authModeStrategies\index.ts">
        <metrics statements="2" coveredstatements="2" conditionals="0" coveredconditionals="0" methods="0" coveredmethods="0"/>
        <line num="1" count="103" type="stmt"/>
        <line num="2" count="103" type="stmt"/>
      </file>
      <file name="multiAuthStrategy.ts" path="C:\Users\Pawel\Documents\Programowanie\PROTON\amplify-js\packages\datastore\src\authModeStrategies\multiAuthStrategy.ts">
        <metrics statements="49" coveredstatements="45" conditionals="41" coveredconditionals="33" methods="7" coveredmethods="7"/>
        <line num="1" count="145" type="stmt"/>
        <line num="2" count="145" type="stmt"/>
        <line num="3" count="145" type="stmt"/>
        <line num="13" count="36" type="cond" truecount="3" falsecount="1"/>
        <line num="14" count="0" type="stmt"/>
        <line num="17" count="36" type="cond" truecount="3" falsecount="1"/>
        <line num="18" count="0" type="stmt"/>
        <line num="20" count="36" type="stmt"/>
        <line num="24" count="42" type="stmt"/>
        <line num="25" count="42" type="stmt"/>
        <line num="27" count="42" type="stmt"/>
        <line num="29" count="36" type="cond" truecount="2" falsecount="0"/>
        <line num="30" count="18" type="stmt"/>
        <line num="35" count="18" type="stmt"/>
        <line num="43" count="42" type="stmt"/>
        <line num="44" count="42" type="stmt"/>
        <line num="50" count="42" type="stmt"/>
        <line num="52" count="42" type="stmt"/>
        <line num="53" count="78" type="stmt"/>
        <line num="57" count="34" type="cond" truecount="2" falsecount="0"/>
        <line num="58" count="17" type="cond" truecount="2" falsecount="0"/>
        <line num="59" count="13" type="stmt"/>
        <line num="60" count="4" type="cond" truecount="1" falsecount="1"/>
        <line num="61" count="4" type="stmt"/>
        <line num="64" count="34" type="stmt"/>
        <line num="68" count="22" type="cond" truecount="2" falsecount="0"/>
        <line num="70" count="11" type="cond" truecount="4" falsecount="0"/>
        <line num="71" count="4" type="stmt"/>
        <line num="72" count="7" type="cond" truecount="1" falsecount="1"/>
        <line num="73" count="7" type="stmt"/>
        <line num="77" count="22" type="stmt"/>
        <line num="80" count="22" type="cond" truecount="2" falsecount="0"/>
        <line num="81" count="6" type="stmt"/>
        <line num="82" count="16" type="cond" truecount="3" falsecount="1"/>
        <line num="84" count="16" type="stmt"/>
        <line num="86" count="22" type="stmt"/>
        <line num="89" count="0" type="stmt"/>
        <line num="93" count="42" type="stmt"/>
        <line num="96" count="145" type="stmt"/>
        <line num="97" count="42" type="stmt"/>
        <line num="98" count="42" type="stmt"/>
        <line num="102" count="42" type="stmt"/>
        <line num="107" count="42" type="stmt"/>
        <line num="109" count="42" type="cond" truecount="1" falsecount="1"/>
        <line num="110" count="84" type="stmt"/>
        <line num="112" count="42" type="cond" truecount="3" falsecount="1"/>
        <line num="113" count="42" type="stmt"/>
        <line num="117" count="42" type="stmt"/>
        <line num="120" count="0" type="stmt"/>
      </file>
    </package>
    <package name="src.datastore">
      <metrics statements="477" coveredstatements="378" conditionals="284" coveredconditionals="222" methods="81" coveredmethods="65"/>
      <file name="datastore.ts" path="C:\Users\Pawel\Documents\Programowanie\PROTON\amplify-js\packages\datastore\src\datastore\datastore.ts">
        <metrics statements="477" coveredstatements="378" conditionals="284" coveredconditionals="222" methods="81" coveredmethods="65"/>
        <line num="1" count="102" type="stmt"/>
        <line num="2" count="102" type="stmt"/>
        <line num="10" count="102" type="stmt"/>
        <line num="11" count="102" type="stmt"/>
        <line num="12" count="102" type="stmt"/>
        <line num="13" count="102" type="stmt"/>
        <line num="19" count="102" type="stmt"/>
        <line num="20" count="102" type="stmt"/>
        <line num="21" count="102" type="stmt"/>
        <line num="53" count="102" type="stmt"/>
        <line num="66" count="102" type="stmt"/>
        <line num="67" count="102" type="stmt"/>
        <line num="69" count="102" type="stmt"/>
        <line num="71" count="102" type="stmt"/>
        <line num="72" count="102" type="stmt"/>
        <line num="85" count="102" type="stmt"/>
        <line num="88" count="102" type="stmt"/>
        <line num="95" count="102" type="stmt"/>
        <line num="100" count="102" type="stmt"/>
        <line num="103" count="264" type="stmt"/>
        <line num="105" count="264" type="stmt"/>
        <line num="108" count="102" type="stmt"/>
        <line num="111" count="1476" type="cond" truecount="2" falsecount="0"/>
        <line num="114" count="102" type="stmt"/>
        <line num="115" count="1127" type="stmt"/>
        <line num="123" count="102" type="stmt"/>
        <line num="124" count="81" type="cond" truecount="2" falsecount="0"/>
        <line num="125" count="3" type="stmt"/>
        <line num="127" count="3" type="stmt"/>
        <line num="130" count="78" type="stmt"/>
        <line num="132" count="78" type="stmt"/>
        <line num="137" count="78" type="stmt"/>
        <line num="138" count="78" type="stmt"/>
        <line num="139" count="78" type="stmt"/>
        <line num="141" count="78" type="stmt"/>
        <line num="142" count="78" type="stmt"/>
        <line num="143" count="78" type="stmt"/>
        <line num="145" count="78" type="stmt"/>
        <line num="146" count="78" type="stmt"/>
        <line num="147" count="78" type="stmt"/>
        <line num="149" count="78" type="stmt"/>
        <line num="159" count="78" type="stmt"/>
        <line num="160" count="312" type="stmt"/>
        <line num="164" count="312" type="stmt"/>
        <line num="166" count="312" type="stmt"/>
        <line num="167" count="719" type="stmt"/>
        <line num="169" count="719" type="stmt"/>
        <line num="172" count="2971" type="cond" truecount="3" falsecount="0"/>
        <line num="177" count="146" type="stmt"/>
        <line num="180" count="719" type="stmt"/>
        <line num="183" count="312" type="stmt"/>
        <line num="185" count="312" type="stmt"/>
        <line num="186" count="312" type="cond" truecount="2" falsecount="0"/>
        <line num="187" count="563" type="cond" truecount="2" falsecount="0"/>
        <line num="188" count="312" type="stmt"/>
        <line num="190" count="251" type="stmt"/>
        <line num="191" count="251" type="cond" truecount="1" falsecount="1"/>
        <line num="192" count="0" type="stmt"/>
        <line num="197" count="787" type="stmt"/>
        <line num="198" count="787" type="stmt"/>
        <line num="200" count="787" type="cond" truecount="2" falsecount="0"/>
        <line num="201" count="719" type="stmt"/>
        <line num="205" count="770" type="stmt"/>
        <line num="208" count="312" type="stmt"/>
        <line num="211" count="78" type="stmt"/>
        <line num="216" count="102" type="stmt"/>
        <line num="217" count="312" type="stmt"/>
        <line num="219" count="719" type="stmt"/>
        <line num="220" count="719" type="stmt"/>
        <line num="221" count="719" type="stmt"/>
        <line num="223" count="719" type="stmt"/>
        <line num="226" count="312" type="cond" truecount="2" falsecount="0"/>
        <line num="227" count="95" type="stmt"/>
        <line num="228" count="95" type="stmt"/>
        <line num="229" count="95" type="stmt"/>
        <line num="233" count="312" type="stmt"/>
        <line num="238" count="102" type="stmt"/>
        <line num="245" count="588" type="stmt"/>
        <line num="247" count="588" type="stmt"/>
        <line num="250" count="1146" type="stmt"/>
        <line num="254" count="4733" type="stmt"/>
        <line num="256" count="4733" type="cond" truecount="2" falsecount="0"/>
        <line num="258" count="2973" type="stmt"/>
        <line num="259" count="2973" type="stmt"/>
        <line num="260" count="2973" type="stmt"/>
        <line num="261" count="2973" type="stmt"/>
        <line num="262" count="2973" type="stmt"/>
        <line num="265" count="2973" type="cond" truecount="2" falsecount="0"/>
        <line num="269" count="3" type="stmt"/>
        <line num="272" count="2970" type="cond" truecount="2" falsecount="0"/>
        <line num="273" count="2502" type="stmt"/>
        <line num="274" count="2502" type="stmt"/>
        <line num="276" count="2502" type="cond" truecount="2" falsecount="0"/>
        <line num="277" count="91" type="stmt"/>
        <line num="278" count="91" type="cond" truecount="2" falsecount="0"/>
        <line num="279" count="30" type="stmt"/>
        <line num="282" count="91" type="cond" truecount="3" falsecount="1"/>
        <line num="283" count="0" type="stmt"/>
        <line num="288" count="91" type="cond" truecount="2" falsecount="0"/>
        <line num="291" count="95" type="cond" truecount="2" falsecount="0"/>
        <line num="294" count="5" type="stmt"/>
        <line num="295" count="6" type="cond" truecount="2" falsecount="0"/>
        <line num="298" count="5" type="stmt"/>
        <line num="303" count="86" type="cond" truecount="4" falsecount="0"/>
        <line num="304" count="39" type="stmt"/>
        <line num="305" count="77" type="cond" truecount="2" falsecount="0"/>
        <line num="306" count="76" type="stmt"/>
        <line num="307" count="1" type="cond" truecount="3" falsecount="1"/>
        <line num="308" count="1" type="stmt"/>
        <line num="310" count="0" type="stmt"/>
        <line num="314" count="77" type="cond" truecount="2" falsecount="0"/>
        <line num="315" count="4" type="stmt"/>
        <line num="320" count="2411" type="cond" truecount="4" falsecount="0"/>
        <line num="321" count="2" type="stmt"/>
        <line num="322" count="2409" type="cond" truecount="4" falsecount="0"/>
        <line num="323" count="2" type="stmt"/>
        <line num="326" count="2407" type="cond" truecount="2" falsecount="0"/>
        <line num="331" count="1" type="stmt"/>
        <line num="339" count="102" type="stmt"/>
        <line num="344" count="951" type="stmt"/>
        <line num="345" count="3555" type="stmt"/>
        <line num="346" count="3555" type="stmt"/>
        <line num="347" count="3541" type="stmt"/>
        <line num="351" count="102" type="stmt"/>
        <line num="354" count="719" type="stmt"/>
        <line num="356" count="932" type="stmt"/>
        <line num="359" count="932" type="stmt"/>
        <line num="361" count="923" type="stmt"/>
        <line num="367" count="923" type="stmt"/>
        <line num="368" count="923" type="stmt"/>
        <line num="369" count="923" type="stmt"/>
        <line num="372" count="923" type="cond" truecount="2" falsecount="0"/>
        <line num="376" count="923" type="cond" truecount="2" falsecount="0"/>
        <line num="382" count="923" type="stmt"/>
        <line num="384" count="923" type="cond" truecount="2" falsecount="0"/>
        <line num="385" count="842" type="stmt"/>
        <line num="386" count="842" type="stmt"/>
        <line num="387" count="842" type="stmt"/>
        <line num="392" count="923" type="stmt"/>
        <line num="395" count="719" type="stmt"/>
        <line num="396" count="196" type="cond" truecount="2" falsecount="0"/>
        <line num="397" count="196" type="cond" truecount="2" falsecount="0"/>
        <line num="398" count="1" type="stmt"/>
        <line num="399" count="1" type="stmt"/>
        <line num="400" count="1" type="stmt"/>
        <line num="404" count="195" type="stmt"/>
        <line num="407" count="195" type="stmt"/>
        <line num="408" count="195" type="stmt"/>
        <line num="409" count="195" type="stmt"/>
        <line num="410" count="1178" type="stmt"/>
        <line num="411" count="1178" type="stmt"/>
        <line num="414" count="194" type="stmt"/>
        <line num="417" count="194" type="cond" truecount="2" falsecount="0"/>
        <line num="418" count="92" type="stmt"/>
        <line num="421" count="194" type="stmt"/>
        <line num="426" count="719" type="stmt"/>
        <line num="427" count="0" type="cond" truecount="0" falsecount="2"/>
        <line num="428" count="0" type="stmt"/>
        <line num="431" count="0" type="stmt"/>
        <line num="432" count="0" type="stmt"/>
        <line num="434" count="0" type="stmt"/>
        <line num="435" count="0" type="stmt"/>
        <line num="438" count="0" type="stmt"/>
        <line num="440" count="719" type="stmt"/>
        <line num="442" count="719" type="stmt"/>
        <line num="444" count="719" type="stmt"/>
        <line num="446" count="719" type="stmt"/>
        <line num="449" count="102" type="stmt"/>
        <line num="450" count="95" type="stmt"/>
        <line num="452" count="19" type="stmt"/>
        <line num="455" count="19" type="stmt"/>
        <line num="459" count="14" type="stmt"/>
        <line num="461" count="95" type="stmt"/>
        <line num="463" count="95" type="stmt"/>
        <line num="465" count="95" type="stmt"/>
        <line num="467" count="95" type="stmt"/>
        <line num="471" count="179" type="stmt"/>
        <line num="475" count="0" type="stmt"/>
        <line num="476" count="0" type="stmt"/>
        <line num="477" count="0" type="stmt"/>
        <line num="481" count="0" type="stmt"/>
        <line num="490" count="994" type="stmt"/>
        <line num="492" count="44" type="stmt"/>
        <line num="493" count="44" type="stmt"/>
        <line num="495" count="912" type="stmt"/>
        <line num="496" count="912" type="stmt"/>
        <line num="498" count="38" type="stmt"/>
        <line num="499" count="38" type="stmt"/>
        <line num="501" count="0" type="stmt"/>
        <line num="502" count="0" type="stmt"/>
        <line num="504" count="0" type="stmt"/>
        <line num="505" count="0" type="stmt"/>
        <line num="508" count="994" type="cond" truecount="1" falsecount="1"/>
        <line num="509" count="994" type="stmt"/>
        <line num="511" count="0" type="stmt"/>
        <line num="512" count="0" type="stmt"/>
        <line num="514" count="0" type="stmt"/>
        <line num="522" count="61" type="stmt"/>
        <line num="526" count="61" type="stmt"/>
        <line num="528" count="122" type="stmt"/>
        <line num="529" count="38" type="cond" truecount="2" falsecount="0"/>
        <line num="533" count="38" type="stmt"/>
        <line num="539" count="50" type="cond" truecount="4" falsecount="0"/>
        <line num="542" count="26" type="stmt"/>
        <line num="544" count="52" type="cond" truecount="1" falsecount="1"/>
        <line num="545" count="0" type="stmt"/>
        <line num="548" count="24" type="stmt"/>
        <line num="561" count="78" type="stmt"/>
        <line num="595" count="78" type="stmt"/>
        <line num="598" count="204" type="stmt"/>
        <line num="599" count="102" type="stmt"/>
        <line num="612" count="102" type="stmt"/>
        <line num="618" count="102" type="stmt"/>
        <line num="619" count="204" type="stmt"/>
        <line num="622" count="291" type="stmt"/>
        <line num="623" count="521" type="cond" truecount="2" falsecount="0"/>
        <line num="624" count="61" type="stmt"/>
        <line num="625" count="61" type="stmt"/>
        <line num="626" count="61" type="stmt"/>
        <line num="627" count="61" type="stmt"/>
        <line num="630" count="460" type="cond" truecount="2" falsecount="0"/>
        <line num="632" count="230" type="stmt"/>
        <line num="635" count="61" type="stmt"/>
        <line num="644" count="122" type="stmt"/>
        <line num="646" count="122" type="stmt"/>
        <line num="648" count="61" type="stmt"/>
        <line num="650" count="122" type="cond" truecount="1" falsecount="1"/>
        <line num="651" count="0" type="stmt"/>
        <line num="653" count="0" type="stmt"/>
        <line num="655" count="0" type="stmt"/>
        <line num="672" count="0" type="stmt"/>
        <line num="673" count="0" type="stmt"/>
        <line num="676" count="0" type="stmt"/>
        <line num="679" count="0" type="stmt"/>
        <line num="683" count="0" type="cond" truecount="0" falsecount="2"/>
        <line num="684" count="0" type="stmt"/>
        <line num="687" count="0" type="stmt"/>
        <line num="693" count="0" type="stmt"/>
        <line num="694" count="0" type="stmt"/>
        <line num="698" count="61" type="stmt"/>
        <line num="705" count="61" type="stmt"/>
        <line num="708" count="122" type="stmt"/>
        <line num="711" count="102" type="stmt"/>
        <line num="724" count="94" type="stmt"/>
        <line num="726" count="188" type="cond" truecount="1" falsecount="0"/>
        <line num="730" count="94" type="cond" truecount="2" falsecount="0"/>
        <line num="731" count="2" type="stmt"/>
        <line num="732" count="2" type="stmt"/>
        <line num="734" count="2" type="stmt"/>
        <line num="737" count="92" type="cond" truecount="2" falsecount="0"/>
        <line num="738" count="64" type="cond" truecount="2" falsecount="0"/>
        <line num="739" count="5" type="stmt"/>
        <line num="743" count="92" type="stmt"/>
        <line num="746" count="92" type="cond" truecount="2" falsecount="0"/>
        <line num="747" count="64" type="stmt"/>
        <line num="752" count="28" type="cond" truecount="2" falsecount="0"/>
        <line num="754" count="4" type="stmt"/>
        <line num="756" count="24" type="stmt"/>
        <line num="763" count="92" type="stmt"/>
        <line num="770" count="87" type="stmt"/>
        <line num="782" count="87" type="stmt"/>
        <line num="788" count="87" type="cond" truecount="2" falsecount="0"/>
        <line num="791" count="102" type="stmt"/>
        <line num="793" count="139" type="stmt"/>
        <line num="795" count="278" type="cond" truecount="1" falsecount="0"/>
        <line num="799" count="139" type="stmt"/>
        <line num="801" count="139" type="stmt"/>
        <line num="805" count="139" type="cond" truecount="2" falsecount="0"/>
        <line num="806" count="1" type="stmt"/>
        <line num="807" count="1" type="stmt"/>
        <line num="809" count="1" type="stmt"/>
        <line num="812" count="138" type="stmt"/>
        <line num="814" count="138" type="stmt"/>
        <line num="819" count="138" type="stmt"/>
        <line num="820" count="274" type="cond" truecount="1" falsecount="0"/>
        <line num="822" count="137" type="stmt"/>
        <line num="828" count="138" type="stmt"/>
        <line num="831" count="102" type="stmt"/>
        <line num="832" count="102" type="stmt"/>
        <line num="834" count="102" type="stmt"/>
        <line num="835" count="102" type="stmt"/>
        <line num="837" count="102" type="cond" truecount="1" falsecount="1"/>
        <line num="838" count="0" type="stmt"/>
        <line num="840" count="102" type="cond" truecount="2" falsecount="2"/>
        <line num="841" count="0" type="stmt"/>
        <line num="844" count="102" type="cond" truecount="2" falsecount="0"/>
        <line num="847" count="102" type="stmt"/>
        <line num="848" count="102" type="stmt"/>
        <line num="850" count="102" type="stmt"/>
        <line num="851" count="102" type="stmt"/>
        <line num="853" count="102" type="cond" truecount="1" falsecount="1"/>
        <line num="854" count="0" type="stmt"/>
        <line num="856" count="102" type="cond" truecount="2" falsecount="2"/>
        <line num="857" count="0" type="stmt"/>
        <line num="860" count="102" type="cond" truecount="2" falsecount="0"/>
        <line num="863" count="102" type="stmt"/>
        <line num="878" count="28" type="stmt"/>
        <line num="880" count="56" type="cond" truecount="1" falsecount="0"/>
        <line num="884" count="28" type="cond" truecount="2" falsecount="0"/>
        <line num="885" count="1" type="stmt"/>
        <line num="886" count="1" type="stmt"/>
        <line num="888" count="1" type="stmt"/>
        <line num="891" count="31" type="cond" truecount="2" falsecount="0"/>
        <line num="892" count="23" type="stmt"/>
        <line num="894" count="23" type="cond" truecount="2" falsecount="0"/>
        <line num="895" count="1" type="stmt"/>
        <line num="897" count="1" type="stmt"/>
        <line num="899" count="1" type="stmt"/>
        <line num="902" count="22" type="cond" truecount="2" falsecount="0"/>
        <line num="903" count="14" type="stmt"/>
        <line num="908" count="8" type="stmt"/>
        <line num="917" count="8" type="cond" truecount="4" falsecount="0"/>
        <line num="918" count="2" type="stmt"/>
        <line num="920" count="2" type="stmt"/>
        <line num="922" count="2" type="stmt"/>
        <line num="926" count="20" type="stmt"/>
        <line num="928" count="20" type="stmt"/>
        <line num="930" count="4" type="stmt"/>
        <line num="931" count="4" type="cond" truecount="1" falsecount="1"/>
        <line num="934" count="4" type="cond" truecount="2" falsecount="0"/>
        <line num="935" count="1" type="stmt"/>
        <line num="936" count="1" type="stmt"/>
        <line num="938" count="1" type="stmt"/>
        <line num="941" count="3" type="stmt"/>
        <line num="943" count="3" type="stmt"/>
        <line num="948" count="3" type="cond" truecount="2" falsecount="0"/>
        <line num="949" count="1" type="cond" truecount="1" falsecount="1"/>
        <line num="950" count="1" type="stmt"/>
        <line num="951" count="1" type="stmt"/>
        <line num="953" count="1" type="stmt"/>
        <line num="956" count="0" type="stmt"/>
        <line num="958" count="2" type="stmt"/>
        <line num="961" count="2" type="stmt"/>
        <line num="963" count="2" type="stmt"/>
        <line num="967" count="102" type="stmt"/>
        <line num="983" count="12" type="cond" truecount="2" falsecount="0"/>
        <line num="987" count="12" type="cond" truecount="4" falsecount="0"/>
        <line num="988" count="2" type="stmt"/>
        <line num="990" count="2" type="cond" truecount="2" falsecount="0"/>
        <line num="992" count="2" type="cond" truecount="1" falsecount="1"/>
        <line num="993" count="2" type="cond" truecount="1" falsecount="1"/>
        <line num="994" count="0" type="stmt"/>
        <line num="1000" count="2" type="stmt"/>
        <line num="1003" count="0" type="stmt"/>
        <line num="1004" count="0" type="stmt"/>
        <line num="1006" count="0" type="stmt"/>
        <line num="1010" count="10" type="cond" truecount="3" falsecount="1"/>
        <line num="1011" count="0" type="stmt"/>
        <line num="1012" count="0" type="stmt"/>
        <line num="1013" count="0" type="stmt"/>
        <line num="1016" count="10" type="cond" truecount="3" falsecount="1"/>
        <line num="1017" count="0" type="stmt"/>
        <line num="1018" count="0" type="stmt"/>
        <line num="1020" count="0" type="stmt"/>
        <line num="1023" count="10" type="cond" truecount="2" falsecount="0"/>
        <line num="1024" count="4" type="stmt"/>
        <line num="1029" count="6" type="stmt"/>
        <line num="1037" count="10" type="stmt"/>
        <line num="1040" count="10" type="stmt"/>
        <line num="1041" count="20" type="cond" truecount="1" falsecount="0"/>
        <line num="1043" count="10" type="stmt"/>
        <line num="1045" count="0" type="stmt"/>
        <line num="1049" count="10" type="stmt"/>
        <line num="1050" count="10" type="cond" truecount="1" falsecount="1"/>
        <line num="1051" count="10" type="stmt"/>
        <line num="1057" count="102" type="cond" truecount="1" falsecount="1"/>
        <line num="1059" count="102" type="stmt"/>
        <line num="1060" count="102" type="stmt"/>
        <line num="1061" count="102" type="stmt"/>
        <line num="1062" count="102" type="stmt"/>
        <line num="1063" count="102" type="stmt"/>
        <line num="1064" count="102" type="stmt"/>
        <line num="1065" count="102" type="stmt"/>
        <line num="1066" count="102" type="stmt"/>
        <line num="1067" count="102" type="stmt"/>
        <line num="1070" count="102" type="stmt"/>
        <line num="1072" count="102" type="stmt"/>
        <line num="1073" count="102" type="stmt"/>
        <line num="1076" count="102" type="cond" truecount="3" falsecount="1"/>
        <line num="1080" count="102" type="stmt"/>
        <line num="1082" count="0" type="stmt"/>
        <line num="1083" count="0" type="stmt"/>
        <line num="1085" count="102" type="stmt"/>
        <line num="1086" count="102" type="stmt"/>
        <line num="1088" count="0" type="stmt"/>
        <line num="1089" count="0" type="stmt"/>
        <line num="1092" count="102" type="stmt"/>
        <line num="1097" count="102" type="stmt"/>
        <line num="1102" count="102" type="stmt"/>
        <line num="1107" count="102" type="stmt"/>
        <line num="1113" count="102" type="stmt"/>
        <line num="1116" count="102" type="stmt"/>
        <line num="1117" count="1" type="cond" truecount="1" falsecount="1"/>
        <line num="1118" count="0" type="stmt"/>
        <line num="1121" count="1" type="cond" truecount="2" falsecount="2"/>
        <line num="1122" count="0" type="stmt"/>
        <line num="1125" count="2" type="stmt"/>
        <line num="1127" count="1" type="cond" truecount="1" falsecount="1"/>
        <line num="1128" count="0" type="stmt"/>
        <line num="1131" count="1" type="stmt"/>
        <line num="1132" count="1" type="stmt"/>
        <line num="1133" count="1" type="stmt"/>
        <line num="1134" count="1" type="stmt"/>
        <line num="1137" count="102" type="stmt"/>
        <line num="1138" count="0" type="cond" truecount="0" falsecount="2"/>
        <line num="1139" count="0" type="stmt"/>
        <line num="1142" count="0" type="cond" truecount="0" falsecount="4"/>
        <line num="1143" count="0" type="stmt"/>
        <line num="1146" count="0" type="cond" truecount="0" falsecount="2"/>
        <line num="1147" count="0" type="stmt"/>
        <line num="1150" count="0" type="stmt"/>
        <line num="1151" count="0" type="stmt"/>
        <line num="1154" count="102" type="stmt"/>
        <line num="1159" count="92" type="cond" truecount="2" falsecount="0"/>
        <line num="1161" count="92" type="cond" truecount="5" falsecount="0"/>
        <line num="1162" count="76" type="stmt"/>
        <line num="1165" count="16" type="cond" truecount="4" falsecount="0"/>
        <line num="1166" count="1" type="stmt"/>
        <line num="1169" count="15" type="cond" truecount="2" falsecount="0"/>
        <line num="1170" count="10" type="cond" truecount="2" falsecount="0"/>
        <line num="1171" count="1" type="stmt"/>
        <line num="1174" count="9" type="cond" truecount="2" falsecount="0"/>
        <line num="1175" count="1" type="stmt"/>
        <line num="1179" count="13" type="cond" truecount="2" falsecount="0"/>
        <line num="1180" count="10" type="cond" truecount="2" falsecount="0"/>
        <line num="1181" count="1" type="stmt"/>
        <line num="1184" count="9" type="cond" truecount="2" falsecount="0"/>
        <line num="1185" count="1" type="stmt"/>
        <line num="1189" count="11" type="cond" truecount="2" falsecount="0"/>
        <line num="1190" count="7" type="stmt"/>
        <line num="1196" count="11" type="stmt"/>
        <line num="1203" count="102" type="stmt"/>
        <line num="1206" count="0" type="cond" truecount="0" falsecount="4"/>
        <line num="1207" count="0" type="stmt"/>
        <line num="1210" count="0" type="stmt"/>
        <line num="1213" count="0" type="stmt"/>
        <line num="1215" count="0" type="cond" truecount="0" falsecount="1"/>
        <line num="1216" count="0" type="stmt"/>
        <line num="1220" count="0" type="stmt"/>
        <line num="1221" count="0" type="cond" truecount="0" falsecount="2"/>
        <line num="1222" count="0" type="stmt"/>
        <line num="1225" count="0" type="stmt"/>
        <line num="1230" count="0" type="stmt"/>
        <line num="1235" count="0" type="stmt"/>
        <line num="1238" count="102" type="stmt"/>
        <line num="1242" count="0" type="stmt"/>
        <line num="1243" count="0" type="stmt"/>
        <line num="1248" count="0" type="stmt"/>
        <line num="1249" count="0" type="stmt"/>
        <line num="1253" count="102" type="stmt"/>
        <line num="1257" count="0" type="stmt"/>
        <line num="1258" count="0" type="stmt"/>
        <line num="1260" count="0" type="cond" truecount="0" falsecount="2"/>
        <line num="1261" count="0" type="stmt"/>
        <line num="1263" count="0" type="stmt"/>
        <line num="1267" count="102" type="stmt"/>
        <line num="1270" count="0" type="stmt"/>
        <line num="1271" count="0" type="cond" truecount="0" falsecount="2"/>
        <line num="1272" count="0" type="stmt"/>
        <line num="1273" count="0" type="stmt"/>
        <line num="1277" count="0" type="stmt"/>
        <line num="1280" count="0" type="cond" truecount="0" falsecount="2"/>
        <line num="1281" count="0" type="stmt"/>
        <line num="1284" count="0" type="stmt"/>
        <line num="1289" count="102" type="stmt"/>
        <line num="1290" count="102" type="stmt"/>
        <line num="1291" count="102" type="stmt"/>
        <line num="1293" count="102" type="cond" truecount="1" falsecount="1"/>
        <line num="1294" count="0" type="stmt"/>
        <line num="1296" count="0" type="stmt"/>
        <line num="1297" count="0" type="stmt"/>
        <line num="1299" count="0" type="stmt"/>
        <line num="1302" count="0" type="stmt"/>
        <line num="1305" count="102" type="stmt"/>
        <line num="1307" count="102" type="stmt"/>
        <line num="1308" count="102" type="stmt"/>
        <line num="1310" count="102" type="stmt"/>
      </file>
    </package>
    <package name="src.predicates">
      <metrics statements="80" coveredstatements="67" conditionals="28" coveredconditionals="20" methods="20" coveredmethods="19"/>
      <file name="index.ts" path="C:\Users\Pawel\Documents\Programowanie\PROTON\amplify-js\packages\datastore\src\predicates\index.ts">
        <metrics statements="53" coveredstatements="43" conditionals="16" coveredconditionals="11" methods="13" coveredmethods="12"/>
        <line num="11" count="113" type="stmt"/>
        <line num="13" count="113" type="stmt"/>
        <line num="15" count="113" type="stmt"/>
        <line num="17" count="113" type="stmt"/>
        <line num="20" count="28" type="stmt"/>
        <line num="24" count="113" type="stmt"/>
        <line num="26" count="113" type="stmt"/>
        <line num="27" count="113" type="stmt"/>
        <line num="28" count="6" type="stmt"/>
        <line num="30" count="6" type="stmt"/>
        <line num="32" count="6" type="stmt"/>
        <line num="34" count="113" type="stmt"/>
        <line num="36" count="113" type="stmt"/>
        <line num="37" count="113" type="stmt"/>
        <line num="42" count="113" type="stmt"/>
        <line num="45" count="299" type="stmt"/>
        <line num="46" count="299" type="stmt"/>
        <line num="49" count="299" type="stmt"/>
        <line num="57" count="302" type="stmt"/>
        <line num="59" count="302" type="stmt"/>
        <line num="63" count="0" type="stmt"/>
        <line num="66" count="0" type="stmt"/>
        <line num="72" count="0" type="stmt"/>
        <line num="78" count="0" type="stmt"/>
        <line num="84" count="0" type="stmt"/>
        <line num="87" count="0" type="stmt"/>
        <line num="91" count="0" type="stmt"/>
        <line num="94" count="0" type="stmt"/>
        <line num="96" count="302" type="stmt"/>
        <line num="99" count="302" type="stmt"/>
        <line num="101" count="302" type="cond" truecount="1" falsecount="1"/>
        <line num="102" count="0" type="stmt"/>
        <line num="107" count="302" type="stmt"/>
        <line num="111" count="302" type="stmt"/>
        <line num="114" count="302" type="stmt"/>
        <line num="116" count="302" type="stmt"/>
        <line num="121" count="299" type="stmt"/>
        <line num="125" count="299" type="stmt"/>
        <line num="127" count="299" type="stmt"/>
        <line num="130" count="113" type="stmt"/>
        <line num="133" count="276" type="stmt"/>
        <line num="136" count="113" type="stmt"/>
        <line num="138" count="805" type="cond" truecount="2" falsecount="0"/>
        <line num="140" count="535" type="cond" truecount="3" falsecount="1"/>
        <line num="141" count="0" type="stmt"/>
        <line num="144" count="535" type="stmt"/>
        <line num="148" count="113" type="stmt"/>
        <line num="152" count="233" type="cond" truecount="4" falsecount="0"/>
        <line num="153" count="156" type="stmt"/>
        <line num="156" count="77" type="stmt"/>
        <line num="161" count="113" type="stmt"/>
        <line num="165" count="222" type="stmt"/>
        <line num="170" count="113" type="stmt"/>
      </file>
      <file name="sort.ts" path="C:\Users\Pawel\Documents\Programowanie\PROTON\amplify-js\packages\datastore\src\predicates\sort.ts">
        <metrics statements="27" coveredstatements="24" conditionals="12" coveredconditionals="9" methods="7" coveredmethods="7"/>
        <line num="10" count="113" type="stmt"/>
        <line num="11" count="113" type="stmt"/>
        <line num="16" count="113" type="stmt"/>
        <line num="19" count="7" type="stmt"/>
        <line num="20" count="7" type="stmt"/>
        <line num="23" count="7" type="stmt"/>
        <line num="27" count="11" type="stmt"/>
        <line num="29" count="11" type="cond" truecount="1" falsecount="1"/>
        <line num="30" count="0" type="stmt"/>
        <line num="35" count="11" type="stmt"/>
        <line num="36" count="11" type="stmt"/>
        <line num="40" count="11" type="stmt"/>
        <line num="42" count="11" type="stmt"/>
        <line num="47" count="7" type="stmt"/>
        <line num="49" count="7" type="stmt"/>
        <line num="52" count="113" type="stmt"/>
        <line num="55" count="7" type="stmt"/>
        <line num="58" count="113" type="stmt"/>
        <line num="60" count="101" type="cond" truecount="2" falsecount="0"/>
        <line num="62" count="94" type="cond" truecount="1" falsecount="1"/>
        <line num="66" count="0" type="stmt"/>
        <line num="69" count="94" type="stmt"/>
        <line num="73" count="113" type="stmt"/>
        <line num="77" count="7" type="cond" truecount="3" falsecount="1"/>
        <line num="78" count="0" type="stmt"/>
        <line num="81" count="7" type="stmt"/>
        <line num="85" count="113" type="stmt"/>
      </file>
    </package>
    <package name="src.storage">
      <metrics statements="144" coveredstatements="121" conditionals="57" coveredconditionals="40" methods="38" coveredmethods="28"/>
      <file name="storage.ts" path="C:\Users\Pawel\Documents\Programowanie\PROTON\amplify-js\packages\datastore\src\storage\storage.ts">
        <metrics statements="144" coveredstatements="121" conditionals="57" coveredconditionals="40" methods="38" coveredmethods="28"/>
        <line num="1" count="34" type="stmt"/>
        <line num="3" count="34" type="stmt"/>
        <line num="6" count="34" type="stmt"/>
        <line num="7" count="34" type="stmt"/>
        <line num="22" count="34" type="stmt"/>
        <line num="29" count="34" type="stmt"/>
        <line num="40" count="34" type="stmt"/>
        <line num="41" count="34" type="stmt"/>
        <line num="50" count="35" type="stmt"/>
        <line num="51" count="35" type="stmt"/>
        <line num="52" count="35" type="stmt"/>
        <line num="56" count="35" type="stmt"/>
        <line num="57" count="35" type="stmt"/>
        <line num="58" count="35" type="stmt"/>
        <line num="60" count="35" type="stmt"/>
        <line num="61" count="35" type="stmt"/>
        <line num="64" count="34" type="stmt"/>
        <line num="65" count="34" type="stmt"/>
        <line num="73" count="34" type="stmt"/>
        <line num="76" count="34" type="stmt"/>
        <line num="77" count="537" type="cond" truecount="2" falsecount="0"/>
        <line num="78" count="934" type="stmt"/>
        <line num="79" count="467" type="stmt"/>
        <line num="81" count="35" type="stmt"/>
        <line num="86" count="35" type="stmt"/>
        <line num="87" count="35" type="stmt"/>
        <line num="88" count="35" type="stmt"/>
        <line num="91" count="35" type="stmt"/>
        <line num="101" count="70" type="stmt"/>
        <line num="104" count="34" type="stmt"/>
        <line num="110" count="320" type="cond" truecount="1" falsecount="0"/>
        <line num="112" count="160" type="stmt"/>
        <line num="114" count="160" type="stmt"/>
        <line num="115" count="193" type="stmt"/>
        <line num="118" count="193" type="stmt"/>
        <line num="123" count="193" type="cond" truecount="4" falsecount="0"/>
        <line num="124" count="32" type="stmt"/>
        <line num="131" count="32" type="cond" truecount="2" falsecount="0"/>
        <line num="132" count="20" type="stmt"/>
        <line num="136" count="173" type="cond" truecount="2" falsecount="0"/>
        <line num="138" count="173" type="stmt"/>
        <line num="142" count="173" type="stmt"/>
        <line num="151" count="160" type="stmt"/>
        <line num="164" count="34" type="stmt"/>
        <line num="169" count="58" type="cond" truecount="1" falsecount="0"/>
        <line num="174" count="29" type="stmt"/>
        <line num="179" count="50" type="stmt"/>
        <line num="181" count="29" type="cond" truecount="1" falsecount="1"/>
        <line num="185" count="0" type="stmt"/>
        <line num="188" count="29" type="stmt"/>
        <line num="189" count="80" type="stmt"/>
        <line num="194" count="80" type="cond" truecount="2" falsecount="0"/>
        <line num="195" count="5" type="stmt"/>
        <line num="200" count="80" type="stmt"/>
        <line num="209" count="29" type="stmt"/>
        <line num="212" count="34" type="stmt"/>
        <line num="217" count="522" type="cond" truecount="2" falsecount="0"/>
        <line num="219" count="261" type="stmt"/>
        <line num="222" count="34" type="stmt"/>
        <line num="224" count="14" type="cond" truecount="1" falsecount="1"/>
        <line num="226" count="28" type="cond" truecount="1" falsecount="0"/>
        <line num="228" count="14" type="stmt"/>
        <line num="229" count="14" type="stmt"/>
        <line num="232" count="34" type="stmt"/>
        <line num="237" count="0" type="stmt"/>
        <line num="238" count="0" type="cond" truecount="0" falsecount="2"/>
        <line num="240" count="0" type="stmt"/>
        <line num="242" count="0" type="stmt"/>
        <line num="243" count="0" type="stmt"/>
        <line num="244" count="0" type="cond" truecount="0" falsecount="2"/>
        <line num="247" count="0" type="stmt"/>
        <line num="250" count="0" type="cond" truecount="0" falsecount="2"/>
        <line num="251" count="0" type="stmt"/>
        <line num="252" count="0" type="cond" truecount="0" falsecount="2"/>
        <line num="253" count="0" type="stmt"/>
        <line num="256" count="0" type="cond" truecount="0" falsecount="2"/>
        <line num="257" count="0" type="stmt"/>
        <line num="260" count="0" type="stmt"/>
        <line num="264" count="0" type="stmt"/>
        <line num="267" count="34" type="cond" truecount="1" falsecount="1"/>
        <line num="268" count="1" type="stmt"/>
        <line num="270" count="2" type="stmt"/>
        <line num="272" count="1" type="cond" truecount="1" falsecount="1"/>
        <line num="273" count="1" type="stmt"/>
        <line num="277" count="34" type="stmt"/>
        <line num="282" count="6" type="cond" truecount="1" falsecount="0"/>
        <line num="284" count="3" type="stmt"/>
        <line num="286" count="3" type="stmt"/>
        <line num="287" count="2" type="stmt"/>
        <line num="296" count="3" type="stmt"/>
        <line num="300" count="34" type="stmt"/>
        <line num="305" count="32" type="cond" truecount="2" falsecount="0"/>
        <line num="306" count="32" type="cond" truecount="2" falsecount="0"/>
        <line num="307" count="19" type="stmt"/>
        <line num="310" count="13" type="stmt"/>
        <line num="311" count="13" type="stmt"/>
        <line num="314" count="15" type="cond" truecount="2" falsecount="0"/>
        <line num="318" count="13" type="stmt"/>
        <line num="320" count="13" type="stmt"/>
        <line num="321" count="13" type="stmt"/>
        <line num="325" count="13" type="stmt"/>
        <line num="326" count="15" type="stmt"/>
        <line num="331" count="15" type="cond" truecount="2" falsecount="0"/>
        <line num="334" count="15" type="cond" truecount="2" falsecount="0"/>
        <line num="335" count="12" type="stmt"/>
        <line num="339" count="13" type="cond" truecount="2" falsecount="0"/>
        <line num="340" count="1" type="stmt"/>
        <line num="343" count="12" type="stmt"/>
        <line num="347" count="12" type="stmt"/>
        <line num="355" count="34" type="stmt"/>
        <line num="357" count="34" type="stmt"/>
        <line num="359" count="35" type="stmt"/>
        <line num="371" count="35" type="stmt"/>
        <line num="381" count="34" type="stmt"/>
        <line num="382" count="282" type="stmt"/>
        <line num="385" count="34" type="stmt"/>
        <line num="391" count="0" type="stmt"/>
        <line num="392" count="0" type="stmt"/>
        <line num="406" count="34" type="stmt"/>
        <line num="411" count="22" type="stmt"/>
        <line num="412" count="22" type="cond" truecount="2" falsecount="0"/>
        <line num="413" count="20" type="stmt"/>
        <line num="415" count="20" type="stmt"/>
        <line num="417" count="2" type="stmt"/>
        <line num="419" count="2" type="stmt"/>
        <line num="424" count="34" type="stmt"/>
        <line num="429" count="77" type="stmt"/>
        <line num="430" count="77" type="stmt"/>
        <line num="434" count="34" type="stmt"/>
        <line num="436" count="0" type="cond" truecount="0" falsecount="2"/>
        <line num="438" count="0" type="stmt"/>
        <line num="439" count="0" type="stmt"/>
        <line num="443" count="34" type="stmt"/>
        <line num="444" count="34" type="stmt"/>
        <line num="447" count="34" type="stmt"/>
        <line num="452" count="0" type="stmt"/>
        <line num="455" count="34" type="stmt"/>
        <line num="456" count="2" type="cond" truecount="1" falsecount="0"/>
        <line num="459" count="34" type="stmt"/>
        <line num="463" count="0" type="stmt"/>
        <line num="466" count="34" type="stmt"/>
        <line num="467" count="35" type="stmt"/>
        <line num="469" count="34" type="stmt"/>
        <line num="471" count="34" type="stmt"/>
      </file>
    </package>
    <package name="src.storage.adapter">
      <metrics statements="761" coveredstatements="635" conditionals="360" coveredconditionals="268" methods="120" coveredmethods="107"/>
      <file name="AsyncStorageAdapter.ts" path="C:\Users\Pawel\Documents\Programowanie\PROTON\amplify-js\packages\datastore\src\storage\adapter\AsyncStorageAdapter.ts">
        <metrics statements="242" coveredstatements="199" conditionals="115" coveredconditionals="89" methods="33" coveredmethods="29"/>
        <line num="1" count="19" type="stmt"/>
        <line num="2" count="19" type="stmt"/>
        <line num="5" count="19" type="stmt"/>
        <line num="9" count="19" type="stmt"/>
        <line num="24" count="19" type="stmt"/>
        <line num="34" count="19" type="stmt"/>
        <line num="36" count="19" type="stmt"/>
        <line num="49" count="19" type="stmt"/>
        <line num="52" count="173" type="stmt"/>
        <line num="53" count="173" type="stmt"/>
        <line num="55" count="173" type="stmt"/>
        <line num="58" count="19" type="stmt"/>
        <line num="59" count="682" type="stmt"/>
        <line num="61" count="682" type="stmt"/>
        <line num="64" count="19" type="stmt"/>
        <line num="73" count="19" type="cond" truecount="1" falsecount="1"/>
        <line num="74" count="19" type="stmt"/>
        <line num="75" count="19" type="stmt"/>
        <line num="76" count="19" type="stmt"/>
        <line num="79" count="0" type="cond" truecount="0" falsecount="1"/>
        <line num="80" count="0" type="stmt"/>
        <line num="82" count="19" type="stmt"/>
        <line num="83" count="19" type="stmt"/>
        <line num="84" count="19" type="stmt"/>
        <line num="85" count="19" type="stmt"/>
        <line num="87" count="19" type="cond" truecount="1" falsecount="1"/>
        <line num="88" count="19" type="stmt"/>
        <line num="89" count="38" type="stmt"/>
        <line num="90" count="19" type="stmt"/>
        <line num="93" count="0" type="stmt"/>
        <line num="97" count="19" type="stmt"/>
        <line num="101" count="54" type="stmt"/>
        <line num="103" count="54" type="stmt"/>
        <line num="104" count="54" type="stmt"/>
        <line num="111" count="54" type="stmt"/>
        <line num="112" count="54" type="stmt"/>
        <line num="113" count="54" type="stmt"/>
        <line num="114" count="83" type="stmt"/>
        <line num="115" count="83" type="stmt"/>
        <line num="116" count="83" type="stmt"/>
        <line num="117" count="83" type="stmt"/>
        <line num="120" count="54" type="stmt"/>
        <line num="122" count="54" type="cond" truecount="2" falsecount="2"/>
        <line num="123" count="0" type="stmt"/>
        <line num="124" count="0" type="stmt"/>
        <line num="126" count="0" type="stmt"/>
        <line num="128" count="0" type="cond" truecount="0" falsecount="2"/>
        <line num="129" count="0" type="stmt"/>
        <line num="130" count="0" type="stmt"/>
        <line num="132" count="0" type="stmt"/>
        <line num="136" count="54" type="stmt"/>
        <line num="138" count="83" type="stmt"/>
        <line num="139" count="83" type="stmt"/>
        <line num="140" count="83" type="stmt"/>
        <line num="142" count="83" type="stmt"/>
        <line num="143" count="83" type="cond" truecount="2" falsecount="0"/>
        <line num="145" count="97" type="cond" truecount="4" falsecount="0"/>
        <line num="146" count="138" type="stmt"/>
        <line num="148" count="69" type="stmt"/>
        <line num="152" count="54" type="cond" truecount="1" falsecount="0"/>
        <line num="155" count="19" type="stmt"/>
        <line num="160" count="118" type="stmt"/>
        <line num="161" count="118" type="stmt"/>
        <line num="162" count="145" type="stmt"/>
        <line num="163" count="145" type="stmt"/>
        <line num="165" count="118" type="stmt"/>
        <line num="170" count="118" type="cond" truecount="2" falsecount="0"/>
        <line num="171" count="43" type="stmt"/>
        <line num="172" count="50" type="stmt"/>
        <line num="176" count="145" type="stmt"/>
        <line num="177" count="145" type="stmt"/>
        <line num="178" count="145" type="stmt"/>
        <line num="179" count="145" type="stmt"/>
        <line num="184" count="145" type="stmt"/>
        <line num="185" count="14" type="cond" truecount="3" falsecount="0"/>
        <line num="186" count="14" type="stmt"/>
        <line num="187" count="22" type="cond" truecount="1" falsecount="1"/>
        <line num="188" count="0" type="stmt"/>
        <line num="193" count="0" type="stmt"/>
        <line num="199" count="14" type="cond" truecount="3" falsecount="0"/>
        <line num="200" count="74" type="stmt"/>
        <line num="201" count="74" type="stmt"/>
        <line num="202" count="86" type="cond" truecount="2" falsecount="0"/>
        <line num="203" count="52" type="stmt"/>
        <line num="208" count="52" type="stmt"/>
        <line num="211" count="52" type="stmt"/>
        <line num="215" count="74" type="stmt"/>
        <line num="216" count="57" type="stmt"/>
        <line num="218" count="57" type="stmt"/>
        <line num="220" count="0" type="stmt"/>
        <line num="221" count="0" type="stmt"/>
        <line num="225" count="75" type="stmt"/>
        <line num="226" count="70" type="stmt"/>
        <line num="230" count="19" type="stmt"/>
        <line num="235" count="118" type="stmt"/>
        <line num="236" count="118" type="stmt"/>
        <line num="238" count="118" type="stmt"/>
        <line num="240" count="118" type="cond" truecount="2" falsecount="0"/>
        <line num="241" count="118" type="cond" truecount="2" falsecount="0"/>
        <line num="242" count="118" type="cond" truecount="2" falsecount="0"/>
        <line num="244" count="118" type="stmt"/>
        <line num="245" count="151" type="cond" truecount="2" falsecount="0"/>
        <line num="246" count="85" type="stmt"/>
        <line num="247" count="85" type="cond" truecount="2" falsecount="0"/>
        <line num="250" count="41" type="cond" truecount="2" falsecount="0"/>
        <line num="251" count="25" type="stmt"/>
        <line num="252" count="25" type="stmt"/>
        <line num="255" count="13" type="cond" truecount="4" falsecount="0"/>
        <line num="256" count="3" type="stmt"/>
        <line num="257" count="3" type="stmt"/>
        <line num="260" count="5" type="cond" truecount="1" falsecount="0"/>
        <line num="263" count="118" type="cond" truecount="1" falsecount="0"/>
        <line num="266" count="19" type="stmt"/>
        <line num="270" count="85" type="cond" truecount="1" falsecount="0"/>
        <line num="271" count="85" type="stmt"/>
        <line num="274" count="19" type="stmt"/>
        <line num="277" count="33" type="cond" truecount="2" falsecount="0"/>
        <line num="280" count="19" type="stmt"/>
        <line num="283" count="110" type="stmt"/>
        <line num="285" count="110" type="cond" truecount="2" falsecount="0"/>
        <line num="287" count="108" type="cond" truecount="3" falsecount="0"/>
        <line num="290" count="110" type="cond" truecount="2" falsecount="0"/>
        <line num="293" count="19" type="stmt"/>
        <line num="297" count="25" type="stmt"/>
        <line num="299" count="25" type="stmt"/>
        <line num="301" count="25" type="stmt"/>
        <line num="302" count="40" type="cond" truecount="1" falsecount="1"/>
        <line num="305" count="25" type="stmt"/>
        <line num="308" count="19" type="stmt"/>
        <line num="312" count="28" type="cond" truecount="4" falsecount="0"/>
        <line num="313" count="5" type="cond" truecount="2" falsecount="0"/>
        <line num="314" count="4" type="stmt"/>
        <line num="318" count="4" type="cond" truecount="1" falsecount="1"/>
        <line num="319" count="4" type="stmt"/>
        <line num="320" count="4" type="stmt"/>
        <line num="323" count="10" type="cond" truecount="4" falsecount="0"/>
        <line num="324" count="5" type="cond" truecount="2" falsecount="0"/>
        <line num="326" count="5" type="cond" truecount="2" falsecount="0"/>
        <line num="328" count="5" type="stmt"/>
        <line num="330" count="23" type="stmt"/>
        <line num="333" count="19" type="stmt"/>
        <line num="335" count="0" type="cond" truecount="0" falsecount="2"/>
        <line num="337" count="0" type="stmt"/>
        <line num="338" count="0" type="stmt"/>
        <line num="339" count="0" type="cond" truecount="0" falsecount="2"/>
        <line num="342" count="19" type="stmt"/>
        <line num="346" count="11" type="stmt"/>
        <line num="348" count="12" type="cond" truecount="2" falsecount="0"/>
        <line num="349" count="10" type="stmt"/>
        <line num="350" count="10" type="stmt"/>
        <line num="353" count="10" type="stmt"/>
        <line num="355" count="10" type="stmt"/>
        <line num="359" count="10" type="cond" truecount="1" falsecount="1"/>
        <line num="360" count="20" type="stmt"/>
        <line num="368" count="20" type="stmt"/>
        <line num="370" count="10" type="stmt"/>
        <line num="371" count="41" type="stmt"/>
        <line num="374" count="10" type="stmt"/>
        <line num="376" count="0" type="cond" truecount="0" falsecount="2"/>
        <line num="384" count="0" type="stmt"/>
        <line num="386" count="0" type="stmt"/>
        <line num="387" count="0" type="stmt"/>
        <line num="391" count="0" type="stmt"/>
        <line num="394" count="1" type="stmt"/>
        <line num="396" count="1" type="stmt"/>
        <line num="398" count="1" type="stmt"/>
        <line num="400" count="1" type="stmt"/>
        <line num="401" count="1" type="cond" truecount="1" falsecount="1"/>
        <line num="402" count="1" type="stmt"/>
        <line num="404" count="1" type="cond" truecount="1" falsecount="1"/>
        <line num="405" count="1" type="stmt"/>
        <line num="406" count="1" type="stmt"/>
        <line num="408" count="1" type="stmt"/>
        <line num="411" count="0" type="stmt"/>
        <line num="412" count="0" type="stmt"/>
        <line num="414" count="0" type="stmt"/>
        <line num="415" count="0" type="cond" truecount="0" falsecount="2"/>
        <line num="416" count="0" type="stmt"/>
        <line num="417" count="0" type="stmt"/>
        <line num="419" count="0" type="stmt"/>
        <line num="422" count="0" type="stmt"/>
        <line num="425" count="0" type="stmt"/>
        <line num="433" count="0" type="stmt"/>
        <line num="437" count="0" type="stmt"/>
        <line num="446" count="0" type="stmt"/>
        <line num="448" count="0" type="stmt"/>
        <line num="449" count="0" type="stmt"/>
        <line num="453" count="0" type="stmt"/>
        <line num="457" count="19" type="stmt"/>
        <line num="460" count="41" type="stmt"/>
        <line num="461" count="41" type="stmt"/>
        <line num="463" count="41" type="stmt"/>
        <line num="464" count="31" type="cond" truecount="1" falsecount="1"/>
        <line num="465" count="31" type="cond" truecount="1" falsecount="1"/>
        <line num="466" count="31" type="stmt"/>
        <line num="467" count="62" type="stmt"/>
        <line num="481" count="19" type="stmt"/>
        <line num="488" count="92" type="stmt"/>
        <line num="489" count="92" type="stmt"/>
        <line num="490" count="92" type="stmt"/>
        <line num="492" count="92" type="stmt"/>
        <line num="506" count="92" type="stmt"/>
        <line num="507" count="3" type="cond" truecount="3" falsecount="0"/>
        <line num="508" count="3" type="stmt"/>
        <line num="509" count="3" type="cond" truecount="2" falsecount="0"/>
        <line num="511" count="3" type="stmt"/>
        <line num="512" count="3" type="cond" truecount="2" falsecount="0"/>
        <line num="514" count="3" type="stmt"/>
        <line num="515" count="3" type="stmt"/>
        <line num="516" count="14" type="stmt"/>
        <line num="519" count="6" type="stmt"/>
        <line num="528" count="3" type="cond" truecount="2" falsecount="0"/>
        <line num="529" count="31" type="stmt"/>
        <line num="530" count="31" type="stmt"/>
        <line num="531" count="28" type="stmt"/>
        <line num="532" count="28" type="stmt"/>
        <line num="533" count="40" type="stmt"/>
        <line num="536" count="56" type="stmt"/>
        <line num="545" count="31" type="stmt"/>
        <line num="546" count="58" type="stmt"/>
        <line num="548" count="58" type="stmt"/>
        <line num="550" count="0" type="stmt"/>
        <line num="551" count="0" type="stmt"/>
        <line num="555" count="41" type="stmt"/>
        <line num="558" count="31" type="stmt"/>
        <line num="566" count="19" type="stmt"/>
        <line num="567" count="0" type="cond" truecount="0" falsecount="1"/>
        <line num="569" count="0" type="stmt"/>
        <line num="570" count="0" type="stmt"/>
        <line num="573" count="19" type="stmt"/>
        <line num="577" count="3" type="stmt"/>
        <line num="578" count="3" type="stmt"/>
        <line num="579" count="3" type="stmt"/>
        <line num="581" count="3" type="stmt"/>
        <line num="583" count="6" type="stmt"/>
        <line num="584" count="3" type="stmt"/>
        <line num="586" count="3" type="stmt"/>
        <line num="594" count="3" type="stmt"/>
        <line num="598" count="3" type="stmt"/>
        <line num="601" count="3" type="cond" truecount="1" falsecount="0"/>
        <line num="603" count="19" type="stmt"/>
        <line num="605" count="19" type="stmt"/>
      </file>
      <file name="AsyncStorageDatabase.ts" path="C:\Users\Pawel\Documents\Programowanie\PROTON\amplify-js\packages\datastore\src\storage\adapter\AsyncStorageDatabase.ts">
        <metrics statements="154" coveredstatements="133" conditionals="67" coveredconditionals="44" methods="28" coveredmethods="22"/>
        <line num="2" count="19" type="stmt"/>
        <line num="9" count="19" type="stmt"/>
        <line num="10" count="19" type="stmt"/>
        <line num="12" count="19" type="stmt"/>
        <line num="13" count="19" type="stmt"/>
        <line num="14" count="19" type="stmt"/>
        <line num="16" count="19" type="stmt"/>
        <line num="18" count="19" type="stmt"/>
        <line num="22" count="19" type="stmt"/>
        <line num="24" count="19" type="stmt"/>
        <line num="26" count="19" type="stmt"/>
        <line num="27" count="776" type="cond" truecount="2" falsecount="0"/>
        <line num="28" count="90" type="stmt"/>
        <line num="31" count="776" type="stmt"/>
        <line num="34" count="19" type="stmt"/>
        <line num="35" count="72" type="cond" truecount="2" falsecount="0"/>
        <line num="36" count="39" type="stmt"/>
[...]
        <line num="394" count="0" type="stmt"/>
        <line num="397" count="0" type="cond" truecount="0" falsecount="2"/>
        <line num="411" count="102" type="stmt"/>
        <line num="418" count="1" type="stmt"/>
        <line num="420" count="1" type="stmt"/>
        <line num="422" count="1" type="stmt"/>
        <line num="426" count="1" type="stmt"/>
        <line num="429" count="1" type="stmt"/>
        <line num="432" count="7" type="stmt"/>
        <line num="434" count="7" type="cond" truecount="1" falsecount="1"/>
        <line num="436" count="0" type="cond" truecount="0" falsecount="2"/>
        <line num="440" count="0" type="stmt"/>
        <line num="444" count="0" type="stmt"/>
        <line num="447" count="7" type="cond" truecount="1" falsecount="1"/>
        <line num="449" count="0" type="stmt"/>
        <line num="453" count="7" type="stmt"/>
        <line num="455" count="7" type="stmt"/>
        <line num="456" count="7" type="stmt"/>
        <line num="457" count="7" type="stmt"/>
        <line num="459" count="7" type="cond" truecount="1" falsecount="1"/>
        <line num="463" count="0" type="stmt"/>
        <line num="464" count="0" type="stmt"/>
        <line num="467" count="7" type="stmt"/>
        <line num="469" count="7" type="stmt"/>
        <line num="470" count="7" type="stmt"/>
        <line num="471" count="7" type="stmt"/>
        <line num="475" count="1" type="stmt"/>
        <line num="480" count="1" type="stmt"/>
        <line num="482" count="1" type="stmt"/>
        <line num="493" count="1" type="stmt"/>
        <line num="496" count="102" type="stmt"/>
        <line num="499" count="1" type="stmt"/>
        <line num="501" count="1" type="stmt"/>
        <line num="503" count="0" type="stmt"/>
        <line num="505" count="0" type="stmt"/>
        <line num="507" count="0" type="stmt"/>
        <line num="509" count="0" type="stmt"/>
        <line num="513" count="102" type="stmt"/>
        <line num="514" count="1" type="stmt"/>
        <line num="516" count="102" type="stmt"/>
        <line num="518" count="102" type="stmt"/>
      </file>
      <file name="subscription.ts" path="C:\Users\Pawel\Documents\Programowanie\PROTON\amplify-js\packages\datastore\src\sync\processors\subscription.ts">
        <metrics statements="184" coveredstatements="59" conditionals="97" coveredconditionals="41" methods="44" coveredmethods="13"/>
        <line num="1" count="102" type="stmt"/>
        <line num="2" count="102" type="stmt"/>
        <line num="3" count="102" type="stmt"/>
        <line num="4" count="102" type="stmt"/>
        <line num="5" count="102" type="stmt"/>
        <line num="6" count="102" type="stmt"/>
        <line num="16" count="102" type="stmt"/>
        <line num="23" count="102" type="stmt"/>
        <line num="24" count="102" type="stmt"/>
        <line num="26" count="102" type="stmt"/>
        <line num="28" count="102" type="cond" truecount="2" falsecount="0"/>
        <line num="29" count="102" type="stmt"/>
        <line num="32" count="102" type="cond" truecount="2" falsecount="0"/>
        <line num="33" count="102" type="stmt"/>
        <line num="34" count="102" type="stmt"/>
        <line num="35" count="102" type="stmt"/>
        <line num="45" count="102" type="stmt"/>
        <line num="46" count="0" type="stmt"/>
        <line num="50" count="0" type="stmt"/>
        <line num="58" count="0" type="stmt"/>
        <line num="59" count="0" type="stmt"/>
        <line num="60" count="0" type="cond" truecount="0" falsecount="2"/>
        <line num="61" count="0" type="stmt"/>
        <line num="64" count="102" type="stmt"/>
        <line num="81" count="0" type="stmt"/>
        <line num="82" count="0" type="cond" truecount="0" falsecount="2"/>
        <line num="92" count="0" type="stmt"/>
        <line num="99" count="0" type="stmt"/>
        <line num="102" count="102" type="stmt"/>
        <line num="106" count="21" type="cond" truecount="2" falsecount="0"/>
        <line num="107" count="31" type="cond" truecount="2" falsecount="0"/>
        <line num="110" count="16" type="stmt"/>
        <line num="114" count="16" type="cond" truecount="2" falsecount="0"/>
        <line num="116" count="4" type="cond" truecount="2" falsecount="0"/>
        <line num="119" count="16" type="cond" truecount="4" falsecount="0"/>
        <line num="120" count="1" type="stmt"/>
        <line num="127" count="15" type="stmt"/>
        <line num="129" count="17" type="cond" truecount="2" falsecount="0"/>
        <line num="134" count="15" type="cond" truecount="3" falsecount="0"/>
        <line num="138" count="4" type="stmt"/>
        <line num="142" count="4" type="stmt"/>
        <line num="147" count="4" type="stmt"/>
        <line num="148" count="4" type="stmt"/>
        <line num="152" count="15" type="cond" truecount="2" falsecount="0"/>
        <line num="153" count="4" type="stmt"/>
        <line num="163" count="11" type="stmt"/>
        <line num="166" count="7" type="cond" truecount="2" falsecount="0"/>
        <line num="171" count="11" type="stmt"/>
        <line num="172" count="6" type="stmt"/>
        <line num="174" count="6" type="cond" truecount="1" falsecount="1"/>
        <line num="175" count="6" type="stmt"/>
        <line num="184" count="11" type="cond" truecount="2" falsecount="0"/>
        <line num="185" count="6" type="stmt"/>
        <line num="192" count="5" type="stmt"/>
        <line num="194" count="1" type="cond" truecount="2" falsecount="0"/>
        <line num="198" count="5" type="stmt"/>
        <line num="199" count="1" type="stmt"/>
        <line num="201" count="1" type="cond" truecount="1" falsecount="1"/>
        <line num="202" count="1" type="stmt"/>
        <line num="211" count="5" type="cond" truecount="2" falsecount="0"/>
        <line num="212" count="1" type="stmt"/>
        <line num="216" count="4" type="stmt"/>
        <line num="222" count="102" type="stmt"/>
        <line num="224" count="0" type="stmt"/>
        <line num="227" count="0" type="cond" truecount="0" falsecount="2"/>
        <line num="228" count="0" type="stmt"/>
        <line num="232" count="102" type="stmt"/>
        <line num="236" count="0" type="stmt"/>
        <line num="237" count="0" type="stmt"/>
        <line num="247" count="0" type="stmt"/>
        <line num="250" count="0" type="stmt"/>
        <line num="251" count="0" type="stmt"/>
        <line num="255" count="0" type="stmt"/>
        <line num="256" count="0" type="stmt"/>
        <line num="266" count="0" type="stmt"/>
        <line num="267" count="0" type="stmt"/>
        <line num="276" count="0" type="stmt"/>
        <line num="277" count="0" type="cond" truecount="0" falsecount="5"/>
        <line num="278" count="0" type="stmt"/>
        <line num="281" count="0" type="stmt"/>
        <line num="283" count="0" type="stmt"/>
        <line num="284" count="0" type="cond" truecount="0" falsecount="2"/>
        <line num="285" count="0" type="stmt"/>
        <line num="287" count="0" type="cond" truecount="0" falsecount="1"/>
        <line num="288" count="0" type="cond" truecount="0" falsecount="2"/>
        <line num="289" count="0" type="stmt"/>
        <line num="293" count="0" type="cond" truecount="0" falsecount="2"/>
        <line num="294" count="0" type="stmt"/>
        <line num="295" count="0" type="stmt"/>
        <line num="300" count="0" type="stmt"/>
        <line num="304" count="0" type="stmt"/>
        <line num="305" count="0" type="stmt"/>
        <line num="306" count="0" type="stmt"/>
        <line num="307" count="0" type="stmt"/>
        <line num="308" count="0" type="cond" truecount="0" falsecount="1"/>
        <line num="317" count="0" type="stmt"/>
        <line num="319" count="0" type="stmt"/>
        <line num="328" count="0" type="stmt"/>
        <line num="334" count="0" type="stmt"/>
        <line num="341" count="0" type="stmt"/>
        <line num="342" count="0" type="stmt"/>
        <line num="343" count="0" type="stmt"/>
        <line num="344" count="0" type="stmt"/>
        <line num="345" count="0" type="stmt"/>
        <line num="346" count="0" type="stmt"/>
        <line num="347" count="0" type="stmt"/>
        <line num="348" count="0" type="stmt"/>
        <line num="349" count="0" type="stmt"/>
        <line num="360" count="0" type="stmt"/>
        <line num="362" count="0" type="cond" truecount="0" falsecount="2"/>
        <line num="363" count="0" type="cond" truecount="0" falsecount="2"/>
        <line num="364" count="0" type="stmt"/>
        <line num="367" count="0" type="stmt"/>
        <line num="370" count="0" type="stmt"/>
        <line num="373" count="0" type="stmt"/>
        <line num="383" count="0" type="stmt"/>
        <line num="386" count="0" type="stmt"/>
        <line num="390" count="0" type="stmt"/>
        <line num="392" count="0" type="stmt"/>
        <line num="393" count="0" type="cond" truecount="0" falsecount="4"/>
        <line num="398" count="0" type="stmt"/>
        <line num="400" count="0" type="stmt"/>
        <line num="406" count="0" type="stmt"/>
        <line num="407" count="0" type="stmt"/>
        <line num="410" count="0" type="stmt"/>
        <line num="415" count="0" type="stmt"/>
        <line num="421" count="0" type="cond" truecount="0" falsecount="2"/>
        <line num="427" count="0" type="stmt"/>
        <line num="433" count="0" type="stmt"/>
        <line num="437" count="0" type="cond" truecount="0" falsecount="4"/>
        <line num="442" count="0" type="cond" truecount="0" falsecount="2"/>
        <line num="449" count="0" type="stmt"/>
        <line num="451" count="0" type="stmt"/>
        <line num="452" count="0" type="stmt"/>
        <line num="456" count="0" type="stmt"/>
        <line num="457" count="0" type="cond" truecount="0" falsecount="2"/>
        <line num="461" count="0" type="stmt"/>
        <line num="468" count="0" type="stmt"/>
        <line num="469" count="0" type="stmt"/>
        <line num="471" count="0" type="stmt"/>
        <line num="482" count="0" type="stmt"/>
        <line num="483" count="0" type="stmt"/>
        <line num="487" count="0" type="stmt"/>
        <line num="489" count="0" type="cond" truecount="0" falsecount="2"/>
        <line num="490" count="0" type="stmt"/>
        <line num="493" count="0" type="cond" truecount="0" falsecount="2"/>
        <line num="497" count="0" type="stmt"/>
        <line num="500" count="0" type="stmt"/>
        <line num="505" count="0" type="stmt"/>
        <line num="506" count="0" type="stmt"/>
        <line num="509" count="0" type="cond" truecount="0" falsecount="1"/>
        <line num="510" count="0" type="stmt"/>
        <line num="511" count="0" type="stmt"/>
        <line num="515" count="0" type="stmt"/>
        <line num="517" count="0" type="stmt"/>
        <line num="522" count="0" type="stmt"/>
        <line num="526" count="0" type="stmt"/>
        <line num="529" count="0" type="stmt"/>
        <line num="530" count="0" type="stmt"/>
        <line num="531" count="0" type="stmt"/>
        <line num="533" count="0" type="stmt"/>
        <line num="534" count="0" type="stmt"/>
        <line num="536" count="0" type="stmt"/>
        <line num="537" count="0" type="stmt"/>
        <line num="539" count="0" type="stmt"/>
        <line num="544" count="0" type="stmt"/>
        <line num="547" count="0" type="stmt"/>
        <line num="548" count="0" type="stmt"/>
        <line num="550" count="0" type="stmt"/>
        <line num="551" count="0" type="stmt"/>
        <line num="555" count="0" type="stmt"/>
        <line num="558" count="102" type="stmt"/>
        <line num="562" count="0" type="cond" truecount="0" falsecount="2"/>
        <line num="563" count="0" type="stmt"/>
        <line num="566" count="0" type="stmt"/>
        <line num="568" count="0" type="stmt"/>
        <line num="571" count="102" type="stmt"/>
        <line num="576" count="0" type="stmt"/>
        <line num="579" count="102" type="stmt"/>
        <line num="580" count="0" type="cond" truecount="0" falsecount="2"/>
        <line num="581" count="0" type="stmt"/>
        <line num="582" count="0" type="stmt"/>
        <line num="585" count="102" type="stmt"/>
        <line num="587" count="102" type="stmt"/>
      </file>
      <file name="sync.ts" path="C:\Users\Pawel\Documents\Programowanie\PROTON\amplify-js\packages\datastore\src\sync\processors\sync.ts">
        <metrics statements="139" coveredstatements="55" conditionals="54" coveredconditionals="23" methods="26" coveredmethods="9"/>
        <line num="1" count="110" type="stmt"/>
        <line num="2" count="110" type="stmt"/>
        <line num="12" count="110" type="stmt"/>
        <line num="19" count="110" type="stmt"/>
        <line num="25" count="110" type="stmt"/>
        <line num="27" count="110" type="stmt"/>
        <line num="28" count="110" type="stmt"/>
        <line num="30" count="110" type="stmt"/>
        <line num="36" count="110" type="stmt"/>
        <line num="38" count="110" type="stmt"/>
        <line num="39" count="9" type="stmt"/>
        <line num="42" count="9" type="stmt"/>
        <line num="43" count="9" type="cond" truecount="1" falsecount="1"/>
        <line num="44" count="9" type="cond" truecount="1" falsecount="1"/>
        <line num="45" count="9" type="stmt"/>
        <line num="46" count="9" type="cond" truecount="1" falsecount="1"/>
        <line num="47" count="9" type="stmt"/>
        <line num="49" count="9" type="stmt"/>
        <line num="52" count="110" type="stmt"/>
        <line num="53" count="9" type="stmt"/>
        <line num="54" count="0" type="stmt"/>
        <line num="55" count="0" type="stmt"/>
        <line num="57" count="0" type="stmt"/>
        <line num="63" count="0" type="stmt"/>
        <line num="68" count="110" type="stmt"/>
        <line num="69" count="0" type="cond" truecount="0" falsecount="2"/>
        <line num="70" count="0" type="stmt"/>
        <line num="72" count="0" type="stmt"/>
        <line num="77" count="0" type="cond" truecount="0" falsecount="2"/>
        <line num="78" count="0" type="stmt"/>
        <line num="81" count="0" type="stmt"/>
        <line num="84" count="110" type="stmt"/>
        <line num="90" count="0" type="cond" truecount="0" falsecount="2"/>
        <line num="93" count="0" type="stmt"/>
        <line num="95" count="0" type="stmt"/>
        <line num="102" count="0" type="stmt"/>
        <line num="110" count="0" type="stmt"/>
        <line num="112" count="0" type="stmt"/>
        <line num="113" count="0" type="stmt"/>
        <line num="115" count="0" type="stmt"/>
        <line num="118" count="0" type="stmt"/>
        <line num="125" count="0" type="stmt"/>
        <line num="128" count="0" type="stmt"/>
        <line num="130" count="0" type="stmt"/>
        <line num="131" count="0" type="cond" truecount="0" falsecount="2"/>
        <line num="132" count="0" type="stmt"/>
        <line num="133" count="0" type="stmt"/>
        <line num="134" count="0" type="cond" truecount="0" falsecount="4"/>
        <line num="136" count="0" type="stmt"/>
        <line num="140" count="0" type="stmt"/>
        <line num="146" count="0" type="stmt"/>
        <line num="148" count="0" type="stmt"/>
        <line num="153" count="0" type="cond" truecount="0" falsecount="1"/>
        <line num="157" count="0" type="stmt"/>
        <line num="159" count="0" type="stmt"/>
        <line num="161" count="0" type="stmt"/>
        <line num="163" count="0" type="stmt"/>
        <line num="171" count="110" type="stmt"/>
        <line num="172" count="3" type="stmt"/>
        <line num="173" count="3" type="stmt"/>
        <line num="174" count="3" type="stmt"/>
        <line num="176" count="0" type="stmt"/>
        <line num="180" count="110" type="stmt"/>
        <line num="181" count="9" type="stmt"/>
        <line num="182" count="9" type="stmt"/>
        <line num="183" count="9" type="stmt"/>
        <line num="184" count="9" type="stmt"/>
        <line num="185" count="9" type="stmt"/>
        <line num="201" count="9" type="cond" truecount="2" falsecount="0"/>
        <line num="202" count="9" type="stmt"/>
        <line num="204" count="9" type="cond" truecount="1" falsecount="0"/>
        <line num="211" count="8" type="stmt"/>
        <line num="213" count="8" type="cond" truecount="2" falsecount="0"/>
        <line num="214" count="5" type="stmt"/>
        <line num="217" count="3" type="stmt"/>
        <line num="224" count="3" type="cond" truecount="2" falsecount="0"/>
        <line num="225" count="2" type="cond" truecount="2" falsecount="0"/>
        <line num="226" count="1" type="stmt"/>
        <line num="227" count="1" type="stmt"/>
        <line num="228" count="3" type="stmt"/>
        <line num="231" count="1" type="cond" truecount="1" falsecount="1"/>
        <line num="232" count="1" type="stmt"/>
        <line num="241" count="1" type="stmt"/>
        <line num="243" count="1" type="stmt"/>
        <line num="248" count="1" type="stmt"/>
        <line num="252" count="1" type="stmt"/>
        <line num="254" count="1" type="cond" truecount="1" falsecount="1"/>
        <line num="255" count="0" type="stmt"/>
        <line num="257" count="0" type="cond" truecount="0" falsecount="2"/>
        <line num="258" count="0" type="stmt"/>
        <line num="259" count="0" type="stmt"/>
        <line num="262" count="0" type="stmt"/>
        <line num="267" count="0" type="stmt"/>
        <line num="271" count="0" type="stmt"/>
        <line num="273" count="1" type="stmt"/>
        <line num="281" count="110" type="stmt"/>
        <line num="284" count="0" type="stmt"/>
        <line num="287" count="0" type="stmt"/>
        <line num="292" count="0" type="stmt"/>
        <line num="296" count="0" type="stmt"/>
        <line num="298" count="0" type="stmt"/>
        <line num="299" count="0" type="stmt"/>
        <line num="301" count="0" type="stmt"/>
        <line num="303" count="0" type="stmt"/>
        <line num="304" count="0" type="stmt"/>
        <line num="305" count="0" type="stmt"/>
        <line num="307" count="0" type="stmt"/>
        <line num="312" count="0" type="stmt"/>
        <line num="313" count="0" type="stmt"/>
        <line num="314" count="0" type="stmt"/>
        <line num="315" count="0" type="stmt"/>
        <line num="316" count="0" type="stmt"/>
        <line num="317" count="0" type="stmt"/>
        <line num="318" count="0" type="stmt"/>
        <line num="320" count="0" type="stmt"/>
        <line num="321" count="0" type="stmt"/>
        <line num="323" count="0" type="stmt"/>
        <line num="326" count="0" type="stmt"/>
        <line num="327" count="0" type="stmt"/>
        <line num="330" count="0" type="stmt"/>
        <line num="331" count="0" type="cond" truecount="0" falsecount="1"/>
        <line num="334" count="0" type="cond" truecount="0" falsecount="2"/>
        <line num="335" count="0" type="stmt"/>
        <line num="338" count="0" type="stmt"/>
        <line num="343" count="0" type="stmt"/>
        <line num="351" count="0" type="stmt"/>
        <line num="353" count="0" type="cond" truecount="0" falsecount="2"/>
        <line num="355" count="0" type="stmt"/>
        <line num="363" count="0" type="cond" truecount="0" falsecount="2"/>
        <line num="365" count="0" type="stmt"/>
        <line num="368" count="0" type="stmt"/>
        <line num="370" count="0" type="stmt"/>
        <line num="373" count="0" type="stmt"/>
        <line num="374" count="0" type="stmt"/>
        <line num="377" count="0" type="stmt"/>
        <line num="378" count="0" type="stmt"/>
        <line num="382" count="0" type="stmt"/>
        <line num="384" count="110" type="stmt"/>
        <line num="395" count="110" type="stmt"/>
      </file>
    </package>
  </project>
</coverage>
