{"C:\\Users\\Pawel\\Documents\\Programowanie\\PROTON\\amplify-js\\packages\\datastore\\__tests__\\helpers.ts": {"path":"C:\\Users\\Pawel\\Documents\\Programowanie\\PROTON\\amplify-js\\packages\\datastore\\__tests__\\helpers.ts","statementMap":{"0":{"start":{"line":52,"column":1},"end":{"line":355,"column":3}},"1":{"start":{"line":51,"column":0},"end":{"line":51,"column":16}},"2":{"start":{"line":359,"column":1},"end":{"line":655,"column":3}},"3":{"start":{"line":358,"column":0},"end":{"line":358,"column":16}}},"fnMap":{"0":{"name":"testSchema","decl":{"start":{"line":51,"column":16},"end":{"line":51,"column":26}},"loc":{"start":{"line":51,"column":26},"end":{"line":356,"column":1}}},"1":{"name":"internalTestSchema","decl":{"start":{"line":358,"column":16},"end":{"line":358,"column":34}},"loc":{"start":{"line":358,"column":34},"end":{"line":656,"column":1}}}},"branchMap":{},"s":{"0":64,"1":7,"2":2,"3":7},"f":{"0":64,"1":2},"b":{}}
,"C:\\Users\\Pawel\\Documents\\Programowanie\\PROTON\\amplify-js\\packages\\datastore\\__tests__\\model.ts": {"path":"C:\\Users\\Pawel\\Documents\\Programowanie\\PROTON\\amplify-js\\packages\\datastore\\__tests__\\model.ts","statementMap":{"0":{"start":{"line":7,"column":0},"end":{"line":7,"column":67}},"1":{"start":{"line":8,"column":0},"end":{"line":8,"column":37}},"2":{"start":{"line":108,"column":6},"end":{"line":108,"column":null}},"3":{"start":{"line":109,"column":1},"end":{"line":109,"column":7}},"4":{"start":{"line":110,"column":1},"end":{"line":110,"column":5}},"5":{"start":{"line":111,"column":1},"end":{"line":111,"column":8}},"6":{"start":{"line":112,"column":1},"end":{"line":112,"column":5}},"7":{"start":{"line":113,"column":1},"end":{"line":113,"column":10}},"8":{"start":{"line":114,"column":1},"end":{"line":114,"column":15}},"9":{"start":{"line":115,"column":1},"end":{"line":115,"column":7}},"10":{"start":{"line":116,"column":1},"end":{"line":116,"column":13}},"11":{"start":{"line":117,"column":1},"end":{"line":117,"column":null}},"12":{"start":{"line":131,"column":1},"end":{"line":131,"column":7}},"13":{"start":{"line":132,"column":1},"end":{"line":132,"column":5}},"14":{"start":{"line":133,"column":1},"end":{"line":133,"column":8}},"15":{"start":{"line":134,"column":1},"end":{"line":134,"column":5}},"16":{"start":{"line":135,"column":1},"end":{"line":135,"column":10}},"17":{"start":{"line":136,"column":1},"end":{"line":136,"column":15}},"18":{"start":{"line":137,"column":1},"end":{"line":137,"column":7}},"19":{"start":{"line":138,"column":1},"end":{"line":138,"column":13}},"20":{"start":{"line":139,"column":1},"end":{"line":139,"column":7}},"21":{"start":{"line":129,"column":0},"end":{"line":129,"column":3}}},"fnMap":{},"branchMap":{},"s":{"0":1,"1":1,"2":1,"3":1,"4":1,"5":1,"6":1,"7":1,"8":1,"9":1,"10":1,"11":1,"12":1,"13":1,"14":1,"15":1,"16":1,"17":1,"18":1,"19":1,"20":1,"21":1},"f":{},"b":{}}
,"C:\\Users\\Pawel\\Documents\\Programowanie\\PROTON\\amplify-js\\packages\\datastore\\__tests__\\schema.ts": {"path":"C:\\Users\\Pawel\\Documents\\Programowanie\\PROTON\\amplify-js\\packages\\datastore\\__tests__\\schema.ts","statementMap":{"0":{"start":{"line":3,"column":13},"end":{"line":412,"column":2}},"1":{"start":{"line":414,"column":13},"end":{"line":461,"column":2}},"2":{"start":{"line":463,"column":13},"end":{"line":517,"column":2}},"3":{"start":{"line":519,"column":13},"end":{"line":566,"column":2}}},"fnMap":{},"branchMap":{},"s":{"0":3,"1":3,"2":3,"3":3},"f":{},"b":{}}
,"C:\\Users\\Pawel\\Documents\\Programowanie\\PROTON\\amplify-js\\packages\\datastore\\src\\index.ts": {"path":"C:\\Users\\Pawel\\Documents\\Programowanie\\PROTON\\amplify-js\\packages\\datastore\\src\\index.ts","statementMap":{"0":{"start":{"line":1,"column":0},"end":{"line":1,"column":9}},"1":{"start":{"line":1,"column":9},"end":{"line":1,"column":20}},"2":{"start":{"line":1,"column":20},"end":{"line":1,"column":36}},"3":{"start":{"line":1,"column":36},"end":{"line":1,"column":78}},"4":{"start":{"line":2,"column":0},"end":{"line":2,"column":9}},"5":{"start":{"line":2,"column":9},"end":{"line":2,"column":42}},"6":{"start":{"line":3,"column":0},"end":{"line":3,"column":24}}},"fnMap":{},"branchMap":{},"s":{"0":1,"1":1,"2":1,"3":1,"4":1,"5":1,"6":1},"f":{},"b":{}}
,"C:\\Users\\Pawel\\Documents\\Programowanie\\PROTON\\amplify-js\\packages\\datastore\\src\\types.ts": {"path":"C:\\Users\\Pawel\\Documents\\Programowanie\\PROTON\\amplify-js\\packages\\datastore\\src\\types.ts","statementMap":{"0":{"start":{"line":2,"column":0},"end":{"line":2,"column":null}},"1":{"start":{"line":45,"column":1},"end":{"line":45,"column":59}},"2":{"start":{"line":44,"column":0},"end":{"line":44,"column":16}},"3":{"start":{"line":65,"column":1},"end":{"line":65,"column":34}},"4":{"start":{"line":64,"column":0},"end":{"line":64,"column":16}},"5":{"start":{"line":75,"column":1},"end":{"line":75,"column":30}},"6":{"start":{"line":72,"column":0},"end":{"line":72,"column":16}},"7":{"start":{"line":91,"column":0},"end":{"line":91,"column":null}},"8":{"start":{"line":92,"column":1},"end":{"line":92,"column":null}},"9":{"start":{"line":93,"column":1},"end":{"line":93,"column":null}},"10":{"start":{"line":94,"column":1},"end":{"line":94,"column":null}},"11":{"start":{"line":95,"column":1},"end":{"line":95,"column":null}},"12":{"start":{"line":98,"column":0},"end":{"line":98,"column":null}},"13":{"start":{"line":99,"column":1},"end":{"line":99,"column":null}},"14":{"start":{"line":100,"column":1},"end":{"line":100,"column":null}},"15":{"start":{"line":101,"column":1},"end":{"line":101,"column":null}},"16":{"start":{"line":102,"column":1},"end":{"line":102,"column":null}},"17":{"start":{"line":106,"column":0},"end":{"line":106,"column":null}},"18":{"start":{"line":107,"column":1},"end":{"line":107,"column":null}},"19":{"start":{"line":108,"column":1},"end":{"line":108,"column":null}},"20":{"start":{"line":109,"column":1},"end":{"line":109,"column":null}},"21":{"start":{"line":110,"column":1},"end":{"line":110,"column":null}},"22":{"start":{"line":111,"column":1},"end":{"line":111,"column":null}},"23":{"start":{"line":112,"column":1},"end":{"line":112,"column":null}},"24":{"start":{"line":113,"column":1},"end":{"line":113,"column":null}},"25":{"start":{"line":114,"column":1},"end":{"line":114,"column":null}},"26":{"start":{"line":115,"column":1},"end":{"line":115,"column":null}},"27":{"start":{"line":116,"column":1},"end":{"line":116,"column":null}},"28":{"start":{"line":117,"column":1},"end":{"line":117,"column":null}},"29":{"start":{"line":118,"column":1},"end":{"line":118,"column":null}},"30":{"start":{"line":119,"column":1},"end":{"line":119,"column":null}},"31":{"start":{"line":120,"column":1},"end":{"line":120,"column":null}},"32":{"start":{"line":123,"column":0},"end":{"line":123,"column":null}},"33":{"start":{"line":130,"column":2},"end":{"line":150,"column":null}},"34":{"start":{"line":132,"column":4},"end":{"line":132,"column":21}},"35":{"start":{"line":143,"column":4},"end":{"line":143,"column":20}},"36":{"start":{"line":147,"column":4},"end":{"line":147,"column":20}},"37":{"start":{"line":149,"column":4},"end":{"line":149,"column":28}},"38":{"start":{"line":124,"column":17},"end":{"line":151,"column":null}},"39":{"start":{"line":159,"column":2},"end":{"line":180,"column":null}},"40":{"start":{"line":161,"column":4},"end":{"line":161,"column":21}},"41":{"start":{"line":163,"column":4},"end":{"line":163,"column":21}},"42":{"start":{"line":165,"column":4},"end":{"line":165,"column":25}},"43":{"start":{"line":167,"column":4},"end":{"line":167,"column":26}},"44":{"start":{"line":169,"column":4},"end":{"line":169,"column":22}},"45":{"start":{"line":171,"column":4},"end":{"line":171,"column":21}},"46":{"start":{"line":173,"column":4},"end":{"line":173,"column":20}},"47":{"start":{"line":175,"column":4},"end":{"line":175,"column":22}},"48":{"start":{"line":177,"column":4},"end":{"line":177,"column":26}},"49":{"start":{"line":179,"column":4},"end":{"line":179,"column":21}},"50":{"start":{"line":153,"column":17},"end":{"line":181,"column":null}},"51":{"start":{"line":200,"column":1},"end":{"line":200,"column":52}},"52":{"start":{"line":194,"column":0},"end":{"line":194,"column":16}},"53":{"start":{"line":205,"column":42},"end":{"line":205,"column":49}},"54":{"start":{"line":206,"column":1},"end":{"line":206,"column":41}},"55":{"start":{"line":206,"column":29},"end":{"line":206,"column":41}},"56":{"start":{"line":208,"column":1},"end":{"line":208,"column":14}},"57":{"start":{"line":204,"column":0},"end":{"line":204,"column":16}},"58":{"start":{"line":213,"column":44},"end":{"line":213,"column":54}},"59":{"start":{"line":214,"column":1},"end":{"line":214,"column":40}},"60":{"start":{"line":214,"column":28},"end":{"line":214,"column":40}},"61":{"start":{"line":216,"column":1},"end":{"line":216,"column":14}},"62":{"start":{"line":212,"column":0},"end":{"line":212,"column":16}},"63":{"start":{"line":221,"column":41},"end":{"line":221,"column":47}},"64":{"start":{"line":222,"column":1},"end":{"line":222,"column":41}},"65":{"start":{"line":222,"column":29},"end":{"line":222,"column":41}},"66":{"start":{"line":224,"column":1},"end":{"line":224,"column":14}},"67":{"start":{"line":220,"column":0},"end":{"line":220,"column":16}},"68":{"start":{"line":280,"column":0},"end":{"line":280,"column":null}},"69":{"start":{"line":281,"column":1},"end":{"line":281,"column":null}},"70":{"start":{"line":282,"column":1},"end":{"line":282,"column":null}},"71":{"start":{"line":283,"column":1},"end":{"line":283,"column":null}},"72":{"start":{"line":387,"column":1},"end":{"line":387,"column":61}},"73":{"start":{"line":384,"column":0},"end":{"line":384,"column":16}},"74":{"start":{"line":393,"column":1},"end":{"line":393,"column":60}},"75":{"start":{"line":390,"column":0},"end":{"line":390,"column":16}},"76":{"start":{"line":402,"column":0},"end":{"line":402,"column":null}},"77":{"start":{"line":403,"column":1},"end":{"line":403,"column":null}},"78":{"start":{"line":404,"column":1},"end":{"line":404,"column":null}},"79":{"start":{"line":464,"column":0},"end":{"line":464,"column":null}},"80":{"start":{"line":465,"column":1},"end":{"line":465,"column":null}},"81":{"start":{"line":466,"column":1},"end":{"line":466,"column":null}},"82":{"start":{"line":541,"column":0},"end":{"line":541,"column":null}},"83":{"start":{"line":542,"column":1},"end":{"line":542,"column":null}},"84":{"start":{"line":543,"column":1},"end":{"line":543,"column":null}},"85":{"start":{"line":562,"column":0},"end":{"line":562,"column":null}},"86":{"start":{"line":563,"column":1},"end":{"line":563,"column":null}},"87":{"start":{"line":564,"column":1},"end":{"line":564,"column":null}},"88":{"start":{"line":565,"column":1},"end":{"line":565,"column":null}},"89":{"start":{"line":566,"column":1},"end":{"line":566,"column":null}},"90":{"start":{"line":621,"column":1},"end":{"line":624,"column":3}},"91":{"start":{"line":611,"column":0},"end":{"line":611,"column":22}},"92":{"start":{"line":644,"column":13},"end":{"line":644,"column":41}}},"fnMap":{"0":{"name":"isSchemaModel","decl":{"start":{"line":44,"column":16},"end":{"line":44,"column":29}},"loc":{"start":{"line":44,"column":38},"end":{"line":46,"column":1}}},"1":{"name":"isAssociatedWith","decl":{"start":{"line":64,"column":16},"end":{"line":64,"column":32}},"loc":{"start":{"line":64,"column":41},"end":{"line":66,"column":1}}},"2":{"name":"isTargetNameAssociation","decl":{"start":{"line":72,"column":16},"end":{"line":72,"column":39}},"loc":{"start":{"line":73,"column":9},"end":{"line":76,"column":1}}},"3":{"name":"(anonymous_16)","decl":{"start":{"line":91,"column":0},"end":{"line":91,"column":12}},"loc":{"start":{"line":91,"column":35},"end":{"line":96,"column":1}}},"4":{"name":"(anonymous_17)","decl":{"start":{"line":98,"column":0},"end":{"line":98,"column":12}},"loc":{"start":{"line":98,"column":38},"end":{"line":103,"column":1}}},"5":{"name":"(anonymous_18)","decl":{"start":{"line":106,"column":0},"end":{"line":106,"column":12}},"loc":{"start":{"line":106,"column":29},"end":{"line":121,"column":1}}},"6":{"name":"(anonymous_19)","decl":{"start":{"line":123,"column":0},"end":{"line":123,"column":17}},"loc":{"start":{"line":123,"column":34},"end":{"line":182,"column":1}}},"7":{"name":"getJSType","decl":{"start":{"line":124,"column":17},"end":{"line":124,"column":26}},"loc":{"start":{"line":128,"column":3},"end":{"line":151,"column":2}}},"8":{"name":"getValidationFunction","decl":{"start":{"line":153,"column":17},"end":{"line":153,"column":38}},"loc":{"start":{"line":157,"column":3},"end":{"line":181,"column":2}}},"9":{"name":"isGraphQLScalarType","decl":{"start":{"line":194,"column":16},"end":{"line":194,"column":35}},"loc":{"start":{"line":195,"column":9},"end":{"line":201,"column":1}}},"10":{"name":"isModelFieldType","decl":{"start":{"line":204,"column":16},"end":{"line":204,"column":32}},"loc":{"start":{"line":204,"column":41},"end":{"line":209,"column":1}}},"11":{"name":"isNonModelFieldType","decl":{"start":{"line":212,"column":16},"end":{"line":212,"column":35}},"loc":{"start":{"line":212,"column":44},"end":{"line":217,"column":1}}},"12":{"name":"isEnumFieldType","decl":{"start":{"line":220,"column":16},"end":{"line":220,"column":31}},"loc":{"start":{"line":220,"column":40},"end":{"line":225,"column":1}}},"13":{"name":"(anonymous_26)","decl":{"start":{"line":280,"column":0},"end":{"line":280,"column":12}},"loc":{"start":{"line":280,"column":18},"end":{"line":284,"column":1}}},"14":{"name":"isPredicateObj","decl":{"start":{"line":384,"column":16},"end":{"line":384,"column":30}},"loc":{"start":{"line":385,"column":9},"end":{"line":388,"column":1}}},"15":{"name":"isPredicateGroup","decl":{"start":{"line":390,"column":16},"end":{"line":390,"column":32}},"loc":{"start":{"line":391,"column":9},"end":{"line":394,"column":1}}},"16":{"name":"(anonymous_29)","decl":{"start":{"line":402,"column":0},"end":{"line":402,"column":12}},"loc":{"start":{"line":402,"column":20},"end":{"line":405,"column":1}}},"17":{"name":"(anonymous_30)","decl":{"start":{"line":464,"column":0},"end":{"line":464,"column":12}},"loc":{"start":{"line":464,"column":25},"end":{"line":467,"column":1}}},"18":{"name":"(anonymous_31)","decl":{"start":{"line":541,"column":0},"end":{"line":541,"column":12}},"loc":{"start":{"line":541,"column":32},"end":{"line":544,"column":1}}},"19":{"name":"(anonymous_32)","decl":{"start":{"line":562,"column":0},"end":{"line":562,"column":12}},"loc":{"start":{"line":562,"column":26},"end":{"line":567,"column":1}}},"20":{"name":"syncExpression","decl":{"start":{"line":611,"column":22},"end":{"line":611,"column":36}},"loc":{"start":{"line":616,"column":43},"end":{"line":625,"column":null}}}},"branchMap":{"0":{"loc":{"start":{"line":45,"column":8},"end":{"line":45,"column":11}},"type":"binary-expr","locations":[{"start":{"line":45,"column":8},"end":{"line":45,"column":11}},{"start":{"line":45,"column":29},"end":{"line":45,"column":58}}]},"1":{"loc":{"start":{"line":65,"column":8},"end":{"line":65,"column":11}},"type":"binary-expr","locations":[{"start":{"line":65,"column":8},"end":{"line":65,"column":11}},{"start":{"line":65,"column":15},"end":{"line":65,"column":33}}]},"2":{"loc":{"start":{"line":75,"column":8},"end":{"line":75,"column":11}},"type":"binary-expr","locations":[{"start":{"line":75,"column":8},"end":{"line":75,"column":11}},{"start":{"line":75,"column":15},"end":{"line":75,"column":29}}]},"3":{"loc":{"start":{"line":91,"column":12},"end":{"line":91,"column":35}},"type":"binary-expr","locations":[{"start":{"line":91,"column":12},"end":{"line":91,"column":35}},{"start":{"line":91,"column":12},"end":{"line":91,"column":null}}]},"4":{"loc":{"start":{"line":98,"column":12},"end":{"line":98,"column":38}},"type":"binary-expr","locations":[{"start":{"line":98,"column":12},"end":{"line":98,"column":38}},{"start":{"line":98,"column":12},"end":{"line":98,"column":null}}]},"5":{"loc":{"start":{"line":106,"column":12},"end":{"line":106,"column":29}},"type":"binary-expr","locations":[{"start":{"line":106,"column":12},"end":{"line":106,"column":29}},{"start":{"line":106,"column":12},"end":{"line":106,"column":null}}]},"6":{"loc":{"start":{"line":131,"column":3},"end":{"line":132,"column":21}},"type":"switch","locations":[{"start":{"line":131,"column":3},"end":{"line":132,"column":21}},{"start":{"line":133,"column":3},"end":{"line":133,"column":13}},{"start":{"line":134,"column":3},"end":{"line":134,"column":17}},{"start":{"line":135,"column":3},"end":{"line":135,"column":18}},{"start":{"line":136,"column":3},"end":{"line":136,"column":18}},{"start":{"line":137,"column":3},"end":{"line":137,"column":22}},{"start":{"line":138,"column":3},"end":{"line":138,"column":19}},{"start":{"line":139,"column":3},"end":{"line":139,"column":18}},{"start":{"line":140,"column":3},"end":{"line":140,"column":17}},{"start":{"line":141,"column":3},"end":{"line":141,"column":19}},{"start":{"line":142,"column":3},"end":{"line":143,"column":20}},{"start":{"line":144,"column":3},"end":{"line":144,"column":14}},{"start":{"line":145,"column":3},"end":{"line":145,"column":16}},{"start":{"line":146,"column":3},"end":{"line":147,"column":20}},{"start":{"line":148,"column":3},"end":{"line":149,"column":28}}]},"7":{"loc":{"start":{"line":160,"column":3},"end":{"line":161,"column":21}},"type":"switch","locations":[{"start":{"line":160,"column":3},"end":{"line":161,"column":21}},{"start":{"line":162,"column":3},"end":{"line":163,"column":21}},{"start":{"line":164,"column":3},"end":{"line":165,"column":25}},{"start":{"line":166,"column":3},"end":{"line":167,"column":26}},{"start":{"line":168,"column":3},"end":{"line":169,"column":22}},{"start":{"line":170,"column":3},"end":{"line":171,"column":21}},{"start":{"line":172,"column":3},"end":{"line":173,"column":20}},{"start":{"line":174,"column":3},"end":{"line":175,"column":22}},{"start":{"line":176,"column":3},"end":{"line":177,"column":26}},{"start":{"line":178,"column":3},"end":{"line":179,"column":21}}]},"8":{"loc":{"start":{"line":123,"column":17},"end":{"line":123,"column":34}},"type":"binary-expr","locations":[{"start":{"line":123,"column":17},"end":{"line":123,"column":34}},{"start":{"line":123,"column":17},"end":{"line":123,"column":null}}]},"9":{"loc":{"start":{"line":200,"column":8},"end":{"line":200,"column":11}},"type":"binary-expr","locations":[{"start":{"line":200,"column":8},"end":{"line":200,"column":11}},{"start":{"line":200,"column":15},"end":{"line":200,"column":51}}]},"10":{"loc":{"start":{"line":206,"column":1},"end":{"line":206,"column":41}},"type":"if","locations":[{"start":{"line":206,"column":1},"end":{"line":206,"column":41}},{"start":{"line":206,"column":1},"end":{"line":206,"column":41}}]},"11":{"loc":{"start":{"line":206,"column":5},"end":{"line":206,"column":8}},"type":"binary-expr","locations":[{"start":{"line":206,"column":5},"end":{"line":206,"column":8}},{"start":{"line":206,"column":12},"end":{"line":206,"column":27}}]},"12":{"loc":{"start":{"line":214,"column":1},"end":{"line":214,"column":40}},"type":"if","locations":[{"start":{"line":214,"column":1},"end":{"line":214,"column":40}},{"start":{"line":214,"column":1},"end":{"line":214,"column":40}}]},"13":{"loc":{"start":{"line":214,"column":5},"end":{"line":214,"column":8}},"type":"binary-expr","locations":[{"start":{"line":214,"column":5},"end":{"line":214,"column":8}},{"start":{"line":214,"column":12},"end":{"line":214,"column":26}}]},"14":{"loc":{"start":{"line":222,"column":1},"end":{"line":222,"column":41}},"type":"if","locations":[{"start":{"line":222,"column":1},"end":{"line":222,"column":41}},{"start":{"line":222,"column":1},"end":{"line":222,"column":41}}]},"15":{"loc":{"start":{"line":222,"column":5},"end":{"line":222,"column":8}},"type":"binary-expr","locations":[{"start":{"line":222,"column":5},"end":{"line":222,"column":8}},{"start":{"line":222,"column":12},"end":{"line":222,"column":27}}]},"16":{"loc":{"start":{"line":280,"column":12},"end":{"line":280,"column":18}},"type":"binary-expr","locations":[{"start":{"line":280,"column":12},"end":{"line":280,"column":18}},{"start":{"line":280,"column":12},"end":{"line":280,"column":null}}]},"17":{"loc":{"start":{"line":387,"column":8},"end":{"line":387,"column":11}},"type":"binary-expr","locations":[{"start":{"line":387,"column":8},"end":{"line":387,"column":11}},{"start":{"line":387,"column":36},"end":{"line":387,"column":60}}]},"18":{"loc":{"start":{"line":393,"column":8},"end":{"line":393,"column":11}},"type":"binary-expr","locations":[{"start":{"line":393,"column":8},"end":{"line":393,"column":11}},{"start":{"line":393,"column":36},"end":{"line":393,"column":59}}]},"19":{"loc":{"start":{"line":402,"column":12},"end":{"line":402,"column":20}},"type":"binary-expr","locations":[{"start":{"line":402,"column":12},"end":{"line":402,"column":20}},{"start":{"line":402,"column":12},"end":{"line":402,"column":null}}]},"20":{"loc":{"start":{"line":464,"column":12},"end":{"line":464,"column":25}},"type":"binary-expr","locations":[{"start":{"line":464,"column":12},"end":{"line":464,"column":25}},{"start":{"line":464,"column":12},"end":{"line":464,"column":null}}]},"21":{"loc":{"start":{"line":541,"column":12},"end":{"line":541,"column":32}},"type":"binary-expr","locations":[{"start":{"line":541,"column":12},"end":{"line":541,"column":32}},{"start":{"line":541,"column":12},"end":{"line":541,"column":null}}]},"22":{"loc":{"start":{"line":562,"column":12},"end":{"line":562,"column":26}},"type":"binary-expr","locations":[{"start":{"line":562,"column":12},"end":{"line":562,"column":26}},{"start":{"line":562,"column":12},"end":{"line":562,"column":null}}]}},"s":{"0":160,"1":50,"2":160,"3":0,"4":160,"5":31,"6":160,"7":160,"8":160,"9":160,"10":160,"11":160,"12":160,"13":160,"14":160,"15":160,"16":160,"17":160,"18":160,"19":160,"20":160,"21":160,"22":160,"23":160,"24":160,"25":160,"26":160,"27":160,"28":160,"29":160,"30":160,"31":160,"32":160,"33":2502,"34":0,"35":2502,"36":0,"37":0,"38":160,"39":2502,"40":0,"41":0,"42":190,"43":0,"44":38,"45":0,"46":0,"47":0,"48":7,"49":2267,"50":160,"51":3112,"52":160,"53":14,"54":14,"55":0,"56":14,"57":160,"58":142,"59":142,"60":19,"61":123,"62":160,"63":51,"64":51,"65":0,"66":51,"67":160,"68":160,"69":160,"70":160,"71":160,"72":367,"73":160,"74":0,"75":160,"76":160,"77":160,"78":160,"79":160,"80":160,"81":160,"82":160,"83":160,"84":160,"85":160,"86":160,"87":160,"88":160,"89":160,"90":0,"91":160,"92":160},"f":{"0":50,"1":0,"2":31,"3":160,"4":160,"5":160,"6":160,"7":2502,"8":2502,"9":3112,"10":14,"11":142,"12":51,"13":160,"14":367,"15":0,"16":160,"17":160,"18":160,"19":160,"20":0},"b":{"0":[50,50],"1":[0,0],"2":[31,17],"3":[160,160],"4":[160,160],"5":[160,160],"6":[0,774,2267,2267,2267,2457,2495,2495,2495,2495,2502,0,0,0,0],"7":[0,0,190,0,38,0,0,0,7,2267],"8":[160,0],"9":[3112,3112],"10":[0,14],"11":[14,14],"12":[19,123],"13":[142,142],"14":[0,51],"15":[51,51],"16":[160,160],"17":[367,367],"18":[0,0],"19":[160,160],"20":[160,160],"21":[160,160],"22":[160,160]}}
,"C:\\Users\\Pawel\\Documents\\Programowanie\\PROTON\\amplify-js\\packages\\datastore\\src\\util.ts": {"path":"C:\\Users\\Pawel\\Documents\\Programowanie\\PROTON\\amplify-js\\packages\\datastore\\src\\util.ts","statementMap":{"0":{"start":{"line":1,"column":0},"end":{"line":1,"column":32}},"1":{"start":{"line":2,"column":0},"end":{"line":2,"column":38}},"2":{"start":{"line":3,"column":0},"end":{"line":3,"column":46}},"3":{"start":{"line":4,"column":0},"end":{"line":4,"column":34}},"4":{"start":{"line":6,"column":0},"end":{"line":6,"column":null}},"5":{"start":{"line":23,"column":13},"end":{"line":27,"column":2}},"6":{"start":{"line":23,"column":44},"end":{"line":23,"column":null}},"7":{"start":{"line":24,"column":1},"end":{"line":26,"column":null}},"8":{"start":{"line":25,"column":2},"end":{"line":25,"column":36}},"9":{"start":{"line":29,"column":13},"end":{"line":31,"column":2}},"10":{"start":{"line":30,"column":1},"end":{"line":30,"column":72}},"11":{"start":{"line":33,"column":13},"end":{"line":77,"column":2}},"12":{"start":{"line":39,"column":18},"end":{"line":39,"column":23}},"13":{"start":{"line":41,"column":1},"end":{"line":43,"column":null}},"14":{"start":{"line":42,"column":2},"end":{"line":42,"column":14}},"15":{"start":{"line":45,"column":1},"end":{"line":58,"column":null}},"16":{"start":{"line":47,"column":3},"end":{"line":47,"column":24}},"17":{"start":{"line":48,"column":3},"end":{"line":48,"column":21}},"18":{"start":{"line":49,"column":3},"end":{"line":49,"column":9}},"19":{"start":{"line":51,"column":3},"end":{"line":51,"column":24}},"20":{"start":{"line":52,"column":3},"end":{"line":52,"column":9}},"21":{"start":{"line":54,"column":3},"end":{"line":54,"column":23}},"22":{"start":{"line":55,"column":3},"end":{"line":55,"column":9}},"23":{"start":{"line":57,"column":3},"end":{"line":57,"column":30}},"24":{"start":{"line":60,"column":25},"end":{"line":74,"column":3}},"25":{"start":{"line":61,"column":2},"end":{"line":66,"column":null}},"26":{"start":{"line":62,"column":11},"end":{"line":62,"column":16}},"27":{"start":{"line":62,"column":18},"end":{"line":62,"column":26}},"28":{"start":{"line":62,"column":28},"end":{"line":62,"column":35}},"29":{"start":{"line":63,"column":17},"end":{"line":63,"column":29}},"30":{"start":{"line":65,"column":3},"end":{"line":65,"column":59}},"31":{"start":{"line":68,"column":2},"end":{"line":71,"column":null}},"32":{"start":{"line":69,"column":11},"end":{"line":69,"column":15}},"33":{"start":{"line":69,"column":17},"end":{"line":69,"column":27}},"34":{"start":{"line":70,"column":3},"end":{"line":70,"column":53}},"35":{"start":{"line":73,"column":2},"end":{"line":73,"column":46}},"36":{"start":{"line":76,"column":1},"end":{"line":76,"column":38}},"37":{"start":{"line":79,"column":31},"end":{"line":114,"column":1}},"38":{"start":{"line":84,"column":1},"end":{"line":113,"column":null}},"39":{"start":{"line":86,"column":3},"end":{"line":86,"column":28}},"40":{"start":{"line":88,"column":3},"end":{"line":88,"column":28}},"41":{"start":{"line":90,"column":3},"end":{"line":90,"column":27}},"42":{"start":{"line":92,"column":3},"end":{"line":92,"column":26}},"43":{"start":{"line":94,"column":3},"end":{"line":94,"column":27}},"44":{"start":{"line":96,"column":3},"end":{"line":96,"column":26}},"45":{"start":{"line":98,"column":9},"end":{"line":98,"column":10}},"46":{"start":{"line":98,"column":10},"end":{"line":98,"column":13}},"47":{"start":{"line":98,"column":15},"end":{"line":98,"column":37}},"48":{"start":{"line":99,"column":3},"end":{"line":99,"column":39}},"49":{"start":{"line":101,"column":3},"end":{"line":101,"column":76}},"50":{"start":{"line":103,"column":3},"end":{"line":105,"column":5}},"51":{"start":{"line":107,"column":3},"end":{"line":109,"column":5}},"52":{"start":{"line":111,"column":3},"end":{"line":111,"column":36}},"53":{"start":{"line":112,"column":3},"end":{"line":112,"column":16}},"54":{"start":{"line":116,"column":13},"end":{"line":122,"column":2}},"55":{"start":{"line":119,"column":1},"end":{"line":121,"column":3}},"56":{"start":{"line":124,"column":13},"end":{"line":176,"column":2}},"57":{"start":{"line":127,"column":40},"end":{"line":127,"column":42}},"58":{"start":{"line":129,"column":1},"end":{"line":173,"column":4}},"59":{"start":{"line":130,"column":2},"end":{"line":130,"column":58}},"60":{"start":{"line":132,"column":16},"end":{"line":132,"column":38}},"61":{"start":{"line":133,"column":2},"end":{"line":154,"column":5}},"62":{"start":{"line":134,"column":26},"end":{"line":134,"column":44}},"63":{"start":{"line":135,"column":3},"end":{"line":153,"column":null}},"64":{"start":{"line":139,"column":27},"end":{"line":139,"column":68}},"65":{"start":{"line":140,"column":4},"end":{"line":146,"column":7}},"66":{"start":{"line":148,"column":4},"end":{"line":152,"column":null}},"67":{"start":{"line":149,"column":5},"end":{"line":151,"column":7}},"68":{"start":{"line":157,"column":2},"end":{"line":172,"column":null}},"69":{"start":{"line":158,"column":3},"end":{"line":171,"column":6}},"70":{"start":{"line":159,"column":4},"end":{"line":170,"column":null}},"71":{"start":{"line":160,"column":13},"end":{"line":160,"column":19}},"72":{"start":{"line":161,"column":5},"end":{"line":169,"column":null}},"73":{"start":{"line":162,"column":6},"end":{"line":168,"column":9}},"74":{"start":{"line":164,"column":22},"end":{"line":164,"column":64}},"75":{"start":{"line":165,"column":7},"end":{"line":167,"column":null}},"76":{"start":{"line":166,"column":8},"end":{"line":166,"column":47}},"77":{"start":{"line":175,"column":1},"end":{"line":175,"column":21}},"78":{"start":{"line":178,"column":34},"end":{"line":178,"column":74}},"79":{"start":{"line":180,"column":13},"end":{"line":301,"column":2}},"80":{"start":{"line":190,"column":23},"end":{"line":190,"column":46}},"81":{"start":{"line":191,"column":26},"end":{"line":193,"column":null}},"82":{"start":{"line":196,"column":18},"end":{"line":196,"column":45}},"83":{"start":{"line":201,"column":7},"end":{"line":201,"column":9}},"84":{"start":{"line":203,"column":21},"end":{"line":277,"column":3}},"85":{"start":{"line":204,"column":2},"end":{"line":276,"column":5}},"86":{"start":{"line":205,"column":28},"end":{"line":207,"column":null}},"87":{"start":{"line":210,"column":3},"end":{"line":275,"column":null}},"88":{"start":{"line":212,"column":5},"end":{"line":232,"column":null}},"89":{"start":{"line":213,"column":23},"end":{"line":213,"column":26}},"90":{"start":{"line":214,"column":6},"end":{"line":221,"column":null}},"91":{"start":{"line":215,"column":7},"end":{"line":218,"column":9}},"92":{"start":{"line":223,"column":6},"end":{"line":227,"column":9}},"93":{"start":{"line":229,"column":12},"end":{"line":231,"column":12}},"94":{"start":{"line":234,"column":5},"end":{"line":234,"column":11}},"95":{"start":{"line":236,"column":5},"end":{"line":258,"column":null}},"96":{"start":{"line":237,"column":23},"end":{"line":237,"column":26}},"97":{"start":{"line":238,"column":6},"end":{"line":245,"column":null}},"98":{"start":{"line":239,"column":7},"end":{"line":242,"column":9}},"99":{"start":{"line":247,"column":48},"end":{"line":249,"column":17}},"100":{"start":{"line":251,"column":6},"end":{"line":257,"column":null}},"101":{"start":{"line":252,"column":7},"end":{"line":256,"column":10}},"102":{"start":{"line":260,"column":11},"end":{"line":264,"column":13}},"103":{"start":{"line":266,"column":5},"end":{"line":266,"column":43}},"104":{"start":{"line":268,"column":5},"end":{"line":268,"column":11}},"105":{"start":{"line":271,"column":5},"end":{"line":271,"column":11}},"106":{"start":{"line":273,"column":5},"end":{"line":273,"column":41}},"107":{"start":{"line":274,"column":5},"end":{"line":274,"column":11}},"108":{"start":{"line":279,"column":1},"end":{"line":283,"column":4}},"109":{"start":{"line":285,"column":1},"end":{"line":290,"column":null}},"110":{"start":{"line":286,"column":2},"end":{"line":289,"column":4}},"111":{"start":{"line":292,"column":22},"end":{"line":292,"column":62}},"112":{"start":{"line":294,"column":1},"end":{"line":298,"column":4}},"113":{"start":{"line":295,"column":2},"end":{"line":297,"column":4}},"114":{"start":{"line":300,"column":1},"end":{"line":300,"column":15}},"115":{"start":{"line":303,"column":13},"end":{"line":311,"column":2}},"116":{"start":{"line":304,"column":13},"end":{"line":304,"column":15}},"117":{"start":{"line":305,"column":1},"end":{"line":309,"column":4}},"118":{"start":{"line":306,"column":2},"end":{"line":308,"column":null}},"119":{"start":{"line":307,"column":3},"end":{"line":307,"column":30}},"120":{"start":{"line":310,"column":1},"end":{"line":310,"column":14}},"121":{"start":{"line":313,"column":13},"end":{"line":319,"column":2}},"122":{"start":{"line":317,"column":15},"end":{"line":317,"column":47}},"123":{"start":{"line":317,"column":35},"end":{"line":317,"column":47}},"124":{"start":{"line":318,"column":1},"end":{"line":318,"column":14}},"125":{"start":{"line":321,"column":0},"end":{"line":321,"column":null}},"126":{"start":{"line":322,"column":1},"end":{"line":322,"column":null}},"127":{"start":{"line":323,"column":1},"end":{"line":323,"column":null}},"128":{"start":{"line":324,"column":1},"end":{"line":324,"column":null}},"129":{"start":{"line":325,"column":1},"end":{"line":325,"column":null}},"130":{"start":{"line":328,"column":18},"end":{"line":328,"column":38}},"131":{"start":{"line":333,"column":30},"end":{"line":333,"column":39}},"132":{"start":{"line":329,"column":13},"end":{"line":329,"column":28}},"133":{"start":{"line":333,"column":9},"end":{"line":333,"column":13}},"134":{"start":{"line":330,"column":13},"end":{"line":330,"column":28}},"135":{"start":{"line":333,"column":15},"end":{"line":333,"column":19}},"136":{"start":{"line":331,"column":16},"end":{"line":331,"column":34}},"137":{"start":{"line":333,"column":21},"end":{"line":333,"column":28}},"138":{"start":{"line":337,"column":13},"end":{"line":374,"column":2}},"139":{"start":{"line":338,"column":1},"end":{"line":373,"column":4}},"140":{"start":{"line":339,"column":17},"end":{"line":339,"column":23}},"141":{"start":{"line":342,"column":20},"end":{"line":346,"column":3}},"142":{"start":{"line":343,"column":3},"end":{"line":343,"column":34}},"143":{"start":{"line":345,"column":3},"end":{"line":345,"column":17}},"144":{"start":{"line":348,"column":23},"end":{"line":358,"column":4}},"145":{"start":{"line":349,"column":7},"end":{"line":349,"column":9}},"146":{"start":{"line":350,"column":4},"end":{"line":350,"column":28}},"147":{"start":{"line":353,"column":3},"end":{"line":353,"column":42}},"148":{"start":{"line":355,"column":3},"end":{"line":355,"column":33}},"149":{"start":{"line":357,"column":3},"end":{"line":357,"column":25}},"150":{"start":{"line":360,"column":2},"end":{"line":362,"column":null}},"151":{"start":{"line":361,"column":3},"end":{"line":361,"column":25}},"152":{"start":{"line":364,"column":2},"end":{"line":366,"column":null}},"153":{"start":{"line":365,"column":3},"end":{"line":365,"column":22}},"154":{"start":{"line":368,"column":2},"end":{"line":368,"column":45}},"155":{"start":{"line":368,"column":26},"end":{"line":368,"column":45}},"156":{"start":{"line":370,"column":2},"end":{"line":370,"column":30}},"157":{"start":{"line":371,"column":2},"end":{"line":371,"column":25}},"158":{"start":{"line":372,"column":2},"end":{"line":372,"column":30}},"159":{"start":{"line":376,"column":20},"end":{"line":378,"column":1}},"160":{"start":{"line":377,"column":1},"end":{"line":377,"column":77}},"161":{"start":{"line":379,"column":13},"end":{"line":379,"column":30}},"162":{"start":{"line":379,"column":19},"end":{"line":379,"column":54}},"163":{"start":{"line":381,"column":14},"end":{"line":381,"column":36}},"164":{"start":{"line":383,"column":1},"end":{"line":385,"column":3}},"165":{"start":{"line":384,"column":2},"end":{"line":384,"column":20}},"166":{"start":{"line":380,"column":0},"end":{"line":380,"column":16}},"167":{"start":{"line":401,"column":1},"end":{"line":409,"column":null}},"168":{"start":{"line":406,"column":2},"end":{"line":406,"column":31}},"169":{"start":{"line":408,"column":2},"end":{"line":408,"column":20}},"170":{"start":{"line":400,"column":0},"end":{"line":400,"column":16}},"171":{"start":{"line":415,"column":1},"end":{"line":434,"column":3}},"172":{"start":{"line":418,"column":2},"end":{"line":431,"column":null}},"173":{"start":{"line":418,"column":26},"end":{"line":418,"column":42}},"174":{"start":{"line":418,"column":40},"end":{"line":418,"column":42}},"175":{"start":{"line":418,"column":22},"end":{"line":418,"column":26}},"176":{"start":{"line":419,"column":11},"end":{"line":419,"column":16}},"177":{"start":{"line":419,"column":18},"end":{"line":419,"column":31}},"178":{"start":{"line":422,"column":26},"end":{"line":422,"column":76}},"179":{"start":{"line":424,"column":3},"end":{"line":426,"column":null}},"180":{"start":{"line":425,"column":4},"end":{"line":425,"column":31}},"181":{"start":{"line":428,"column":3},"end":{"line":430,"column":null}},"182":{"start":{"line":429,"column":4},"end":{"line":429,"column":30}},"183":{"start":{"line":433,"column":2},"end":{"line":433,"column":11}},"184":{"start":{"line":412,"column":0},"end":{"line":412,"column":16}},"185":{"start":{"line":445,"column":1},"end":{"line":445,"column":null}},"186":{"start":{"line":447,"column":9},"end":{"line":447,"column":13}},"187":{"start":{"line":448,"column":9},"end":{"line":448,"column":13}},"188":{"start":{"line":450,"column":24},"end":{"line":454,"column":2}},"189":{"start":{"line":451,"column":2},"end":{"line":453,"column":4}},"190":{"start":{"line":457,"column":1},"end":{"line":462,"column":null}},"191":{"start":{"line":461,"column":2},"end":{"line":461,"column":15}},"192":{"start":{"line":465,"column":1},"end":{"line":471,"column":null}},"193":{"start":{"line":466,"column":2},"end":{"line":468,"column":null}},"194":{"start":{"line":467,"column":3},"end":{"line":467,"column":15}},"195":{"start":{"line":470,"column":2},"end":{"line":470,"column":17}},"196":{"start":{"line":474,"column":1},"end":{"line":479,"column":null}},"197":{"start":{"line":478,"column":2},"end":{"line":478,"column":15}},"198":{"start":{"line":481,"column":1},"end":{"line":484,"column":null}},"199":{"start":{"line":482,"column":2},"end":{"line":482,"column":13}},"200":{"start":{"line":483,"column":2},"end":{"line":483,"column":13}},"201":{"start":{"line":486,"column":1},"end":{"line":489,"column":null}},"202":{"start":{"line":487,"column":2},"end":{"line":487,"column":28}},"203":{"start":{"line":488,"column":2},"end":{"line":488,"column":28}},"204":{"start":{"line":491,"column":15},"end":{"line":491,"column":29}},"205":{"start":{"line":492,"column":15},"end":{"line":492,"column":29}},"206":{"start":{"line":495,"column":1},"end":{"line":497,"column":null}},"207":{"start":{"line":496,"column":2},"end":{"line":496,"column":15}},"208":{"start":{"line":502,"column":14},"end":{"line":502,"column":58}},"209":{"start":{"line":504,"column":1},"end":{"line":511,"column":null}},"210":{"start":{"line":504,"column":19},"end":{"line":504,"column":25}},"211":{"start":{"line":504,"column":23},"end":{"line":504,"column":25}},"212":{"start":{"line":504,"column":15},"end":{"line":504,"column":19}},"213":{"start":{"line":505,"column":15},"end":{"line":505,"column":21}},"214":{"start":{"line":506,"column":15},"end":{"line":506,"column":21}},"215":{"start":{"line":508,"column":2},"end":{"line":510,"column":null}},"216":{"start":{"line":509,"column":3},"end":{"line":509,"column":16}},"217":{"start":{"line":513,"column":1},"end":{"line":513,"column":13}},"218":{"start":{"line":442,"column":0},"end":{"line":442,"column":16}},"219":{"start":{"line":516,"column":13},"end":{"line":518,"column":2}},"220":{"start":{"line":517,"column":1},"end":{"line":517,"column":72}},"221":{"start":{"line":520,"column":13},"end":{"line":524,"column":2}},"222":{"start":{"line":521,"column":1},"end":{"line":523,"column":3}},"223":{"start":{"line":526,"column":13},"end":{"line":530,"column":2}},"224":{"start":{"line":527,"column":1},"end":{"line":529,"column":3}},"225":{"start":{"line":532,"column":13},"end":{"line":534,"column":2}},"226":{"start":{"line":533,"column":1},"end":{"line":533,"column":36}},"227":{"start":{"line":536,"column":13},"end":{"line":540,"column":2}},"228":{"start":{"line":537,"column":1},"end":{"line":539,"column":3}},"229":{"start":{"line":542,"column":13},"end":{"line":549,"column":2}},"230":{"start":{"line":543,"column":1},"end":{"line":548,"column":null}},"231":{"start":{"line":544,"column":2},"end":{"line":544,"column":18}},"232":{"start":{"line":545,"column":2},"end":{"line":545,"column":14}},"233":{"start":{"line":547,"column":2},"end":{"line":547,"column":15}},"234":{"start":{"line":551,"column":13},"end":{"line":557,"column":2}},"235":{"start":{"line":552,"column":1},"end":{"line":556,"column":null}},"236":{"start":{"line":553,"column":2},"end":{"line":553,"column":24}},"237":{"start":{"line":555,"column":2},"end":{"line":555,"column":15}},"238":{"start":{"line":559,"column":13},"end":{"line":561,"column":2}},"239":{"start":{"line":560,"column":1},"end":{"line":560,"column":38}},"240":{"start":{"line":563,"column":13},"end":{"line":567,"column":2}},"241":{"start":{"line":564,"column":1},"end":{"line":566,"column":3}}},"fnMap":{"0":{"name":"(anonymous_18)","decl":{"start":{"line":23,"column":31},"end":{"line":23,"column":32}},"loc":{"start":{"line":23,"column":72},"end":{"line":27,"column":1}}},"1":{"name":"(anonymous_19)","decl":{"start":{"line":29,"column":33},"end":{"line":29,"column":34}},"loc":{"start":{"line":29,"column":42},"end":{"line":31,"column":1}}},"2":{"name":"(anonymous_20)","decl":{"start":{"line":33,"column":33},"end":{"line":33,"column":null}},"loc":{"start":{"line":36,"column":64},"end":{"line":77,"column":1}}},"3":{"name":"(anonymous_21)","decl":{"start":{"line":60,"column":56},"end":{"line":60,"column":72}},"loc":{"start":{"line":60,"column":72},"end":{"line":74,"column":2}}},"4":{"name":"(anonymous_22)","decl":{"start":{"line":79,"column":31},"end":{"line":79,"column":null}},"loc":{"start":{"line":82,"column":20},"end":{"line":114,"column":1}}},"5":{"name":"(anonymous_23)","decl":{"start":{"line":116,"column":34},"end":{"line":116,"column":null}},"loc":{"start":{"line":117,"column":9},"end":{"line":122,"column":1}}},"6":{"name":"(anonymous_24)","decl":{"start":{"line":124,"column":33},"end":{"line":124,"column":null}},"loc":{"start":{"line":125,"column":27},"end":{"line":176,"column":1}}},"7":{"name":"(anonymous_25)","decl":{"start":{"line":129,"column":39},"end":{"line":129,"column":40}},"loc":{"start":{"line":129,"column":52},"end":{"line":173,"column":2}}},"8":{"name":"(anonymous_26)","decl":{"start":{"line":133,"column":36},"end":{"line":133,"column":37}},"loc":{"start":{"line":133,"column":49},"end":{"line":154,"column":3}}},"9":{"name":"(anonymous_27)","decl":{"start":{"line":158,"column":28},"end":{"line":158,"column":37}},"loc":{"start":{"line":158,"column":37},"end":{"line":171,"column":4}}},"10":{"name":"(anonymous_28)","decl":{"start":{"line":162,"column":21},"end":{"line":162,"column":26}},"loc":{"start":{"line":162,"column":26},"end":{"line":168,"column":7}}},"11":{"name":"(anonymous_29)","decl":{"start":{"line":180,"column":29},"end":{"line":180,"column":null}},"loc":{"start":{"line":188,"column":37},"end":{"line":301,"column":1}}},"12":{"name":"(anonymous_30)","decl":{"start":{"line":203,"column":55},"end":{"line":203,"column":68}},"loc":{"start":{"line":203,"column":68},"end":{"line":277,"column":2}}},"13":{"name":"(anonymous_31)","decl":{"start":{"line":204,"column":33},"end":{"line":204,"column":34}},"loc":{"start":{"line":204,"column":53},"end":{"line":276,"column":3}}},"14":{"name":"(anonymous_32)","decl":{"start":{"line":294,"column":13},"end":{"line":294,"column":14}},"loc":{"start":{"line":294,"column":18},"end":{"line":298,"column":2}}},"15":{"name":"(anonymous_33)","decl":{"start":{"line":303,"column":24},"end":{"line":303,"column":25}},"loc":{"start":{"line":303,"column":57},"end":{"line":311,"column":1}}},"16":{"name":"(anonymous_34)","decl":{"start":{"line":305,"column":10},"end":{"line":305,"column":11}},"loc":{"start":{"line":305,"column":32},"end":{"line":309,"column":2}}},"17":{"name":"(anonymous_35)","decl":{"start":{"line":313,"column":39},"end":{"line":313,"column":null}},"loc":{"start":{"line":315,"column":12},"end":{"line":319,"column":1}}},"18":{"name":"(anonymous_36)","decl":{"start":{"line":317,"column":28},"end":{"line":317,"column":31}},"loc":{"start":{"line":317,"column":31},"end":{"line":317,"column":38}}},"19":{"name":"(anonymous_37)","decl":{"start":{"line":321,"column":0},"end":{"line":321,"column":12}},"loc":{"start":{"line":321,"column":22},"end":{"line":326,"column":1}}},"20":{"name":"(anonymous_38)","decl":{"start":{"line":337,"column":29},"end":{"line":337,"column":null}},"loc":{"start":{"line":337,"column":29},"end":{"line":374,"column":1}}},"21":{"name":"(anonymous_39)","decl":{"start":{"line":338,"column":20},"end":{"line":338,"column":27}},"loc":{"start":{"line":338,"column":27},"end":{"line":373,"column":2}}},"22":{"name":"(anonymous_40)","decl":{"start":{"line":342,"column":20},"end":{"line":342,"column":null}},"loc":{"start":{"line":342,"column":20},"end":{"line":346,"column":3}}},"23":{"name":"(anonymous_41)","decl":{"start":{"line":348,"column":23},"end":{"line":348,"column":null}},"loc":{"start":{"line":348,"column":23},"end":{"line":358,"column":4}}},"24":{"name":"(anonymous_44)","decl":{"start":{"line":376,"column":20},"end":{"line":376,"column":29}},"loc":{"start":{"line":376,"column":43},"end":{"line":378,"column":1}}},"25":{"name":"(anonymous_45)","decl":{"start":{"line":379,"column":13},"end":{"line":379,"column":19}},"loc":{"start":{"line":379,"column":13},"end":{"line":379,"column":30}}},"26":{"name":"monotonicUlidFactory","decl":{"start":{"line":380,"column":16},"end":{"line":380,"column":36}},"loc":{"start":{"line":380,"column":50},"end":{"line":386,"column":1}}},"27":{"name":"(anonymous_47)","decl":{"start":{"line":383,"column":8},"end":{"line":383,"column":null}},"loc":{"start":{"line":383,"column":8},"end":{"line":385,"column":2}}},"28":{"name":"getNow","decl":{"start":{"line":400,"column":16},"end":{"line":400,"column":22}},"loc":{"start":{"line":400,"column":22},"end":{"line":410,"column":1}}},"29":{"name":"sortCompareFunction","decl":{"start":{"line":412,"column":16},"end":{"line":412,"column":35}},"loc":{"start":{"line":413,"column":39},"end":{"line":435,"column":1}}},"30":{"name":"compareFunction","decl":{"start":{"line":415,"column":17},"end":{"line":415,"column":32}},"loc":{"start":{"line":415,"column":37},"end":{"line":434,"column":2}}},"31":{"name":"valuesEqual","decl":{"start":{"line":442,"column":16},"end":{"line":442,"column":27}},"loc":{"start":{"line":445,"column":25},"end":{"line":514,"column":1}}},"32":{"name":"(anonymous_52)","decl":{"start":{"line":450,"column":24},"end":{"line":450,"column":25}},"loc":{"start":{"line":450,"column":31},"end":{"line":454,"column":2}}},"33":{"name":"(anonymous_53)","decl":{"start":{"line":516,"column":25},"end":{"line":516,"column":26}},"loc":{"start":{"line":516,"column":37},"end":{"line":518,"column":1}}},"34":{"name":"(anonymous_54)","decl":{"start":{"line":520,"column":25},"end":{"line":520,"column":26}},"loc":{"start":{"line":520,"column":37},"end":{"line":524,"column":1}}},"35":{"name":"(anonymous_55)","decl":{"start":{"line":526,"column":29},"end":{"line":526,"column":30}},"loc":{"start":{"line":526,"column":41},"end":{"line":530,"column":1}}},"36":{"name":"(anonymous_56)","decl":{"start":{"line":532,"column":30},"end":{"line":532,"column":31}},"loc":{"start":{"line":532,"column":42},"end":{"line":534,"column":1}}},"37":{"name":"(anonymous_57)","decl":{"start":{"line":536,"column":26},"end":{"line":536,"column":27}},"loc":{"start":{"line":536,"column":38},"end":{"line":540,"column":1}}},"38":{"name":"(anonymous_58)","decl":{"start":{"line":542,"column":25},"end":{"line":542,"column":26}},"loc":{"start":{"line":542,"column":37},"end":{"line":549,"column":1}}},"39":{"name":"(anonymous_59)","decl":{"start":{"line":551,"column":24},"end":{"line":551,"column":25}},"loc":{"start":{"line":551,"column":36},"end":{"line":557,"column":1}}},"40":{"name":"(anonymous_60)","decl":{"start":{"line":559,"column":26},"end":{"line":559,"column":27}},"loc":{"start":{"line":559,"column":38},"end":{"line":561,"column":1}}},"41":{"name":"(anonymous_61)","decl":{"start":{"line":563,"column":30},"end":{"line":563,"column":31}},"loc":{"start":{"line":563,"column":42},"end":{"line":567,"column":1}}}},"branchMap":{"0":{"loc":{"start":{"line":23,"column":44},"end":{"line":23,"column":null}},"type":"if","locations":[{"start":{"line":23,"column":44},"end":{"line":23,"column":null}},{"start":{"line":23,"column":44},"end":{"line":23,"column":null}}]},"1":{"loc":{"start":{"line":24,"column":1},"end":{"line":26,"column":null}},"type":"if","locations":[{"start":{"line":24,"column":1},"end":{"line":26,"column":null}},{"start":{"line":24,"column":1},"end":{"line":26,"column":null}}]},"2":{"loc":{"start":{"line":30,"column":8},"end":{"line":30,"column":34}},"type":"binary-expr","locations":[{"start":{"line":30,"column":8},"end":{"line":30,"column":34}},{"start":{"line":30,"column":38},"end":{"line":30,"column":55}},{"start":{"line":30,"column":59},"end":{"line":30,"column":71}}]},"3":{"loc":{"start":{"line":41,"column":1},"end":{"line":43,"column":null}},"type":"if","locations":[{"start":{"line":41,"column":1},"end":{"line":43,"column":null}},{"start":{"line":41,"column":1},"end":{"line":43,"column":null}}]},"4":{"loc":{"start":{"line":46,"column":2},"end":{"line":49,"column":9}},"type":"switch","locations":[{"start":{"line":46,"column":2},"end":{"line":49,"column":9}},{"start":{"line":50,"column":2},"end":{"line":52,"column":9}},{"start":{"line":53,"column":2},"end":{"line":55,"column":9}},{"start":{"line":56,"column":2},"end":{"line":57,"column":30}}]},"5":{"loc":{"start":{"line":61,"column":2},"end":{"line":66,"column":null}},"type":"if","locations":[{"start":{"line":61,"column":2},"end":{"line":66,"column":null}},{"start":{"line":61,"column":2},"end":{"line":66,"column":null}}]},"6":{"loc":{"start":{"line":68,"column":2},"end":{"line":71,"column":null}},"type":"if","locations":[{"start":{"line":68,"column":2},"end":{"line":71,"column":null}},{"start":{"line":68,"column":2},"end":{"line":71,"column":null}}]},"7":{"loc":{"start":{"line":76,"column":21},"end":{"line":76,"column":28}},"type":"cond-expr","locations":[{"start":{"line":76,"column":21},"end":{"line":76,"column":28}},{"start":{"line":76,"column":31},"end":{"line":76,"column":37}}]},"8":{"loc":{"start":{"line":85,"column":2},"end":{"line":86,"column":28}},"type":"switch","locations":[{"start":{"line":85,"column":2},"end":{"line":86,"column":28}},{"start":{"line":87,"column":2},"end":{"line":88,"column":28}},{"start":{"line":89,"column":2},"end":{"line":90,"column":27}},{"start":{"line":91,"column":2},"end":{"line":92,"column":26}},{"start":{"line":93,"column":2},"end":{"line":94,"column":27}},{"start":{"line":95,"column":2},"end":{"line":96,"column":26}},{"start":{"line":97,"column":2},"end":{"line":99,"column":39}},{"start":{"line":100,"column":2},"end":{"line":101,"column":76}},{"start":{"line":102,"column":2},"end":{"line":105,"column":5}},{"start":{"line":106,"column":2},"end":{"line":109,"column":5}},{"start":{"line":110,"column":2},"end":{"line":112,"column":16}}]},"9":{"loc":{"start":{"line":99,"column":10},"end":{"line":99,"column":22}},"type":"binary-expr","locations":[{"start":{"line":99,"column":10},"end":{"line":99,"column":22}},{"start":{"line":99,"column":26},"end":{"line":99,"column":38}}]},"10":{"loc":{"start":{"line":120,"column":2},"end":{"line":120,"column":5}},"type":"binary-expr","locations":[{"start":{"line":120,"column":2},"end":{"line":120,"column":5}},{"start":{"line":120,"column":9},"end":{"line":120,"column":74}}]},"11":{"loc":{"start":{"line":135,"column":3},"end":{"line":153,"column":null}},"type":"if","locations":[{"start":{"line":135,"column":3},"end":{"line":153,"column":null}},{"start":{"line":135,"column":3},"end":{"line":153,"column":null}}]},"12":{"loc":{"start":{"line":136,"column":4},"end":{"line":136,"column":43}},"type":"binary-expr","locations":[{"start":{"line":136,"column":4},"end":{"line":136,"column":43}},{"start":{"line":137,"column":4},"end":{"line":137,"column":34}}]},"13":{"loc":{"start":{"line":148,"column":4},"end":{"line":152,"column":null}},"type":"if","locations":[{"start":{"line":148,"column":4},"end":{"line":152,"column":null}},{"start":{"line":148,"column":4},"end":{"line":152,"column":null}}]},"14":{"loc":{"start":{"line":157,"column":2},"end":{"line":172,"column":null}},"type":"if","locations":[{"start":{"line":157,"column":2},"end":{"line":172,"column":null}},{"start":{"line":157,"column":2},"end":{"line":172,"column":null}}]},"15":{"loc":{"start":{"line":159,"column":4},"end":{"line":170,"column":null}},"type":"if","locations":[{"start":{"line":159,"column":4},"end":{"line":170,"column":null}},{"start":{"line":159,"column":4},"end":{"line":170,"column":null}}]},"16":{"loc":{"start":{"line":161,"column":5},"end":{"line":169,"column":null}},"type":"if","locations":[{"start":{"line":161,"column":5},"end":{"line":169,"column":null}},{"start":{"line":161,"column":5},"end":{"line":169,"column":null}}]},"17":{"loc":{"start":{"line":165,"column":7},"end":{"line":167,"column":null}},"type":"if","locations":[{"start":{"line":165,"column":7},"end":{"line":167,"column":null}},{"start":{"line":165,"column":7},"end":{"line":167,"column":null}}]},"18":{"loc":{"start":{"line":211,"column":4},"end":{"line":234,"column":11}},"type":"switch","locations":[{"start":{"line":211,"column":4},"end":{"line":234,"column":11}},{"start":{"line":235,"column":4},"end":{"line":268,"column":11}},{"start":{"line":269,"column":4},"end":{"line":271,"column":11}},{"start":{"line":272,"column":4},"end":{"line":274,"column":11}}]},"19":{"loc":{"start":{"line":212,"column":5},"end":{"line":232,"column":null}},"type":"if","locations":[{"start":{"line":212,"column":5},"end":{"line":232,"column":null}},{"start":{"line":212,"column":5},"end":{"line":232,"column":null}}]},"20":{"loc":{"start":{"line":236,"column":5},"end":{"line":258,"column":null}},"type":"if","locations":[{"start":{"line":236,"column":5},"end":{"line":258,"column":null}},{"start":{"line":236,"column":5},"end":{"line":258,"column":null}}]},"21":{"loc":{"start":{"line":251,"column":6},"end":{"line":257,"column":null}},"type":"if","locations":[{"start":{"line":251,"column":6},"end":{"line":257,"column":null}},{"start":{"line":251,"column":6},"end":{"line":257,"column":null}}]},"22":{"loc":{"start":{"line":263,"column":26},"end":{"line":263,"column":60}},"type":"cond-expr","locations":[{"start":{"line":263,"column":26},"end":{"line":263,"column":60}},{"start":{"line":264,"column":8},"end":{"line":264,"column":12}}]},"23":{"loc":{"start":{"line":285,"column":1},"end":{"line":290,"column":null}},"type":"if","locations":[{"start":{"line":285,"column":1},"end":{"line":290,"column":null}},{"start":{"line":285,"column":1},"end":{"line":290,"column":null}}]},"24":{"loc":{"start":{"line":306,"column":2},"end":{"line":308,"column":null}},"type":"if","locations":[{"start":{"line":306,"column":2},"end":{"line":308,"column":null}},{"start":{"line":306,"column":2},"end":{"line":308,"column":null}}]},"25":{"loc":{"start":{"line":321,"column":12},"end":{"line":321,"column":22}},"type":"binary-expr","locations":[{"start":{"line":321,"column":12},"end":{"line":321,"column":22}},{"start":{"line":321,"column":12},"end":{"line":321,"column":null}}]},"26":{"loc":{"start":{"line":353,"column":3},"end":{"line":353,"column":42}},"type":"switch","locations":[{"start":{"line":353,"column":3},"end":{"line":353,"column":42}}]},"27":{"loc":{"start":{"line":349,"column":7},"end":{"line":349,"column":9}},"type":"if","locations":[{"start":{"line":349,"column":7},"end":{"line":349,"column":9}},{"start":{"line":349,"column":7},"end":{"line":349,"column":9}}]},"28":{"loc":{"start":{"line":349,"column":7},"end":{"line":349,"column":9}},"type":"binary-expr","locations":[{"start":{"line":349,"column":7},"end":{"line":349,"column":9}},{"start":{"line":349,"column":13},"end":{"line":349,"column":22}},{"start":{"line":349,"column":26},"end":{"line":349,"column":63}}]},"29":{"loc":{"start":{"line":360,"column":2},"end":{"line":362,"column":null}},"type":"if","locations":[{"start":{"line":360,"column":2},"end":{"line":362,"column":null}},{"start":{"line":360,"column":2},"end":{"line":362,"column":null}}]},"30":{"loc":{"start":{"line":364,"column":2},"end":{"line":366,"column":null}},"type":"if","locations":[{"start":{"line":364,"column":2},"end":{"line":366,"column":null}},{"start":{"line":364,"column":2},"end":{"line":366,"column":null}}]},"31":{"loc":{"start":{"line":368,"column":2},"end":{"line":368,"column":45}},"type":"if","locations":[{"start":{"line":368,"column":2},"end":{"line":368,"column":45}},{"start":{"line":368,"column":2},"end":{"line":368,"column":45}}]},"32":{"loc":{"start":{"line":401,"column":1},"end":{"line":409,"column":null}},"type":"if","locations":[{"start":{"line":401,"column":1},"end":{"line":409,"column":null}},{"start":{"line":401,"column":1},"end":{"line":409,"column":null}}]},"33":{"loc":{"start":{"line":402,"column":2},"end":{"line":402,"column":36}},"type":"binary-expr","locations":[{"start":{"line":402,"column":2},"end":{"line":402,"column":36}},{"start":{"line":403,"column":2},"end":{"line":403,"column":13}},{"start":{"line":404,"column":2},"end":{"line":404,"column":39}}]},"34":{"loc":{"start":{"line":422,"column":70},"end":{"line":422,"column":71}},"type":"cond-expr","locations":[{"start":{"line":422,"column":70},"end":{"line":422,"column":71}},{"start":{"line":422,"column":74},"end":{"line":422,"column":76}}]},"35":{"loc":{"start":{"line":424,"column":3},"end":{"line":426,"column":null}},"type":"if","locations":[{"start":{"line":424,"column":3},"end":{"line":426,"column":null}},{"start":{"line":424,"column":3},"end":{"line":426,"column":null}}]},"36":{"loc":{"start":{"line":428,"column":3},"end":{"line":430,"column":null}},"type":"if","locations":[{"start":{"line":428,"column":3},"end":{"line":430,"column":null}},{"start":{"line":428,"column":3},"end":{"line":430,"column":null}}]},"37":{"loc":{"start":{"line":445,"column":1},"end":{"line":445,"column":null}},"type":"if","locations":[{"start":{"line":445,"column":1},"end":{"line":445,"column":null}},{"start":{"line":445,"column":1},"end":{"line":445,"column":null}}]},"38":{"loc":{"start":{"line":452,"column":4},"end":{"line":452,"column":20}},"type":"binary-expr","locations":[{"start":{"line":452,"column":4},"end":{"line":452,"column":20}},{"start":{"line":452,"column":24},"end":{"line":452,"column":35}},{"start":{"line":452,"column":41},"end":{"line":452,"column":57}},{"start":{"line":452,"column":61},"end":{"line":452,"column":72}}]},"39":{"loc":{"start":{"line":457,"column":1},"end":{"line":462,"column":null}},"type":"if","locations":[{"start":{"line":457,"column":1},"end":{"line":462,"column":null}},{"start":{"line":457,"column":1},"end":{"line":462,"column":null}}]},"40":{"loc":{"start":{"line":458,"column":3},"end":{"line":458,"column":22}},"type":"binary-expr","locations":[{"start":{"line":458,"column":3},"end":{"line":458,"column":22}},{"start":{"line":458,"column":26},"end":{"line":458,"column":48}},{"start":{"line":459,"column":3},"end":{"line":459,"column":25}},{"start":{"line":459,"column":29},"end":{"line":459,"column":48}}]},"41":{"loc":{"start":{"line":465,"column":1},"end":{"line":471,"column":null}},"type":"if","locations":[{"start":{"line":465,"column":1},"end":{"line":471,"column":null}},{"start":{"line":465,"column":1},"end":{"line":471,"column":null}}]},"42":{"loc":{"start":{"line":466,"column":2},"end":{"line":468,"column":null}},"type":"if","locations":[{"start":{"line":466,"column":2},"end":{"line":468,"column":null}},{"start":{"line":466,"column":2},"end":{"line":468,"column":null}}]},"43":{"loc":{"start":{"line":466,"column":6},"end":{"line":466,"column":13}},"type":"binary-expr","locations":[{"start":{"line":466,"column":6},"end":{"line":466,"column":13}},{"start":{"line":466,"column":17},"end":{"line":466,"column":37}}]},"44":{"loc":{"start":{"line":474,"column":1},"end":{"line":479,"column":null}},"type":"if","locations":[{"start":{"line":474,"column":1},"end":{"line":479,"column":null}},{"start":{"line":474,"column":1},"end":{"line":479,"column":null}}]},"45":{"loc":{"start":{"line":475,"column":3},"end":{"line":475,"column":19}},"type":"binary-expr","locations":[{"start":{"line":475,"column":3},"end":{"line":475,"column":19}},{"start":{"line":475,"column":23},"end":{"line":475,"column":40}},{"start":{"line":476,"column":3},"end":{"line":476,"column":19}},{"start":{"line":476,"column":23},"end":{"line":476,"column":40}}]},"46":{"loc":{"start":{"line":481,"column":1},"end":{"line":484,"column":null}},"type":"if","locations":[{"start":{"line":481,"column":1},"end":{"line":484,"column":null}},{"start":{"line":481,"column":1},"end":{"line":484,"column":null}}]},"47":{"loc":{"start":{"line":481,"column":5},"end":{"line":481,"column":21}},"type":"binary-expr","locations":[{"start":{"line":481,"column":5},"end":{"line":481,"column":21}},{"start":{"line":481,"column":25},"end":{"line":481,"column":41}}]},"48":{"loc":{"start":{"line":486,"column":1},"end":{"line":489,"column":null}},"type":"if","locations":[{"start":{"line":486,"column":1},"end":{"line":489,"column":null}},{"start":{"line":486,"column":1},"end":{"line":489,"column":null}}]},"49":{"loc":{"start":{"line":486,"column":5},"end":{"line":486,"column":21}},"type":"binary-expr","locations":[{"start":{"line":486,"column":5},"end":{"line":486,"column":21}},{"start":{"line":486,"column":25},"end":{"line":486,"column":41}}]},"50":{"loc":{"start":{"line":495,"column":1},"end":{"line":497,"column":null}},"type":"if","locations":[{"start":{"line":495,"column":1},"end":{"line":497,"column":null}},{"start":{"line":495,"column":1},"end":{"line":497,"column":null}}]},"51":{"loc":{"start":{"line":495,"column":5},"end":{"line":495,"column":34}},"type":"binary-expr","locations":[{"start":{"line":495,"column":5},"end":{"line":495,"column":34}},{"start":{"line":495,"column":39},"end":{"line":495,"column":47}},{"start":{"line":495,"column":51},"end":{"line":495,"column":67}}]},"52":{"loc":{"start":{"line":502,"column":45},"end":{"line":502,"column":50}},"type":"cond-expr","locations":[{"start":{"line":502,"column":45},"end":{"line":502,"column":50}},{"start":{"line":502,"column":53},"end":{"line":502,"column":58}}]},"53":{"loc":{"start":{"line":508,"column":2},"end":{"line":510,"column":null}},"type":"if","locations":[{"start":{"line":508,"column":2},"end":{"line":510,"column":null}},{"start":{"line":508,"column":2},"end":{"line":510,"column":null}}]}},"s":{"0":160,"1":160,"2":160,"3":160,"4":160,"5":160,"6":302,"7":302,"8":0,"9":160,"10":2715,"11":160,"12":101,"13":101,"14":10,"15":91,"16":0,"17":0,"18":0,"19":91,"20":91,"21":0,"22":0,"23":0,"24":91,"25":104,"26":104,"27":104,"28":104,"29":104,"30":104,"31":0,"32":0,"33":0,"34":0,"35":0,"36":91,"37":160,"38":104,"39":27,"40":50,"41":0,"42":0,"43":0,"44":0,"45":0,"46":0,"47":0,"48":0,"49":21,"50":6,"51":0,"52":0,"53":0,"54":160,"55":1636,"56":160,"57":312,"58":312,"59":719,"60":719,"61":719,"62":2971,"63":2971,"64":370,"65":370,"66":370,"67":163,"68":719,"69":363,"70":458,"71":95,"72":95,"73":95,"74":95,"75":95,"76":0,"77":312,"78":160,"79":160,"80":163,"81":163,"82":163,"83":163,"84":163,"85":163,"86":169,"87":169,"88":14,"89":0,"90":0,"91":0,"92":0,"93":0,"94":14,"95":87,"96":68,"97":68,"98":68,"99":68,"100":68,"101":68,"102":87,"103":87,"104":87,"105":68,"106":0,"107":0,"108":163,"109":163,"110":39,"111":163,"112":163,"113":74,"114":163,"115":160,"116":201,"117":201,"118":502,"119":199,"120":201,"121":160,"122":106,"123":119,"124":106,"125":160,"126":160,"127":160,"128":160,"129":160,"130":160,"131":160,"132":160,"133":160,"134":160,"135":160,"136":160,"137":160,"138":160,"139":320,"140":320,"141":320,"142":0,"143":0,"144":640,"145":625,"146":30,"147":640,"148":320,"149":320,"150":320,"151":305,"152":15,"153":0,"154":15,"155":0,"156":15,"157":15,"158":15,"159":160,"160":1216,"161":160,"162":1216,"163":141,"164":141,"165":94,"166":160,"167":0,"168":0,"169":0,"170":160,"171":7,"172":24,"173":24,"174":24,"175":36,"176":36,"177":36,"178":36,"179":36,"180":8,"181":28,"182":16,"183":0,"184":160,"185":162,"186":125,"187":125,"188":125,"189":33,"190":125,"191":1,"192":124,"193":71,"194":11,"195":60,"196":53,"197":1,"198":52,"199":6,"200":6,"201":52,"202":4,"203":4,"204":52,"205":52,"206":52,"207":11,"208":41,"209":41,"210":41,"211":41,"212":60,"213":60,"214":60,"215":60,"216":13,"217":28,"218":160,"219":160,"220":12,"221":160,"222":20,"223":160,"224":215,"225":160,"226":8,"227":160,"228":84,"229":160,"230":16,"231":16,"232":10,"233":6,"234":160,"235":7,"236":7,"237":4,"238":160,"239":10,"240":160,"241":27},"f":{"0":302,"1":2715,"2":101,"3":104,"4":104,"5":1636,"6":312,"7":719,"8":2971,"9":458,"10":95,"11":163,"12":163,"13":169,"14":74,"15":201,"16":502,"17":106,"18":119,"19":160,"20":320,"21":320,"22":0,"23":640,"24":1216,"25":1216,"26":141,"27":94,"28":0,"29":7,"30":24,"31":125,"32":33,"33":12,"34":20,"35":215,"36":8,"37":84,"38":16,"39":7,"40":10,"41":27},"b":{"0":[0,302],"1":[0,302],"2":[2715,2708,2708],"3":[10,91],"4":[0,91,0,0],"5":[104,0],"6":[0,0],"7":[0,91],"8":[27,50,0,0,0,0,0,21,6,0,0],"9":[0,0],"10":[1636,1634],"11":[370,2601],"12":[2971,526],"13":[163,207],"14":[363,356],"15":[95,363],"16":[95,0],"17":[0,95],"18":[14,87,68,0],"19":[0,14],"20":[68,19],"21":[68,0],"22":[68,19],"23":[39,124],"24":[199,303],"25":[160,160],"26":[320],"27":[305,15],"28":[320,15,15],"29":[305,15],"30":[0,15],"31":[0,15],"32":[0,0],"33":[0,0,0],"34":[20,16],"35":[8,28],"36":[16,12],"37":[37,88],"38":[33,28,12,5],"39":[1,124],"40":[125,54,124,71],"41":[71,53],"42":[11,60],"43":[71,33],"44":[1,52],"45":[53,21,52,20],"46":[6,46],"47":[52,6],"48":[4,48],"49":[52,4],"50":[11,41],"51":[52,17,8],"52":[39,2],"53":[13,47]}}
,"C:\\Users\\Pawel\\Documents\\Programowanie\\PROTON\\amplify-js\\packages\\datastore\\src\\authModeStrategies\\defaultAuthStrategy.ts": {"path":"C:\\Users\\Pawel\\Documents\\Programowanie\\PROTON\\amplify-js\\packages\\datastore\\src\\authModeStrategies\\defaultAuthStrategy.ts","statementMap":{"0":{"start":{"line":6,"column":13},"end":{"line":6,"column":62}},"1":{"start":{"line":6,"column":59},"end":{"line":6,"column":62}}},"fnMap":{"0":{"name":"(anonymous_0)","decl":{"start":{"line":6,"column":53},"end":{"line":6,"column":59}},"loc":{"start":{"line":6,"column":53},"end":{"line":6,"column":61}}}},"branchMap":{},"s":{"0":104,"1":1},"f":{"0":1},"b":{}}
,"C:\\Users\\Pawel\\Documents\\Programowanie\\PROTON\\amplify-js\\packages\\datastore\\src\\authModeStrategies\\index.ts": {"path":"C:\\Users\\Pawel\\Documents\\Programowanie\\PROTON\\amplify-js\\packages\\datastore\\src\\authModeStrategies\\index.ts","statementMap":{"0":{"start":{"line":1,"column":0},"end":{"line":1,"column":9}},"1":{"start":{"line":1,"column":9},"end":{"line":1,"column":60}},"2":{"start":{"line":2,"column":0},"end":{"line":2,"column":9}},"3":{"start":{"line":2,"column":9},"end":{"line":2,"column":56}}},"fnMap":{},"branchMap":{},"s":{"0":103,"1":103,"2":103,"3":103},"f":{},"b":{}}
,"C:\\Users\\Pawel\\Documents\\Programowanie\\PROTON\\amplify-js\\packages\\datastore\\src\\authModeStrategies\\multiAuthStrategy.ts": {"path":"C:\\Users\\Pawel\\Documents\\Programowanie\\PROTON\\amplify-js\\packages\\datastore\\src\\authModeStrategies\\multiAuthStrategy.ts","statementMap":{"0":{"start":{"line":1,"column":0},"end":{"line":1,"column":37}},"1":{"start":{"line":2,"column":0},"end":{"line":2,"column":61}},"2":{"start":{"line":3,"column":0},"end":{"line":3,"column":null}},"3":{"start":{"line":13,"column":1},"end":{"line":15,"column":null}},"4":{"start":{"line":14,"column":2},"end":{"line":14,"column":47}},"5":{"start":{"line":17,"column":1},"end":{"line":19,"column":null}},"6":{"start":{"line":18,"column":2},"end":{"line":18,"column":44}},"7":{"start":{"line":20,"column":1},"end":{"line":20,"column":22}},"8":{"start":{"line":24,"column":27},"end":{"line":24,"column":67}},"9":{"start":{"line":25,"column":30},"end":{"line":25,"column":68}},"10":{"start":{"line":27,"column":1},"end":{"line":39,"column":3}},"11":{"start":{"line":29,"column":3},"end":{"line":34,"column":null}},"12":{"start":{"line":30,"column":4},"end":{"line":33,"column":6}},"13":{"start":{"line":35,"column":3},"end":{"line":37,"column":5}},"14":{"start":{"line":43,"column":1},"end":{"line":43,"column":6}},"15":{"start":{"line":44,"column":1},"end":{"line":44,"column":12}},"16":{"start":{"line":50,"column":19},"end":{"line":50,"column":47}},"17":{"start":{"line":52,"column":1},"end":{"line":91,"column":4}},"18":{"start":{"line":53,"column":2},"end":{"line":90,"column":null}},"19":{"start":{"line":57,"column":4},"end":{"line":63,"column":null}},"20":{"start":{"line":58,"column":5},"end":{"line":62,"column":null}},"21":{"start":{"line":59,"column":6},"end":{"line":59,"column":65}},"22":{"start":{"line":60,"column":12},"end":{"line":62,"column":null}},"23":{"start":{"line":61,"column":6},"end":{"line":61,"column":54}},"24":{"start":{"line":64,"column":4},"end":{"line":64,"column":10}},"25":{"start":{"line":68,"column":4},"end":{"line":75,"column":null}},"26":{"start":{"line":70,"column":5},"end":{"line":74,"column":null}},"27":{"start":{"line":71,"column":6},"end":{"line":71,"column":65}},"28":{"start":{"line":72,"column":12},"end":{"line":74,"column":null}},"29":{"start":{"line":73,"column":6},"end":{"line":73,"column":47}},"30":{"start":{"line":77,"column":4},"end":{"line":77,"column":10}},"31":{"start":{"line":80,"column":4},"end":{"line":85,"column":null}},"32":{"start":{"line":81,"column":5},"end":{"line":81,"column":46}},"33":{"start":{"line":82,"column":11},"end":{"line":85,"column":null}},"34":{"start":{"line":84,"column":5},"end":{"line":84,"column":46}},"35":{"start":{"line":86,"column":4},"end":{"line":86,"column":10}},"36":{"start":{"line":89,"column":4},"end":{"line":89,"column":10}},"37":{"start":{"line":93,"column":1},"end":{"line":93,"column":30}},"38":{"start":{"line":96,"column":13},"end":{"line":121,"column":2}},"39":{"start":{"line":97,"column":1},"end":{"line":97,"column":7}},"40":{"start":{"line":98,"column":1},"end":{"line":98,"column":10}},"41":{"start":{"line":102,"column":16},"end":{"line":102,"column":54}},"42":{"start":{"line":102,"column":2},"end":{"line":102,"column":54}},"43":{"start":{"line":107,"column":9},"end":{"line":107,"column":24}},"44":{"start":{"line":109,"column":1},"end":{"line":119,"column":null}},"45":{"start":{"line":110,"column":8},"end":{"line":110,"column":70}},"46":{"start":{"line":110,"column":48},"end":{"line":110,"column":69}},"47":{"start":{"line":112,"column":2},"end":{"line":118,"column":null}},"48":{"start":{"line":113,"column":9},"end":{"line":115,"column":5}},"49":{"start":{"line":117,"column":3},"end":{"line":117,"column":60}},"50":{"start":{"line":120,"column":1},"end":{"line":120,"column":11}}},"fnMap":{"0":{"name":"getProviderFromRule","decl":{"start":{"line":9,"column":9},"end":{"line":9,"column":28}},"loc":{"start":{"line":10,"column":33},"end":{"line":21,"column":1}}},"1":{"name":"sortAuthRulesWithPriority","decl":{"start":{"line":23,"column":9},"end":{"line":23,"column":34}},"loc":{"start":{"line":23,"column":70},"end":{"line":40,"column":1}}},"2":{"name":"(anonymous_18)","decl":{"start":{"line":28,"column":2},"end":{"line":28,"column":3}},"loc":{"start":{"line":28,"column":63},"end":{"line":38,"column":3}}},"3":{"name":"getAuthRules","decl":{"start":{"line":42,"column":9},"end":{"line":42,"column":21}},"loc":{"start":{"line":48,"column":1},"end":{"line":94,"column":1}}},"4":{"name":"(anonymous_20)","decl":{"start":{"line":52,"column":15},"end":{"line":52,"column":19}},"loc":{"start":{"line":52,"column":19},"end":{"line":91,"column":2}}},"5":{"name":"(anonymous_21)","decl":{"start":{"line":96,"column":51},"end":{"line":96,"column":58}},"loc":{"start":{"line":99,"column":1},"end":{"line":121,"column":2}}},"6":{"name":"(anonymous_24)","decl":{"start":{"line":110,"column":40},"end":{"line":110,"column":44}},"loc":{"start":{"line":110,"column":44},"end":{"line":110,"column":52}}}},"branchMap":{"0":{"loc":{"start":{"line":13,"column":1},"end":{"line":15,"column":null}},"type":"if","locations":[{"start":{"line":13,"column":1},"end":{"line":15,"column":null}},{"start":{"line":13,"column":1},"end":{"line":15,"column":null}}]},"1":{"loc":{"start":{"line":13,"column":5},"end":{"line":13,"column":29}},"type":"binary-expr","locations":[{"start":{"line":13,"column":5},"end":{"line":13,"column":29}},{"start":{"line":13,"column":33},"end":{"line":13,"column":47}}]},"2":{"loc":{"start":{"line":17,"column":1},"end":{"line":19,"column":null}},"type":"if","locations":[{"start":{"line":17,"column":1},"end":{"line":19,"column":null}},{"start":{"line":17,"column":1},"end":{"line":19,"column":null}}]},"3":{"loc":{"start":{"line":17,"column":5},"end":{"line":17,"column":28}},"type":"binary-expr","locations":[{"start":{"line":17,"column":5},"end":{"line":17,"column":28}},{"start":{"line":17,"column":32},"end":{"line":17,"column":46}}]},"4":{"loc":{"start":{"line":29,"column":3},"end":{"line":34,"column":null}},"type":"if","locations":[{"start":{"line":29,"column":3},"end":{"line":34,"column":null}},{"start":{"line":29,"column":3},"end":{"line":34,"column":null}}]},"5":{"loc":{"start":{"line":54,"column":3},"end":{"line":54,"column":17}},"type":"switch","locations":[{"start":{"line":54,"column":3},"end":{"line":54,"column":17}},{"start":{"line":55,"column":3},"end":{"line":65,"column":null}},{"start":{"line":66,"column":3},"end":{"line":78,"column":null}},{"start":{"line":79,"column":3},"end":{"line":87,"column":null}},{"start":{"line":88,"column":3},"end":{"line":89,"column":10}}]},"6":{"loc":{"start":{"line":57,"column":4},"end":{"line":63,"column":null}},"type":"if","locations":[{"start":{"line":57,"column":4},"end":{"line":63,"column":null}},{"start":{"line":57,"column":4},"end":{"line":63,"column":null}}]},"7":{"loc":{"start":{"line":58,"column":5},"end":{"line":62,"column":null}},"type":"if","locations":[{"start":{"line":58,"column":5},"end":{"line":62,"column":null}},{"start":{"line":58,"column":5},"end":{"line":62,"column":null}}]},"8":{"loc":{"start":{"line":60,"column":12},"end":{"line":62,"column":null}},"type":"if","locations":[{"start":{"line":60,"column":12},"end":{"line":62,"column":null}},{"start":{"line":60,"column":12},"end":{"line":62,"column":null}}]},"9":{"loc":{"start":{"line":68,"column":4},"end":{"line":75,"column":null}},"type":"if","locations":[{"start":{"line":68,"column":4},"end":{"line":75,"column":null}},{"start":{"line":68,"column":4},"end":{"line":75,"column":null}}]},"10":{"loc":{"start":{"line":70,"column":5},"end":{"line":74,"column":null}},"type":"if","locations":[{"start":{"line":70,"column":5},"end":{"line":74,"column":null}},{"start":{"line":70,"column":5},"end":{"line":74,"column":null}}]},"11":{"loc":{"start":{"line":70,"column":9},"end":{"line":70,"column":23}},"type":"binary-expr","locations":[{"start":{"line":70,"column":9},"end":{"line":70,"column":23}},{"start":{"line":70,"column":27},"end":{"line":70,"column":56}}]},"12":{"loc":{"start":{"line":72,"column":12},"end":{"line":74,"column":null}},"type":"if","locations":[{"start":{"line":72,"column":12},"end":{"line":74,"column":null}},{"start":{"line":72,"column":12},"end":{"line":74,"column":null}}]},"13":{"loc":{"start":{"line":80,"column":4},"end":{"line":85,"column":null}},"type":"if","locations":[{"start":{"line":80,"column":4},"end":{"line":85,"column":null}},{"start":{"line":80,"column":4},"end":{"line":85,"column":null}}]},"14":{"loc":{"start":{"line":82,"column":11},"end":{"line":85,"column":null}},"type":"if","locations":[{"start":{"line":82,"column":11},"end":{"line":85,"column":null}},{"start":{"line":82,"column":11},"end":{"line":85,"column":null}}]},"15":{"loc":{"start":{"line":82,"column":15},"end":{"line":82,"column":29}},"type":"binary-expr","locations":[{"start":{"line":82,"column":15},"end":{"line":82,"column":29}},{"start":{"line":82,"column":33},"end":{"line":82,"column":59}}]},"16":{"loc":{"start":{"line":109,"column":1},"end":{"line":119,"column":null}},"type":"if","locations":[{"start":{"line":109,"column":1},"end":{"line":119,"column":null}},{"start":{"line":109,"column":1},"end":{"line":119,"column":null}}]},"17":{"loc":{"start":{"line":112,"column":2},"end":{"line":118,"column":null}},"type":"if","locations":[{"start":{"line":112,"column":2},"end":{"line":118,"column":null}},{"start":{"line":112,"column":2},"end":{"line":118,"column":null}}]},"18":{"loc":{"start":{"line":112,"column":6},"end":{"line":112,"column":30}},"type":"binary-expr","locations":[{"start":{"line":112,"column":6},"end":{"line":112,"column":30}},{"start":{"line":112,"column":34},"end":{"line":112,"column":64}}]}},"s":{"0":145,"1":145,"2":145,"3":36,"4":0,"5":36,"6":0,"7":36,"8":42,"9":42,"10":42,"11":36,"12":18,"13":18,"14":42,"15":42,"16":42,"17":42,"18":78,"19":34,"20":17,"21":13,"22":4,"23":4,"24":34,"25":22,"26":11,"27":4,"28":7,"29":7,"30":22,"31":22,"32":6,"33":16,"34":16,"35":22,"36":0,"37":42,"38":145,"39":42,"40":42,"41":42,"42":42,"43":42,"44":42,"45":42,"46":84,"47":42,"48":42,"49":42,"50":0},"f":{"0":36,"1":42,"2":36,"3":42,"4":78,"5":42,"6":84},"b":{"0":[0,36],"1":[36,12],"2":[0,36],"3":[36,12],"4":[18,18],"5":[6,34,22,22,0],"6":[17,17],"7":[13,4],"8":[4,0],"9":[11,11],"10":[4,7],"11":[11,10],"12":[7,0],"13":[6,16],"14":[16,0],"15":[16,14],"16":[42,0],"17":[42,0],"18":[42,42]}}
,"C:\\Users\\Pawel\\Documents\\Programowanie\\PROTON\\amplify-js\\packages\\datastore\\src\\datastore\\datastore.ts": {"path":"C:\\Users\\Pawel\\Documents\\Programowanie\\PROTON\\amplify-js\\packages\\datastore\\src\\datastore\\datastore.ts","statementMap":{"0":{"start":{"line":1,"column":0},"end":{"line":1,"column":78}},"1":{"start":{"line":2,"column":0},"end":{"line":2,"column":null}},"2":{"start":{"line":10,"column":0},"end":{"line":10,"column":35}},"3":{"start":{"line":11,"column":0},"end":{"line":11,"column":62}},"4":{"start":{"line":12,"column":0},"end":{"line":12,"column":79}},"5":{"start":{"line":13,"column":0},"end":{"line":13,"column":null}},"6":{"start":{"line":19,"column":0},"end":{"line":19,"column":65}},"7":{"start":{"line":20,"column":0},"end":{"line":20,"column":53}},"8":{"start":{"line":21,"column":0},"end":{"line":21,"column":null}},"9":{"start":{"line":53,"column":0},"end":{"line":53,"column":null}},"10":{"start":{"line":66,"column":0},"end":{"line":66,"column":20}},"11":{"start":{"line":67,"column":0},"end":{"line":67,"column":16}},"12":{"start":{"line":69,"column":15},"end":{"line":69,"column":38}},"13":{"start":{"line":71,"column":13},"end":{"line":71,"column":45}},"14":{"start":{"line":72,"column":8},"end":{"line":72,"column":14}},"15":{"start":{"line":85,"column":31},"end":{"line":85,"column":46}},"16":{"start":{"line":88,"column":26},"end":{"line":88,"column":null}},"17":{"start":{"line":95,"column":24},"end":{"line":95,"column":null}},"18":{"start":{"line":100,"column":27},"end":{"line":106,"column":1}},"19":{"start":{"line":103,"column":19},"end":{"line":103,"column":58}},"20":{"start":{"line":105,"column":1},"end":{"line":105,"column":67}},"21":{"start":{"line":108,"column":32},"end":{"line":112,"column":1}},"22":{"start":{"line":111,"column":1},"end":{"line":111,"column":62}},"23":{"start":{"line":114,"column":45},"end":{"line":115,"column":18}},"24":{"start":{"line":115,"column":1},"end":{"line":115,"column":41}},"25":{"start":{"line":123,"column":19},"end":{"line":212,"column":1}},"26":{"start":{"line":124,"column":1},"end":{"line":128,"column":null}},"27":{"start":{"line":125,"column":2},"end":{"line":125,"column":58}},"28":{"start":{"line":127,"column":2},"end":{"line":127,"column":21}},"29":{"start":{"line":130,"column":1},"end":{"line":130,"column":57}},"30":{"start":{"line":132,"column":28},"end":{"line":134,"column":null}},"31":{"start":{"line":137,"column":1},"end":{"line":137,"column":40}},"32":{"start":{"line":138,"column":1},"end":{"line":138,"column":56}},"33":{"start":{"line":139,"column":1},"end":{"line":139,"column":47}},"34":{"start":{"line":141,"column":28},"end":{"line":141,"column":42}},"35":{"start":{"line":142,"column":26},"end":{"line":142,"column":48}},"36":{"start":{"line":143,"column":23},"end":{"line":143,"column":48}},"37":{"start":{"line":145,"column":1},"end":{"line":145,"column":58}},"38":{"start":{"line":146,"column":1},"end":{"line":146,"column":54}},"39":{"start":{"line":147,"column":1},"end":{"line":147,"c
[...]
3}},"63":{"start":{"line":153,"column":4},"end":{"line":153,"column":33}},"64":{"start":{"line":157,"column":19},"end":{"line":157,"column":null}},"65":{"start":{"line":157,"column":10},"end":{"line":157,"column":19}},"66":{"start":{"line":159,"column":10},"end":{"line":159,"column":33}},"67":{"start":{"line":161,"column":10},"end":{"line":161,"column":56}},"68":{"start":{"line":163,"column":2},"end":{"line":167,"column":4}},"69":{"start":{"line":171,"column":9},"end":{"line":178,"column":null}},"70":{"start":{"line":172,"column":2},"end":{"line":177,"column":null}},"71":{"start":{"line":173,"column":16},"end":{"line":173,"column":62}},"72":{"start":{"line":174,"column":3},"end":{"line":174,"column":24}},"73":{"start":{"line":176,"column":3},"end":{"line":176,"column":16}},"74":{"start":{"line":180,"column":15},"end":{"line":279,"column":null}},"75":{"start":{"line":181,"column":2},"end":{"line":181,"column":7}},"76":{"start":{"line":182,"column":2},"end":{"line":182,"column":11}},"77":{"start":{"line":183,"column":2},"end":{"line":183,"column":8}},"78":{"start":{"line":184,"column":2},"end":{"line":184,"column":17}},"79":{"start":{"line":185,"column":2},"end":{"line":185,"column":10}},"80":{"start":{"line":201,"column":9},"end":{"line":278,"column":4}},"81":{"start":{"line":202,"column":26},"end":{"line":276,"column":null}},"82":{"start":{"line":204,"column":12},"end":{"line":208,"column":8}},"83":{"start":{"line":204,"column":5},"end":{"line":208,"column":8}},"84":{"start":{"line":211,"column":11},"end":{"line":212,"column":64}},"85":{"start":{"line":213,"column":5},"end":{"line":215,"column":null}},"86":{"start":{"line":214,"column":6},"end":{"line":214,"column":65}},"87":{"start":{"line":217,"column":11},"end":{"line":222,"column":7}},"88":{"start":{"line":224,"column":5},"end":{"line":245,"column":null}},"89":{"start":{"line":225,"column":6},"end":{"line":244,"column":null}},"90":{"start":{"line":226,"column":13},"end":{"line":226,"column":28}},"91":{"start":{"line":227,"column":7},"end":{"line":229,"column":9}},"92":{"start":{"line":228,"column":16},"end":{"line":228,"column":null}},"93":{"start":{"line":231,"column":7},"end":{"line":239,"column":null}},"94":{"start":{"line":232,"column":8},"end":{"line":238,"column":11}},"95":{"start":{"line":241,"column":7},"end":{"line":241,"column":21}},"96":{"start":{"line":243,"column":7},"end":{"line":243,"column":19}},"97":{"start":{"line":248,"column":11},"end":{"line":253,"column":8}},"98":{"start":{"line":252,"column":14},"end":{"line":252,"column":null}},"99":{"start":{"line":254,"column":5},"end":{"line":274,"column":null}},"100":{"start":{"line":255,"column":12},"end":{"line":255,"column":27}},"101":{"start":{"line":257,"column":6},"end":{"line":266,"column":null}},"102":{"start":{"line":258,"column":7},"end":{"line":260,"column":9}},"103":{"start":{"line":259,"column":16},"end":{"line":259,"column":null}},"104":{"start":{"line":262,"column":7},"end":{"line":265,"column":9}},"105":{"start":{"line":267,"column":6},"end":{"line":270,"column":8}},"106":{"start":{"line":271,"column":6},"end":{"line":271,"column":20}},"107":{"start":{"line":273,"column":6},"end":{"line":273,"column":18}},"108":{"start":{"line":201,"column":2},"end":{"line":278,"column":4}},"109":{"start":{"line":281,"column":1},"end":{"line":383,"column":null}},"110":{"start":{"line":281,"column":1},"end":{"line":281,"column":6}},"111":{"start":{"line":284,"column":19},"end":{"line":284,"column":23}},"112":{"start":{"line":287,"column":3},"end":{"line":289,"column":33}},"113":{"start":{"line":292,"column":3},"end":{"line":294,"column":30}},"114":{"start":{"line":296,"column":25},"end":{"line":296,"column":57}},"115":{"start":{"line":298,"column":21},"end":{"line":380,"column":4}},"116":{"start":{"line":299,"column":32},"end":{"line":309,"column":null}},"117":{"start":{"line":301,"column":5},"end":{"line":306,"column":null}},"118":{"start":{"line":301,"column":29},"end":{"line":303,"column":8}},"119":{"start":{"line":303,"column":6},"end":{"line":303,"column":8}},"120":{"start":{"line":301,"column":25},"end":{"line":301,"column":29}},"121":{"start":{"line":304,"column":27},"end":{"line":304,"column":73}},"122":{"start":{"line":305,"column":6},"end":{"line":305,"column":57}},"123":{"start":{"line":307,"column":5},"end":{"line":307,"column":16}},"124":{"start":{"line":312,"column":26},"end":{"line":371,"column":6}},"125":{"start":{"line":313,"column":13},"end":{"line":313,"column":16}},"126":{"start":{"line":313,"column":16},"end":{"line":313,"column":24}},"127":{"start":{"line":313,"column":32},"end":{"line":313,"column":41}},"128":{"start":{"line":314,"column":16},"end":{"line":314,"column":17}},"129":{"start":{"line":314,"column":17},"end":{"line":314,"column":32}},"130":{"start":{"line":314,"column":34},"end":{"line":314,"column":35}},"131":{"start":{"line":314,"column":35},"end":{"line":314,"column":44}},"132":{"start":{"line":314,"column":46},"end":{"line":314,"column":54}},"133":{"start":{"line":315,"column":9},"end":{"line":315,"column":22}},"134":{"start":{"line":316,"column":9},"end":{"line":316,"column":34}},"135":{"start":{"line":317,"column":9},"end":{"line":317,"column":34}},"136":{"start":{"line":318,"column":9},"end":{"line":318,"column":47}},"137":{"start":{"line":320,"column":9},"end":{"line":320,"column":29}},"138":{"start":{"line":321,"column":11},"end":{"line":321,"column":69}},"139":{"start":{"line":323,"column":11},"end":{"line":325,"column":58}},"140":{"start":{"line":326,"column":11},"end":{"line":328,"column":7}},"141":{"start":{"line":327,"column":6},"end":{"line":327,"column":null}},"142":{"start":{"line":330,"column":11},"end":{"line":366,"column":8}},"143":{"start":{"line":330,"column":48},"end":{"line":366,"column":7}},"144":{"start":{"line":331,"column":6},"end":{"line":331,"column":34}},"145":{"start":{"line":334,"column":7},"end":{"line":336,"column":null}},"146":{"start":{"line":335,"column":8},"end":{"line":335,"column":15}},"147":{"start":{"line":338,"column":13},"end":{"line":341,"column":9}},"148":{"start":{"line":343,"column":42},"end":{"line":349,"column":9}},"149":{"start":{"line":343,"column":7},"end":{"line":349,"column":10}},"150":{"start":{"line":351,"column":7},"end":{"line":351,"column":39}},"151":{"start":{"line":353,"column":7},"end":{"line":353,"column":72}},"152":{"start":{"line":355,"column":7},"end":{"line":362,"column":10}},"153":{"start":{"line":363,"column":15},"end":{"line":363,"column":null}},"154":{"start":{"line":363,"column":20},"end":{"line":363,"column":null}},"155":{"start":{"line":365,"column":6},"end":{"line":365,"column":12}},"156":{"start":{"line":368,"column":5},"end":{"line":368,"column":73}},"157":{"start":{"line":370,"column":5},"end":{"line":370,"column":19}},"158":{"start":{"line":373,"column":3},"end":{"line":375,"column":6}},"159":{"start":{"line":374,"column":4},"end":{"line":374,"column":24}},"160":{"start":{"line":377,"column":3},"end":{"line":379,"column":5}},"161":{"start":{"line":378,"column":4},"end":{"line":378,"column":23}},"162":{"start":{"line":382,"column":2},"end":{"line":382,"column":20}},"163":{"start":{"line":384,"column":0},"end":{"line":384,"column":null}},"164":{"start":{"line":395,"column":9},"end":{"line":395,"column":22}}},"fnMap":{"0":{"name":"(anonymous_19)","decl":{"start":{"line":38,"column":0},"end":{"line":38,"column":null}},"loc":{"start":{"line":38,"column":0},"end":{"line":384,"column":null}}},"1":{"name":"SyncProcessor","decl":{"start":{"line":41,"column":1},"end":{"line":41,"column":null}},"loc":{"start":{"line":47,"column":53},"end":{"line":50,"column":2}}},"2":{"name":"(anonymous_21)","decl":{"start":{"line":52,"column":1},"end":{"line":52,"column":9}},"loc":{"start":{"line":52,"column":1},"end":{"line":66,"column":2}}},"3":{"name":"(anonymous_22)","decl":{"start":{"line":53,"column":48},"end":{"line":53,"column":57}},"loc":{"start":{"line":53,"column":57},"end":{"line":65,"column":3}}},"4":{"name":"(anonymous_23)","decl":{"start":{"line":55,"column":12},"end":{"line":55,"column":13}},"loc":{"start":{"line":55,"column":25},"end":{"line":55,"column":38}}},"5":{"name":"(anonymous_24)","decl":{"start":{"line":56,"column":13},"end":{"line":56,"column":18}},"loc":{"start":{"line":56,"column":18},"end":{"line":64,"column":5}}},"6":{"name":"(anonymous_25)","decl":{"start":{"line":68,"column":1},"end":{"line":68,"column":9}},"loc":{"start":{"line":68,"column":54},"end":{"line":82,"column":2}}},"7":{"name":"(anonymous_26)","decl":{"start":{"line":84,"column":1},"end":{"line":84,"column":15}},"loc":{"start":{"line":91,"column":23},"end":{"line":168,"column":null}}},"8":{"name":"(anonymous_29)","decl":{"start":{"line":113,"column":24},"end":{"line":113,"column":null}},"loc":{"start":{"line":113,"column":24},"end":{"line":155,"column":4}}},"9":{"name":"(anonymous_32)","decl":{"start":{"line":171,"column":1},"end":{"line":171,"column":9}},"loc":{"start":{"line":171,"column":1},"end":{"line":178,"column":2}}},"10":{"name":"(anonymous_33)","decl":{"start":{"line":180,"column":1},"end":{"line":180,"column":15}},"loc":{"start":{"line":192,"column":2},"end":{"line":279,"column":null}}},"11":{"name":"(anonymous_36)","decl":{"start":{"line":202,"column":3},"end":{"line":202,"column":10}},"loc":{"start":{"line":202,"column":26},"end":{"line":276,"column":null}}},"12":{"name":"(anonymous_37)","decl":{"start":{"line":202,"column":26},"end":{"line":202,"column":null}},"loc":{"start":{"line":202,"column":26},"end":{"line":276,"column":null}}},"13":{"name":"(anonymous_39)","decl":{"start":{"line":228,"column":8},"end":{"line":228,"column":12}},"loc":{"start":{"line":228,"column":12},"end":{"line":228,"column":20}}},"14":{"name":"(anonymous_40)","decl":{"start":{"line":252,"column":7},"end":{"line":252,"column":10}},"loc":{"start":{"line":252,"column":10},"end":{"line":252,"column":17}}},"15":{"name":"(anonymous_41)","decl":{"start":{"line":259,"column":8},"end":{"line":259,"column":12}},"loc":{"start":{"line":259,"column":12},"end":{"line":259,"column":20}}},"16":{"name":"(anonymous_42)","decl":{"start":{"line":281,"column":1},"end":{"line":281,"column":6}},"loc":{"start":{"line":282,"column":51},"end":{"line":383,"column":2}}},"17":{"name":"(anonymous_43)","decl":{"start":{"line":298,"column":51},"end":{"line":298,"column":59}},"loc":{"start":{"line":298,"column":59},"end":{"line":380,"column":3}}},"18":{"name":"(anonymous_44)","decl":{"start":{"line":300,"column":4},"end":{"line":300,"column":5}},"loc":{"start":{"line":300,"column":19},"end":{"line":308,"column":5}}},"19":{"name":"(anonymous_45)","decl":{"start":{"line":313,"column":12},"end":{"line":313,"column":13}},"loc":{"start":{"line":313,"column":27},"end":{"line":313,"column":40}}},"20":{"name":"(anonymous_46)","decl":{"start":{"line":314,"column":9},"end":{"line":314,"column":16}},"loc":{"start":{"line":314,"column":56},"end":{"line":371,"column":6}}},"21":{"name":"(anonymous_49)","decl":{"start":{"line":326,"column":34},"end":{"line":326,"column":40}},"loc":{"start":{"line":326,"column":40},"end":{"line":327,"column":20}}},"22":{"name":"(anonymous_50)","decl":{"start":{"line":330,"column":39},"end":{"line":330,"column":45}},"loc":{"start":{"line":330,"column":48},"end":{"line":366,"column":7}}},"23":{"name":"(anonymous_51)","decl":{"start":{"line":330,"column":48},"end":{"line":330,"column":null}},"loc":{"start":{"line":330,"column":48},"end":{"line":366,"column":7}}},"24":{"name":"(anonymous_53)","decl":{"start":{"line":373,"column":36},"end":{"line":373,"column":null}},"loc":{"start":{"line":373,"column":36},"end":{"line":375,"column":4}}},"25":{"name":"(anonymous_54)","decl":{"start":{"line":377,"column":10},"end":{"line":377,"column":null}},"loc":{"start":{"line":377,"column":10},"end":{"line":379,"column":4}}}},"branchMap":{"0":{"loc":{"start":{"line":43,"column":19},"end":{"line":43,"column":null}},"type":"if","locations":[{"start":{"line":43,"column":19},"end":{"line":43,"column":null}},{"start":{"line":43,"column":19},"end":{"line":43,"column":null}}]},"1":{"loc":{"start":{"line":44,"column":19},"end":{"line":44,"column":null}},"type":"if","locations":[{"start":{"line":44,"column":19},"end":{"line":44,"column":null}},{"start":{"line":44,"column":19},"end":{"line":44,"column":null}}]},"2":{"loc":{"start":{"line":46,"column":19},"end":{"line":46,"column":null}},"type":"if","locations":[{"start":{"line":46,"column":19},"end":{"line":46,"column":null}},{"start":{"line":46,"column":19},"end":{"line":46,"column":null}}]},"3":{"loc":{"start":{"line":69,"column":2},"end":{"line":71,"column":null}},"type":"if","locations":[{"start":{"line":69,"column":2},"end":{"line":71,"column":null}},{"start":{"line":69,"column":2},"end":{"line":71,"column":null}}]},"4":{"loc":{"start":{"line":77,"column":2},"end":{"line":79,"column":null}},"type":"if","locations":[{"start":{"line":77,"column":2},"end":{"line":79,"column":null}},{"start":{"line":77,"column":2},"end":{"line":79,"column":null}}]},"5":{"loc":{"start":{"line":90,"column":2},"end":{"line":90,"column":null}},"type":"if","locations":[{"start":{"line":90,"column":2},"end":{"line":90,"column":null}},{"start":{"line":90,"column":2},"end":{"line":90,"column":null}}]},"6":{"loc":{"start":{"line":153,"column":4},"end":{"line":153,"column":33}},"type":"switch","locations":[{"start":{"line":153,"column":4},"end":{"line":153,"column":33}}]},"7":{"loc":{"start":{"line":131,"column":4},"end":{"line":147,"column":null}},"type":"if","locations":[{"start":{"line":131,"column":4},"end":{"line":147,"column":null}},{"start":{"line":131,"column":4},"end":{"line":147,"column":null}}]},"8":{"loc":{"start":{"line":134,"column":5},"end":{"line":145,"column":null}},"type":"if","locations":[{"start":{"line":134,"column":5},"end":{"line":145,"column":null}},{"start":{"line":134,"column":5},"end":{"line":145,"column":null}}]},"9":{"loc":{"start":{"line":134,"column":9},"end":{"line":134,"column":38}},"type":"binary-expr","locations":[{"start":{"line":134,"column":9},"end":{"line":134,"column":38}},{"start":{"line":134,"column":42},"end":{"line":134,"column":66}}]},"10":{"loc":{"start":{"line":201,"column":9},"end":{"line":278,"column":4}},"type":"switch","locations":[{"start":{"line":201,"column":9},"end":{"line":278,"column":4}},{"start":{"line":201,"column":2},"end":{"line":278,"column":4}}]},"11":{"loc":{"start":{"line":204,"column":5},"end":{"line":208,"column":8}},"type":"switch","locations":[{"start":{"line":204,"column":5},"end":{"line":208,"column":8}}]},"12":{"loc":{"start":{"line":212,"column":6},"end":{"line":212,"column":35}},"type":"binary-expr","locations":[{"start":{"line":212,"column":6},"end":{"line":212,"column":35}},{"start":{"line":212,"column":39},"end":{"line":212,"column":63}}]},"13":{"loc":{"start":{"line":213,"column":5},"end":{"line":215,"column":null}},"type":"if","locations":[{"start":{"line":213,"column":5},"end":{"line":215,"column":null}},{"start":{"line":213,"column":5},"end":{"line":215,"column":null}}]},"14":{"loc":{"start":{"line":218,"column":6},"end":{"line":218,"column":11}},"type":"binary-expr","locations":[{"start":{"line":218,"column":6},"end":{"line":218,"column":11}},{"start":{"line":219,"column":7},"end":{"line":219,"column":17}},{"start":{"line":220,"column":7},"end":{"line":220,"column":25}},{"start":{"line":221,"column":7},"end":{"line":221,"column":31}}]},"15":{"loc":{"start":{"line":224,"column":5},"end":{"line":245,"column":null}},"type":"if","locations":[{"start":{"line":224,"column":5},"end":{"line":245,"column":null}},{"start":{"line":224,"column":5},"end":{"line":245,"column":null}}]},"16":{"loc":{"start":{"line":225,"column":6},"end":{"line":244,"column":null}},"type":"if","locations":[{"start":{"line":225,"column":6},"end":{"line":244,"column":null}},{"start":{"line":225,"column":6},"end":{"line":244,"column":null}}]},"17":{"loc":{"start":{"line":231,"column":7},"end":{"line":239,"column":null}},"type":"if","locations":[{"start":{"line":231,"column":7},"end":{"line":239,"column":null}},{"start":{"line":231,"column":7},"end":{"line":239,"column":null}}]},"18":{"loc":{"start":{"line":249,"column":6},"end":{"line":249,"column":11}},"type":"binary-expr","locations":[{"start":{"line":249,"column":6},"end":{"line":249,"column":11}},{"start":{"line":250,"column":6},"end":{"line":250,"column":18}},{"start":{"line":251,"column":7},"end":{"line":252,"column":null}}]},"19":{"loc":{"start":{"line":254,"column":5},"end":{"line":274,"column":null}},"type":"if","locations":[{"start":{"line":254,"column":5},"end":{"line":274,"column":null}},{"start":{"line":254,"column":5},"end":{"line":274,"column":null}}]},"20":{"loc":{"start":{"line":257,"column":6},"end":{"line":266,"column":null}},"type":"if","locations":[{"start":{"line":257,"column":6},"end":{"line":266,"column":null}},{"start":{"line":257,"column":6},"end":{"line":266,"column":null}}]},"21":{"loc":{"start":{"line":288,"column":6},"end":{"line":288,"column":27}},"type":"cond-expr","locations":[{"start":{"line":288,"column":6},"end":{"line":288,"column":27}},{"start":{"line":289,"column":6},"end":{"line":289,"column":33}}]},"22":{"loc":{"start":{"line":293,"column":6},"end":{"line":293,"column":23}},"type":"cond-expr","locations":[{"start":{"line":293,"column":6},"end":{"line":293,"column":23}},{"start":{"line":294,"column":6},"end":{"line":294,"column":30}}]},"23":{"loc":{"start":{"line":331,"column":6},"end":{"line":331,"column":34}},"type":"switch","locations":[{"start":{"line":331,"column":6},"end":{"line":331,"column":34}}]},"24":{"loc":{"start":{"line":334,"column":7},"end":{"line":336,"column":null}},"type":"if","locations":[{"start":{"line":334,"column":7},"end":{"line":336,"column":null}},{"start":{"line":334,"column":7},"end":{"line":336,"column":null}}]},"25":{"loc":{"start":{"line":353,"column":14},"end":{"line":353,"column":32}},"type":"binary-expr","locations":[{"start":{"line":353,"column":14},"end":{"line":353,"column":32}},{"start":{"line":353,"column":36},"end":{"line":353,"column":71}}]},"26":{"loc":{"start":{"line":363,"column":15},"end":{"line":363,"column":null}},"type":"if","locations":[{"start":{"line":363,"column":15},"end":{"line":363,"column":null}},{"start":{"line":363,"column":15},"end":{"line":363,"column":null}}]}},"s":{"0":110,"1":110,"2":110,"3":110,"4":110,"5":110,"6":110,"7":110,"8":110,"9":110,"10":9,"11":9,"12":9,"13":9,"14":9,"15":9,"16":9,"17":9,"18":9,"19":9,"20":9,"21":110,"22":9,"23":9,"24":0,"25":0,"26":0,"27":0,"28":0,"29":0,"30":0,"31":110,"32":0,"33":0,"34":0,"35":0,"36":0,"37":0,"38":110,"39":0,"40":0,"41":0,"42":0,"43":0,"44":0,"45":0,"46":0,"47":0,"48":0,"49":0,"50":0,"51":0,"52":0,"53":0,"54":0,"55":0,"56":0,"57":0,"58":0,"59":0,"60":0,"61":0,"62":0,"63":0,"64":0,"65":0,"66":0,"67":0,"68":0,"69":110,"70":3,"71":3,"72":3,"73":0,"74":110,"75":9,"76":9,"77":9,"78":9,"79":9,"80":9,"81":9,"82":9,"83":9,"84":8,"85":8,"86":5,"87":3,"88":3,"89":2,"90":1,"91":1,"92":3,"93":1,"94":1,"95":1,"96":1,"97":1,"98":1,"99":1,"100":0,"101":0,"102":0,"103":0,"104":0,"105":0,"106":0,"107":1,"108":9,"109":110,"110":0,"111":0,"112":0,"113":0,"114":0,"115":0,"116":0,"117":0,"118":0,"119":0,"120":0,"121":0,"122":0,"123":0,"124":0,"125":0,"126":0,"127":0,"128":0,"129":0,"130":0,"131":0,"132":0,"133":0,"134":0,"135":0,"136":0,"137":0,"138":0,"139":0,"140":0,"141":0,"142":0,"143":0,"144":0,"145":0,"146":0,"147":0,"148":0,"149":0,"150":0,"151":0,"152":0,"153":0,"154":0,"155":0,"156":0,"157":0,"158":0,"159":0,"160":0,"161":0,"162":0,"163":110,"164":110},"f":{"0":110,"1":9,"2":9,"3":0,"4":0,"5":0,"6":0,"7":0,"8":0,"9":3,"10":9,"11":9,"12":9,"13":3,"14":1,"15":0,"16":0,"17":0,"18":0,"19":0,"20":0,"21":0,"22":0,"23":0,"24":0,"25":0},"b":{"0":[0,9],"1":[0,9],"2":[0,9],"3":[0,0],"4":[0,0],"5":[0,0],"6":[0],"7":[0,0],"8":[0,0],"9":[0,0],"10":[9,9],"11":[9],"12":[8,4],"13":[5,3],"14":[3,3,2,2],"15":[2,1],"16":[1,1],"17":[1,0],"18":[1,1,1],"19":[0,1],"20":[0,0],"21":[0,0],"22":[0,0],"23":[0],"24":[0,0],"25":[0,0],"26":[0,0]}}
}
