TN:
SF:C:\Users\Pawel\Documents\Programowanie\PROTON\amplify-js\packages\datastore\__tests__\helpers.ts
FN:51,testSchema
FN:358,internalTestSchema
FNF:2
FNH:2
FNDA:64,testSchema
FNDA:2,internalTestSchema
DA:51,7
DA:52,64
DA:358,7
DA:359,2
LF:4
LH:4
BRF:0
BRH:0
end_of_record
TN:
SF:C:\Users\Pawel\Documents\Programowanie\PROTON\amplify-js\packages\datastore\__tests__\model.ts
FNF:0
FNH:0
DA:7,1
DA:8,1
DA:108,1
DA:109,1
DA:110,1
DA:111,1
DA:112,1
DA:113,1
DA:114,1
DA:115,1
DA:116,1
DA:117,1
DA:129,1
DA:131,1
DA:132,1
DA:133,1
DA:134,1
DA:135,1
DA:136,1
DA:137,1
DA:138,1
DA:139,1
LF:22
LH:22
BRF:0
BRH:0
end_of_record
TN:
SF:C:\Users\Pawel\Documents\Programowanie\PROTON\amplify-js\packages\datastore\__tests__\schema.ts
FNF:0
FNH:0
DA:3,3
DA:414,3
DA:463,3
DA:519,3
LF:4
LH:4
BRF:0
BRH:0
end_of_record
TN:
SF:C:\Users\Pawel\Documents\Programowanie\PROTON\amplify-js\packages\datastore\src\index.ts
FNF:0
FNH:0
DA:1,1
DA:2,1
DA:3,1
LF:3
LH:3
BRF:0
BRH:0
end_of_record
TN:
SF:C:\Users\Pawel\Documents\Programowanie\PROTON\amplify-js\packages\datastore\src\types.ts
FN:44,isSchemaModel
FN:64,isAssociatedWith
FN:72,isTargetNameAssociation
FN:91,(anonymous_16)
FN:98,(anonymous_17)
FN:106,(anonymous_18)
FN:123,(anonymous_19)
FN:124,getJSType
FN:153,getValidationFunction
FN:194,isGraphQLScalarType
FN:204,isModelFieldType
FN:212,isNonModelFieldType
FN:220,isEnumFieldType
FN:280,(anonymous_26)
FN:384,isPredicateObj
FN:390,isPredicateGroup
FN:402,(anonymous_29)
FN:464,(anonymous_30)
FN:541,(anonymous_31)
FN:562,(anonymous_32)
FN:611,syncExpression
FNF:21
FNH:18
FNDA:50,isSchemaModel
FNDA:0,isAssociatedWith
FNDA:31,isTargetNameAssociation
FNDA:160,(anonymous_16)
FNDA:160,(anonymous_17)
FNDA:160,(anonymous_18)
FNDA:160,(anonymous_19)
FNDA:2502,getJSType
FNDA:2502,getValidationFunction
FNDA:3112,isGraphQLScalarType
FNDA:14,isModelFieldType
FNDA:142,isNonModelFieldType
FNDA:51,isEnumFieldType
FNDA:160,(anonymous_26)
FNDA:367,isPredicateObj
FNDA:0,isPredicateGroup
FNDA:160,(anonymous_29)
FNDA:160,(anonymous_30)
FNDA:160,(anonymous_31)
FNDA:160,(anonymous_32)
FNDA:0,syncExpression
DA:2,160
DA:44,160
DA:45,50
DA:64,160
DA:65,0
DA:72,160
DA:75,31
DA:91,160
DA:92,160
DA:93,160
DA:94,160
DA:95,160
DA:98,160
DA:99,160
DA:100,160
DA:101,160
DA:102,160
DA:106,160
DA:107,160
DA:108,160
DA:109,160
DA:110,160
DA:111,160
DA:112,160
DA:113,160
DA:114,160
DA:115,160
DA:116,160
DA:117,160
DA:118,160
DA:119,160
DA:120,160
DA:123,160
DA:124,160
DA:130,2502
DA:132,0
DA:143,2502
DA:147,0
DA:149,0
DA:153,160
DA:159,2502
DA:161,0
DA:163,0
DA:165,190
DA:167,0
DA:169,38
DA:171,0
DA:173,0
DA:175,0
DA:177,7
DA:179,2267
DA:194,160
DA:200,3112
DA:204,160
DA:205,14
DA:206,14
DA:208,14
DA:212,160
DA:213,142
DA:214,142
DA:216,123
DA:220,160
DA:221,51
DA:222,51
DA:224,51
DA:280,160
DA:281,160
DA:282,160
DA:283,160
DA:384,160
DA:387,367
DA:390,160
DA:393,0
DA:402,160
DA:403,160
DA:404,160
DA:464,160
DA:465,160
DA:466,160
DA:541,160
DA:542,160
DA:543,160
DA:562,160
DA:563,160
DA:564,160
DA:565,160
DA:566,160
DA:611,160
DA:621,0
DA:644,160
LF:90
LH:78
BRDA:45,0,0,50
BRDA:45,0,1,50
BRDA:65,1,0,0
BRDA:65,1,1,0
BRDA:75,2,0,31
BRDA:75,2,1,17
BRDA:91,3,0,160
BRDA:91,3,1,160
BRDA:98,4,0,160
BRDA:98,4,1,160
BRDA:106,5,0,160
BRDA:106,5,1,160
BRDA:131,6,0,0
BRDA:131,6,1,774
BRDA:131,6,2,2267
BRDA:131,6,3,2267
BRDA:131,6,4,2267
BRDA:131,6,5,2457
BRDA:131,6,6,2495
BRDA:131,6,7,2495
BRDA:131,6,8,2495
BRDA:131,6,9,2495
BRDA:131,6,10,2502
BRDA:131,6,11,0
BRDA:131,6,12,0
BRDA:131,6,13,0
BRDA:131,6,14,0
BRDA:160,7,0,0
BRDA:160,7,1,0
BRDA:160,7,2,190
BRDA:160,7,3,0
BRDA:160,7,4,38
BRDA:160,7,5,0
BRDA:160,7,6,0
BRDA:160,7,7,0
BRDA:160,7,8,7
BRDA:160,7,9,2267
BRDA:123,8,0,160
BRDA:123,8,1,0
BRDA:200,9,0,3112
BRDA:200,9,1,3112
BRDA:206,10,0,0
BRDA:206,10,1,14
BRDA:206,11,0,14
BRDA:206,11,1,14
BRDA:214,12,0,19
BRDA:214,12,1,123
BRDA:214,13,0,142
BRDA:214,13,1,142
BRDA:222,14,0,0
BRDA:222,14,1,51
BRDA:222,15,0,51
BRDA:222,15,1,51
BRDA:280,16,0,160
BRDA:280,16,1,160
BRDA:387,17,0,367
BRDA:387,17,1,367
BRDA:393,18,0,0
BRDA:393,18,1,0
BRDA:402,19,0,160
BRDA:402,19,1,160
BRDA:464,20,0,160
BRDA:464,20,1,160
BRDA:541,21,0,160
BRDA:541,21,1,160
BRDA:562,22,0,160
BRDA:562,22,1,160
BRF:67
BRH:49
end_of_record
TN:
SF:C:\Users\Pawel\Documents\Programowanie\PROTON\amplify-js\packages\datastore\src\util.ts
FN:23,(anonymous_18)
FN:29,(anonymous_19)
FN:33,(anonymous_20)
FN:60,(anonymous_21)
FN:79,(anonymous_22)
FN:116,(anonymous_23)
FN:124,(anonymous_24)
FN:129,(anonymous_25)
FN:133,(anonymous_26)
FN:158,(anonymous_27)
FN:162,(anonymous_28)
FN:180,(anonymous_29)
FN:203,(anonymous_30)
FN:204,(anonymous_31)
FN:294,(anonymous_32)
FN:303,(anonymous_33)
FN:305,(anonymous_34)
FN:313,(anonymous_35)
FN:317,(anonymous_36)
FN:321,(anonymous_37)
FN:337,(anonymous_38)
FN:338,(anonymous_39)
FN:342,(anonymous_40)
FN:348,(anonymous_41)
FN:376,(anonymous_44)
FN:379,(anonymous_45)
FN:380,monotonicUlidFactory
FN:383,(anonymous_47)
FN:400,getNow
FN:412,sortCompareFunction
FN:415,compareFunction
FN:442,valuesEqual
FN:450,(anonymous_52)
FN:516,(anonymous_53)
FN:520,(anonymous_54)
FN:526,(anonymous_55)
FN:532,(anonymous_56)
FN:536,(anonymous_57)
FN:542,(anonymous_58)
FN:551,(anonymous_59)
FN:559,(anonymous_60)
FN:563,(anonymous_61)
FNF:42
FNH:40
FNDA:302,(anonymous_18)
FNDA:2715,(anonymous_19)
FNDA:101,(anonymous_20)
FNDA:104,(anonymous_21)
FNDA:104,(anonymous_22)
FNDA:1636,(anonymous_23)
FNDA:312,(anonymous_24)
FNDA:719,(anonymous_25)
FNDA:2971,(anonymous_26)
FNDA:458,(anonymous_27)
FNDA:95,(anonymous_28)
FNDA:163,(anonymous_29)
FNDA:163,(anonymous_30)
FNDA:169,(anonymous_31)
FNDA:74,(anonymous_32)
FNDA:201,(anonymous_33)
FNDA:502,(anonymous_34)
FNDA:106,(anonymous_35)
FNDA:119,(anonymous_36)
FNDA:160,(anonymous_37)
FNDA:320,(anonymous_38)
FNDA:320,(anonymous_39)
FNDA:0,(anonymous_40)
FNDA:640,(anonymous_41)
FNDA:1216,(anonymous_44)
FNDA:1216,(anonymous_45)
FNDA:141,monotonicUlidFactory
FNDA:94,(anonymous_47)
FNDA:0,getNow
FNDA:7,sortCompareFunction
FNDA:24,compareFunction
FNDA:125,valuesEqual
FNDA:33,(anonymous_52)
FNDA:12,(anonymous_53)
FNDA:20,(anonymous_54)
FNDA:215,(anonymous_55)
FNDA:8,(anonymous_56)
FNDA:84,(anonymous_57)
FNDA:16,(anonymous_58)
FNDA:7,(anonymous_59)
FNDA:10,(anonymous_60)
FNDA:27,(anonymous_61)
DA:1,160
DA:2,160
DA:3,160
DA:4,160
DA:6,160
DA:23,302
DA:24,302
DA:25,0
DA:29,160
DA:30,2715
DA:33,160
DA:39,101
DA:41,101
DA:42,10
DA:45,91
DA:47,0
DA:48,0
DA:49,0
DA:51,91
DA:52,91
DA:54,0
DA:55,0
DA:57,0
DA:60,91
DA:61,104
DA:62,104
DA:63,104
DA:65,104
DA:68,0
DA:69,0
DA:70,0
DA:73,0
DA:76,91
DA:79,160
DA:84,104
DA:86,27
DA:88,50
DA:90,0
DA:92,0
DA:94,0
DA:96,0
DA:98,0
DA:99,0
DA:101,21
DA:103,6
DA:107,0
DA:111,0
DA:112,0
DA:116,160
DA:119,1636
DA:124,160
DA:127,312
DA:129,312
DA:130,719
DA:132,719
DA:133,719
DA:134,2971
DA:135,2971
DA:139,370
DA:140,370
DA:148,370
DA:149,163
DA:157,719
DA:158,363
DA:159,458
DA:160,95
DA:161,95
DA:162,95
DA:164,95
DA:165,95
DA:166,0
DA:175,312
DA:178,160
DA:180,160
DA:190,163
DA:191,163
DA:196,163
DA:201,163
DA:203,163
DA:204,163
DA:205,169
DA:210,169
DA:212,14
DA:213,0
DA:214,0
DA:215,0
DA:223,0
DA:229,0
DA:234,14
DA:236,87
DA:237,68
DA:238,68
DA:239,68
DA:247,68
DA:251,68
DA:252,68
DA:260,87
DA:266,87
DA:268,87
DA:271,68
DA:273,0
DA:274,0
DA:279,163
DA:285,163
DA:286,39
DA:292,163
DA:294,163
DA:295,74
DA:300,163
DA:303,160
DA:304,201
DA:305,201
DA:306,502
DA:307,199
DA:310,201
DA:313,160
DA:317,119
DA:318,106
DA:321,160
DA:322,160
DA:323,160
DA:324,160
DA:325,160
DA:328,160
DA:329,160
DA:330,160
DA:331,160
DA:333,160
DA:337,160
DA:338,320
DA:339,320
DA:342,320
DA:343,0
DA:345,0
DA:348,640
DA:349,625
DA:350,30
DA:353,640
DA:355,320
DA:357,320
DA:360,320
DA:361,305
DA:364,15
DA:365,0
DA:368,15
DA:370,15
DA:371,15
DA:372,15
DA:376,160
DA:377,1216
DA:379,1216
DA:380,160
DA:381,141
DA:383,141
DA:384,94
DA:400,160
DA:401,0
DA:406,0
DA:408,0
DA:412,160
DA:415,7
DA:418,36
DA:419,36
DA:422,36
DA:424,36
DA:425,8
DA:428,28
DA:429,16
DA:433,0
DA:442,160
DA:445,162
DA:447,125
DA:448,125
DA:450,125
DA:451,33
DA:457,125
DA:461,1
DA:465,124
DA:466,71
DA:467,11
DA:470,60
DA:474,53
DA:478,1
DA:481,52
DA:482,6
DA:483,6
DA:486,52
DA:487,4
DA:488,4
DA:491,52
DA:492,52
DA:495,52
DA:496,11
DA:502,41
DA:504,60
DA:505,60
DA:506,60
DA:508,60
DA:509,13
DA:513,28
DA:516,160
DA:517,12
DA:520,160
DA:521,20
DA:526,160
DA:527,215
DA:532,160
DA:533,8
DA:536,160
DA:537,84
DA:542,160
DA:543,16
DA:544,16
DA:545,10
DA:547,6
DA:551,160
DA:552,7
DA:553,7
DA:555,4
DA:559,160
DA:560,10
DA:563,160
DA:564,27
LF:223
LH:188
BRDA:23,0,0,0
BRDA:23,0,1,302
BRDA:24,1,0,0
BRDA:24,1,1,302
BRDA:30,2,0,2715
BRDA:30,2,1,2708
BRDA:30,2,2,2708
BRDA:41,3,0,10
BRDA:41,3,1,91
BRDA:46,4,0,0
BRDA:46,4,1,91
BRDA:46,4,2,0
BRDA:46,4,3,0
BRDA:61,5,0,104
BRDA:61,5,1,0
BRDA:68,6,0,0
BRDA:68,6,1,0
BRDA:76,7,0,0
BRDA:76,7,1,91
BRDA:85,8,0,27
BRDA:85,8,1,50
BRDA:85,8,2,0
BRDA:85,8,3,0
BRDA:85,8,4,0
BRDA:85,8,5,0
BRDA:85,8,6,0
BRDA:85,8,7,21
BRDA:85,8,8,6
BRDA:85,8,9,0
BRDA:85,8,10,0
BRDA:99,9,0,0
BRDA:99,9,1,0
BRDA:120,10,0,1636
BRDA:120,10,1,1634
BRDA:135,11,0,370
BRDA:135,11,1,2601
BRDA:136,12,0,2971
BRDA:136,12,1,526
BRDA:148,13,0,163
BRDA:148,13,1,207
BRDA:157,14,0,363
BRDA:157,14,1,356
BRDA:159,15,0,95
BRDA:159,15,1,363
BRDA:161,16,0,95
BRDA:161,16,1,0
BRDA:165,17,0,0
BRDA:165,17,1,95
BRDA:211,18,0,14
BRDA:211,18,1,87
BRDA:211,18,2,68
BRDA:211,18,3,0
BRDA:212,19,0,0
BRDA:212,19,1,14
BRDA:236,20,0,68
BRDA:236,20,1,19
BRDA:251,21,0,68
BRDA:251,21,1,0
BRDA:263,22,0,68
BRDA:263,22,1,19
BRDA:285,23,0,39
BRDA:285,23,1,124
BRDA:306,24,0,199
BRDA:306,24,1,303
BRDA:321,25,0,160
BRDA:321,25,1,160
BRDA:353,26,0,320
BRDA:349,27,0,305
BRDA:349,27,1,15
BRDA:349,28,0,320
BRDA:349,28,1,15
BRDA:349,28,2,15
BRDA:360,29,0,305
BRDA:360,29,1,15
BRDA:364,30,0,0
BRDA:364,30,1,15
BRDA:368,31,0,0
BRDA:368,31,1,15
BRDA:401,32,0,0
BRDA:401,32,1,0
BRDA:402,33,0,0
BRDA:402,33,1,0
BRDA:402,33,2,0
BRDA:422,34,0,20
BRDA:422,34,1,16
BRDA:424,35,0,8
BRDA:424,35,1,28
BRDA:428,36,0,16
BRDA:428,36,1,12
BRDA:445,37,0,37
BRDA:445,37,1,88
BRDA:452,38,0,33
BRDA:452,38,1,28
BRDA:452,38,2,12
BRDA:452,38,3,5
BRDA:457,39,0,1
BRDA:457,39,1,124
BRDA:458,40,0,125
BRDA:458,40,1,54
BRDA:458,40,2,124
BRDA:458,40,3,71
BRDA:465,41,0,71
BRDA:465,41,1,53
BRDA:466,42,0,11
BRDA:466,42,1,60
BRDA:466,43,0,71
BRDA:466,43,1,33
BRDA:474,44,0,1
BRDA:474,44,1,52
BRDA:475,45,0,53
BRDA:475,45,1,21
BRDA:475,45,2,52
BRDA:475,45,3,20
BRDA:481,46,0,6
BRDA:481,46,1,46
BRDA:481,47,0,52
BRDA:481,47,1,6
BRDA:486,48,0,4
BRDA:486,48,1,48
BRDA:486,49,0,52
BRDA:486,49,1,4
BRDA:495,50,0,11
BRDA:495,50,1,41
BRDA:495,51,0,52
BRDA:495,51,1,17
BRDA:495,51,2,8
BRDA:502,52,0,39
BRDA:502,52,1,2
BRDA:508,53,0,13
BRDA:508,53,1,47
BRF:130
BRH:100
end_of_record
TN:
SF:C:\Users\Pawel\Documents\Programowanie\PROTON\amplify-js\packages\datastore\src\authModeStrategies\defaultAuthStrategy.ts
FN:6,(anonymous_0)
FNF:1
FNH:1
FNDA:1,(anonymous_0)
DA:6,104
LF:1
LH:1
BRF:0
BRH:0
end_of_record
TN:
SF:C:\Users\Pawel\Documents\Programowanie\PROTON\amplify-js\packages\datastore\src\authModeStrategies\index.ts
FNF:0
FNH:0
DA:1,103
DA:2,103
LF:2
LH:2
BRF:0
BRH:0
end_of_record
TN:
SF:C:\Users\Pawel\Documents\Programowanie\PROTON\amplify-js\packages\datastore\src\authModeStrategies\multiAuthStrategy.ts
FN:9,getProviderFromRule
FN:23,sortAuthRulesWithPriority
FN:28,(anonymous_18)
FN:42,getAuthRules
FN:52,(anonymous_20)
FN:96,(anonymous_21)
FN:110,(anonymous_24)
FNF:7
FNH:7
FNDA:36,getProviderFromRule
FNDA:42,sortAuthRulesWithPriority
FNDA:36,(anonymous_18)
FNDA:42,getAuthRules
FNDA:78,(anonymous_20)
FNDA:42,(anonymous_21)
FNDA:84,(anonymous_24)
DA:1,145
DA:2,145
DA:3,145
DA:13,36
DA:14,0
DA:17,36
DA:18,0
DA:20,36
DA:24,42
DA:25,42
DA:27,42
DA:29,36
DA:30,18
DA:35,18
DA:43,42
DA:44,42
DA:50,42
DA:52,42
DA:53,78
DA:57,34
DA:58,17
DA:59,13
DA:60,4
DA:61,4
DA:64,34
DA:68,22
DA:70,11
DA:71,4
DA:72,7
DA:73,7
DA:77,22
DA:80,22
DA:81,6
DA:82,16
DA:84,16
DA:86,22
DA:89,0
DA:93,42
DA:96,145
DA:97,42
DA:98,42
DA:102,42
DA:107,42
DA:109,42
DA:110,84
DA:112,42
DA:113,42
DA:117,42
DA:120,0
LF:49
LH:45
BRDA:13,0,0,0
BRDA:13,0,1,36
BRDA:13,1,0,36
BRDA:13,1,1,12
BRDA:17,2,0,0
BRDA:17,2,1,36
BRDA:17,3,0,36
BRDA:17,3,1,12
BRDA:29,4,0,18
BRDA:29,4,1,18
BRDA:54,5,0,6
BRDA:54,5,1,34
BRDA:54,5,2,22
BRDA:54,5,3,22
BRDA:54,5,4,0
BRDA:57,6,0,17
BRDA:57,6,1,17
BRDA:58,7,0,13
BRDA:58,7,1,4
BRDA:60,8,0,4
BRDA:60,8,1,0
BRDA:68,9,0,11
BRDA:68,9,1,11
BRDA:70,10,0,4
BRDA:70,10,1,7
BRDA:70,11,0,11
BRDA:70,11,1,10
BRDA:72,12,0,7
BRDA:72,12,1,0
BRDA:80,13,0,6
BRDA:80,13,1,16
BRDA:82,14,0,16
BRDA:82,14,1,0
BRDA:82,15,0,16
BRDA:82,15,1,14
BRDA:109,16,0,42
BRDA:109,16,1,0
BRDA:112,17,0,42
BRDA:112,17,1,0
BRDA:112,18,0,42
BRDA:112,18,1,42
BRF:41
BRH:33
end_of_record
TN:
SF:C:\Users\Pawel\Documents\Programowanie\PROTON\amplify-js\packages\datastore\src\datastore\datastore.ts
FN:100,(anonymous_20)
FN:108,(anonymous_21)
FN:114,(anonymous_22)
FN:123,(anonymous_23)
FN:159,(anonymous_24)
FN:166,(anonymous_25)
FN:171,(anonymous_26)
FN:176,(anonymous_27)
FN:200,(anonymous_28)
FN:205,(anonymous_29)
FN:216,(anonymous_30)
FN:219,(anonymous_31)
FN:227,(anonymous_32)
FN:241,modelInstanceCreator
FN:250,(anonymous_34)
FN:250,(anonymous_35)
FN:290,(anonymous_36)
FN:295,(anonymous_37)
FN:304,(anonymous_38)
FN:314,(anonymous_39)
FN:339,(anonymous_40)
FN:345,(anonymous_41)
FN:351,(anonymous_42)
FN:354,(anonymous_43)
FN:355,Model
FN:358,(anonymous_45)
FN:395,(anonymous_46)
FN:406,(anonymous_47)
FN:410,(anonymous_48)
FN:414,(anonymous_49)
FN:426,(anonymous_50)
FN:428,(anonymous_51)
FN:434,(anonymous_52)
FN:449,(anonymous_53)
FN:450,(anonymous_54)
FN:451,Model
FN:454,(anonymous_56)
FN:470,isQueryOne
FN:474,defaultConflictHandler
FN:480,defaultErrorHandler
FN:484,getModelConstructorByModelName
FN:518,checkSchemaVersion
FN:528,(anonymous_64)
FN:528,(anonymous_65)
FN:531,(anonymous_67)
FN:560,getNamespace
FN:598,(anonymous_69)
FN:622,(anonymous_71)
FN:625,(anonymous_74)
FN:676,(anonymous_75)
FN:692,(anonymous_76)
FN:721,(anonymous_77)
FN:724,(anonymous_78)
FN:791,(anonymous_80)
FN:793,(anonymous_81)
FN:819,(anonymous_83)
FN:819,(anonymous_84)
FN:831,(anonymous_86)
FN:834,(anonymous_87)
FN:847,(anonymous_88)
FN:850,(anonymous_89)
FN:876,(anonymous_90)
FN:878,(anonymous_91)
FN:976,(anonymous_93)
FN:1037,(anonymous_94)
FN:1040,(anonymous_95)
FN:1045,(anonymous_98)
FN:1049,(anonymous_99)
FN:1057,(anonymous_100)
FN:1116,clear
FN:1137,stop
FN:618,(anonymous_107)
FN:1154,(anonymous_108)
FN:1203,(anonymous_109)
FN:1212,(anonymous_112)
FN:1213,(anonymous_113)
FN:1238,(anonymous_115)
FN:1253,(anonymous_116)
FN:1267,(anonymous_119)
FN:1270,(anonymous_120)
FN:1289,(anonymous_121)
FNF:81
FNH:65
FNDA:264,(anonymous_20)
FNDA:1476,(anonymous_21)
FNDA:1127,(anonymous_22)
FNDA:81,(anonymous_23)
FNDA:312,(anonymous_24)
FNDA:719,(anonymous_25)
FNDA:2971,(anonymous_26)
FNDA:146,(anonymous_27)
FNDA:214,(anonymous_28)
FNDA:770,(anonymous_29)
FNDA:312,(anonymous_30)
FNDA:719,(anonymous_31)
FNDA:95,(anonymous_32)
FNDA:588,modelInstanceCreator
FNDA:1146,(anonymous_34)
FNDA:4733,(anonymous_35)
FNDA:95,(anonymous_36)
FNDA:6,(anonymous_37)
FNDA:77,(anonymous_38)
FNDA:77,(anonymous_39)
FNDA:951,(anonymous_40)
FNDA:3555,(anonymous_41)
FNDA:719,(anonymous_42)
FNDA:719,(anonymous_43)
FNDA:932,Model
FNDA:932,(anonymous_45)
FNDA:196,(anonymous_46)
FNDA:195,(anonymous_47)
FNDA:1178,(anonymous_48)
FNDA:194,(anonymous_49)
FNDA:0,(anonymous_50)
FNDA:0,(anonymous_51)
FNDA:0,(anonymous_52)
FNDA:95,(anonymous_53)
FNDA:95,(anonymous_54)
FNDA:19,Model
FNDA:19,(anonymous_56)
FNDA:179,isQueryOne
FNDA:0,defaultConflictHandler
FNDA:0,defaultErrorHandler
FNDA:994,getModelConstructorByModelName
FNDA:61,checkSchemaVersion
FNDA:38,(anonymous_64)
FNDA:38,(anonymous_65)
FNDA:38,(anonymous_67)
FNDA:78,getNamespace
FNDA:204,(anonymous_69)
FNDA:582,(anonymous_71)
FNDA:61,(anonymous_74)
FNDA:0,(anonymous_75)
FNDA:0,(anonymous_76)
FNDA:94,(anonymous_77)
FNDA:94,(anonymous_78)
FNDA:139,(anonymous_80)
FNDA:139,(anonymous_81)
FNDA:137,(anonymous_83)
FNDA:137,(anonymous_84)
FNDA:102,(anonymous_86)
FNDA:102,(anonymous_87)
FNDA:102,(anonymous_88)
FNDA:102,(anonymous_89)
FNDA:28,(anonymous_90)
FNDA:28,(anonymous_91)
FNDA:12,(anonymous_93)
FNDA:10,(anonymous_94)
FNDA:20,(anonymous_95)
FNDA:0,(anonymous_98)
FNDA:10,(anonymous_99)
FNDA:102,(anonymous_100)
FNDA:1,clear
FNDA:0,stop
FNDA:204,(anonymous_107)
FNDA:92,(anonymous_108)
FNDA:0,(anonymous_109)
FNDA:0,(anonymous_112)
FNDA:0,(anonymous_113)
FNDA:0,(anonymous_115)
FNDA:0,(anonymous_116)
FNDA:0,(anonymous_119)
FNDA:0,(anonymous_120)
FNDA:102,(anonymous_121)
DA:1,102
DA:2,102
DA:10,102
DA:11,102
DA:12,102
DA:13,102
DA:19,102
DA:20,102
DA:21,102
DA:53,102
DA:66,102
DA:67,102
DA:69,102
DA:71,102
DA:72,102
DA:85,102
DA:88,102
DA:95,102
DA:100,102
DA:103,264
DA:105,264
DA:108,102
DA:111,1476
DA:114,102
DA:115,1127
DA:123,102
DA:124,81
DA:125,3
DA:127,3
DA:130,78
DA:132,78
DA:137,78
DA:138,78
DA:139,78
DA:141,78
DA:142,78
DA:143,78
DA:145,78
DA:146,78
DA:147,78
DA:149,78
DA:159,78
DA:160,312
DA:164,312
DA:166,312
DA:167,719
DA:169,719
DA:172,2971
DA:177,146
DA:180,719
DA:183,312
DA:185,312
DA:186,312
DA:187,563
DA:188,312
DA:190,251
DA:191,251
DA:192,0
DA:197,787
DA:198,787
DA:200,787
DA:201,719
DA:205,770
DA:208,312
DA:211,78
DA:216,102
DA:217,312
DA:219,719
DA:220,719
DA:221,719
DA:223,719
DA:226,312
DA:227,95
DA:228,95
DA:229,95
DA:233,312
DA:238,102
DA:245,588
DA:247,588
DA:250,1146
DA:254,4733
DA:256,4733
DA:258,2973
DA:259,2973
DA:260,2973
DA:261,2973
DA:262,2973
DA:265,2973
DA:269,3
DA:272,2970
DA:273,2502
DA:274,2502
DA:276,2502
DA:277,91
DA:278,91
DA:279,30
DA:282,91
DA:283,0
DA:288,91
DA:291,95
DA:294,5
DA:295,6
DA:298,5
DA:303,86
DA:304,39
DA:305,77
DA:306,76
DA:307,1
DA:308,1
DA:310,0
DA:314,77
DA:315,4
DA:320,2411
DA:321,2
DA:322,2409
DA:323,2
DA:326,2407
DA:331,1
DA:339,102
DA:344,951
DA:345,3555
DA:346,3555
DA:347,3541
DA:351,102
DA:354,719
DA:356,932
DA:359,932
DA:361,923
DA:367,923
DA:368,923
DA:369,923
DA:372,923
DA:376,923
DA:382,923
DA:384,923
DA:385,842
DA:386,842
DA:387,842
DA:392,923
DA:395,719
DA:396,196
DA:397,196
DA:398,1
DA:399,1
DA:400,1
DA:404,195
DA:407,195
DA:408,195
DA:409,195
DA:410,1178
DA:411,1178
DA:414,194
DA:417,194
DA:418,92
DA:421,194
DA:426,719
DA:427,0
DA:428,0
DA:431,0
DA:432,0
DA:434,0
DA:435,0
DA:438,0
DA:440,719
DA:442,719
DA:444,719
DA:446,719
DA:449,102
DA:450,95
DA:452,19
DA:455,19
DA:459,14
DA:461,95
DA:463,95
DA:465,95
DA:467,95
DA:471,179
DA:475,0
DA:476,0
DA:477,0
DA:481,0
DA:490,994
DA:492,44
DA:493,44
DA:495,912
DA:496,912
DA:498,38
DA:499,38
DA:501,0
DA:502,0
DA:504,0
DA:505,0
DA:508,994
DA:509,994
DA:511,0
DA:512,0
DA:514,0
DA:522,61
DA:526,61
DA:528,122
DA:529,38
DA:533,38
DA:539,50
DA:542,26
DA:544,52
DA:545,0
DA:548,24
DA:561,78
DA:595,78
DA:598,204
DA:599,102
DA:612,102
DA:618,102
DA:619,204
DA:622,291
DA:623,521
DA:624,61
DA:625,61
DA:626,61
DA:627,61
DA:630,460
DA:632,230
DA:635,61
DA:644,122
DA:646,122
DA:648,61
DA:650,122
DA:651,0
DA:653,0
DA:655,0
DA:672,0
DA:673,0
DA:676,0
DA:679,0
DA:683,0
DA:684,0
DA:687,0
DA:693,0
DA:694,0
DA:698,61
DA:705,61
DA:708,122
DA:711,102
DA:724,94
DA:726,188
DA:730,94
DA:731,2
DA:732,2
DA:734,2
DA:737,92
DA:738,64
DA:739,5
DA:743,92
DA:746,92
DA:747,64
DA:752,28
DA:754,4
DA:756,24
DA:763,92
DA:770,87
DA:782,87
DA:788,87
DA:791,102
DA:793,139
DA:795,278
DA:799,139
DA:801,139
DA:805,139
DA:806,1
DA:807,1
DA:809,1
DA:812,138
DA:814,138
DA:819,138
DA:820,274
DA:822,137
DA:828,138
DA:831,102
DA:832,102
DA:834,102
DA:835,102
DA:837,102
DA:838,0
DA:840,102
DA:841,0
DA:844,102
DA:847,102
DA:848,102
DA:850,102
DA:851,102
DA:853,102
DA:854,0
DA:856,102
DA:857,0
DA:860,102
DA:863,102
DA:878,28
DA:880,56
DA:884,28
DA:885,1
DA:886,1
DA:888,1
DA:891,31
DA:892,23
DA:894,23
DA:895,1
DA:897,1
DA:899,1
DA:902,22
DA:903,14
DA:908,8
DA:917,8
DA:918,2
DA:920,2
DA:922,2
DA:926,20
DA:928,20
DA:930,4
DA:931,4
DA:934,4
DA:935,1
DA:936,1
DA:938,1
DA:941,3
DA:943,3
DA:948,3
DA:949,1
DA:950,1
DA:951,1
DA:953,1
DA:956,0
DA:958,2
DA:961,2
DA:963,2
DA:967,102
DA:983,12
DA:987,12
DA:988,2
DA:990,2
DA:992,2
DA:993,2
DA:994,0
DA:1000,2
DA:1003,0
DA:1004,0
DA:1006,0
DA:1010,10
DA:1011,0
DA:1012,0
DA:1013,0
DA:1016,10
DA:1017,0
DA:1018,0
DA:1020,0
DA:1023,10
DA:1024,4
DA:1029,6
DA:1037,10
DA:1040,10
DA:1041,20
DA:1043,10
DA:1045,0
DA:1049,10
DA:1050,10
DA:1051,10
DA:1057,102
DA:1059,102
DA:1060,102
DA:1061,102
DA:1062,102
DA:1063,102
DA:1064,102
DA:1065,102
DA:1066,102
DA:1067,102
DA:1070,102
DA:1072,102
DA:1073,102
DA:1076,102
DA:1080,102
DA:1082,0
DA:1083,0
DA:1085,102
DA:1086,102
DA:1088,0
DA:1089,0
DA:1092,102
DA:1097,102
DA:1102,102
DA:1107,102
DA:1113,102
DA:1116,102
DA:1117,1
DA:1118,0
DA:1121,1
DA:1122,0
DA:1125,2
DA:1127,1
DA:1128,0
DA:1131,1
DA:1132,1
DA:1133,1
DA:1134,1
DA:1137,102
DA:1138,0
DA:1139,0
DA:1142,0
DA:1143,0
DA:1146,0
DA:1147,0
DA:1150,0
DA:1151,0
DA:1154,102
DA:1159,92
DA:1161,92
DA:1162,76
DA:1165,16
DA:1166,1
DA:1169,15
DA:1170,10
DA:1171,1
DA:1174,9
DA:1175,1
DA:1179,13
DA:1180,10
DA:1181,1
DA:1184,9
DA:1185,1
DA:1189,11
DA:1190,7
DA:1196,11
DA:1203,102
DA:1206,0
DA:1207,0
DA:1210,0
DA:1213,0
DA:1215,0
DA:1216,0
DA:1220,0
DA:1221,0
DA:1222,0
DA:1225,0
DA:1230,0
DA:1235,0
DA:1238,102
DA:1242,0
DA:1243,0
DA:1248,0
DA:1249,0
DA:1253,102
DA:1257,0
DA:1258,0
DA:1260,0
DA:1261,0
DA:1263,0
DA:1267,102
DA:1270,0
DA:1271,0
DA:1272,0
DA:1273,0
DA:1277,0
DA:1280,0
DA:1281,0
DA:1284,0
DA:1289,102
DA:1290,102
DA:1291,102
DA:1293,102
DA:1294,0
DA:1296,0
DA:1297,0
DA:1299,0
DA:1302,0
DA:1305,102
DA:1307,102
DA:1308,102
DA:1310,102
LF:477
LH:378
BRDA:111,0,0,1476
BRDA:111,0,1,1465
BRDA:124,1,0,3
BRDA:124,1,1,78
BRDA:172,2,0,2971
BRDA:172,2,1,370
BRDA:172,2,2,163
BRDA:186,3,0,563
BRDA:186,3,1,563
BRDA:187,4,0,312
BRDA:187,4,1,251
BRDA:191,5,0,0
BRDA:191,5,1,251
BRDA:200,6,0,719
BRDA:200,6,1,68
BRDA:226,7,0,312
BRDA:226,7,1,44
BRDA:256,8,0,2973
BRDA:256,8,1,1760
BRDA:265,9,0,3
BRDA:265,9,1,2970
BRDA:266,10,0,2973
BRDA:266,10,1,2881
BRDA:266,10,2,420
BRDA:266,10,3,92
BRDA:266,10,4,2577
BRDA:266,10,5,2575
BRDA:272,11,0,2502
BRDA:272,11,1,468
BRDA:276,12,0,91
BRDA:276,12,1,2411
BRDA:278,13,0,30
BRDA:278,13,1,61
BRDA:282,14,0,0
BRDA:282,14,1,91
BRDA:282,15,0,91
BRDA:282,15,1,9
BRDA:288,16,0,5
BRDA:288,16,1,86
BRDA:289,17,0,91
BRDA:289,17,1,82
BRDA:291,18,0,10
BRDA:291,18,1,85
BRDA:295,19,0,3
BRDA:295,19,1,3
BRDA:303,20,0,39
BRDA:303,20,1,47
BRDA:303,21,0,86
BRDA:303,21,1,44
BRDA:305,22,0,76
BRDA:305,22,1,1
BRDA:307,23,0,1
BRDA:307,23,1,0
BRDA:307,24,0,1
BRDA:307,24,1,1
BRDA:314,25,0,4
BRDA:314,25,1,35
BRDA:320,26,0,2
BRDA:320,26,1,2409
BRDA:320,27,0,2411
BRDA:320,27,1,141
BRDA:322,28,0,2
BRDA:322,28,1,2407
BRDA:322,29,0,2409
BRDA:322,29,1,12
BRDA:326,30,0,1
BRDA:326,30,1,2406
BRDA:327,31,0,2407
BRDA:327,31,1,2397
BRDA:327,31,2,190
BRDA:364,32,0,588
BRDA:364,32,1,335
BRDA:372,33,0,923
BRDA:372,33,1,355
BRDA:377,34,0,568
BRDA:377,34,1,355
BRDA:376,35,0,923
BRDA:376,35,1,923
BRDA:379,36,0,333
BRDA:379,36,1,22
BRDA:384,37,0,842
BRDA:384,37,1,81
BRDA:396,38,0,196
BRDA:396,38,1,1
BRDA:397,39,0,1
BRDA:397,39,1,195
BRDA:417,40,0,92
BRDA:417,40,1,102
BRDA:427,41,0,0
BRDA:427,41,1,0
BRDA:491,42,0,44
BRDA:491,42,1,912
BRDA:491,42,2,38
BRDA:491,42,3,0
BRDA:491,42,4,0
BRDA:508,43,0,994
BRDA:508,43,1,0
BRDA:529,44,0,38
BRDA:529,44,1,12
BRDA:539,45,0,12
BRDA:539,45,1,26
BRDA:539,46,0,38
BRDA:539,46,1,29
BRDA:544,47,0,26
BRDA:544,47,1,0
BRDA:630,48,0,230
BRDA:630,48,1,61
BRDA:623,49,0,230
BRDA:623,49,1,61
BRDA:650,50,0,61
BRDA:650,50,1,0
BRDA:680,51,0,0
BRDA:680,51,1,0
BRDA:683,52,0,0
BRDA:683,52,1,0
BRDA:726,53,0,94
BRDA:730,54,0,2
BRDA:730,54,1,92
BRDA:737,55,0,64
BRDA:737,55,1,28
BRDA:738,56,0,5
BRDA:738,56,1,59
BRDA:746,57,0,64
BRDA:746,57,1,28
BRDA:752,58,0,4
BRDA:752,58,1,24
BRDA:776,59,0,87
BRDA:776,59,1,11
BRDA:788,60,0,59
BRDA:788,60,1,28
BRDA:795,61,0,139
BRDA:802,62,0,139
BRDA:802,62,1,0
BRDA:805,63,0,1
BRDA:805,63,1,138
BRDA:820,64,0,137
BRDA:837,65,0,0
BRDA:837,65,1,102
BRDA:840,66,0,0
BRDA:840,66,1,102
BRDA:840,67,0,102
BRDA:840,67,1,0
BRDA:844,68,0,102
BRDA:844,68,1,102
BRDA:853,69,0,0
BRDA:853,69,1,102
BRDA:856,70,0,0
BRDA:856,70,1,102
BRDA:856,71,0,102
BRDA:856,71,1,0
BRDA:860,72,0,102
BRDA:860,72,1,102
BRDA:880,73,0,28
BRDA:884,74,0,1
BRDA:884,74,1,27
BRDA:891,75,0,4
BRDA:891,75,1,23
BRDA:894,76,0,1
BRDA:894,76,1,22
BRDA:902,77,0,14
BRDA:902,77,1,8
BRDA:917,78,0,2
BRDA:917,78,1,6
BRDA:917,79,0,8
BRDA:917,79,1,6
BRDA:931,80,0,4
BRDA:931,80,1,0
BRDA:934,81,0,1
BRDA:934,81,1,3
BRDA:948,82,0,1
BRDA:948,82,1,2
BRDA:949,83,0,1
BRDA:949,83,1,0
BRDA:984,84,0,9
BRDA:984,84,1,3
BRDA:983,85,0,12
BRDA:983,85,1,11
BRDA:987,86,0,2
BRDA:987,86,1,10
BRDA:987,87,0,12
BRDA:987,87,1,11
BRDA:990,88,0,2
BRDA:990,88,1,2
BRDA:992,89,0,2
BRDA:992,89,1,0
BRDA:993,90,0,0
BRDA:993,90,1,2
BRDA:1010,91,0,0
BRDA:1010,91,1,10
BRDA:1010,92,0,10
BRDA:1010,92,1,6
BRDA:1016,93,0,0
BRDA:1016,93,1,10
BRDA:1016,94,0,10
BRDA:1016,94,1,9
BRDA:1023,95,0,4
BRDA:1023,95,1,6
BRDA:1030,96,0,6
BRDA:1030,96,1,5
BRDA:1041,97,0,10
BRDA:1050,98,0,10
BRDA:1050,98,1,0
BRDA:1057,99,0,0
BRDA:1057,99,1,102
BRDA:1076,100,0,102
BRDA:1076,100,1,0
BRDA:1076,100,2,102
BRDA:1076,100,3,102
BRDA:1081,101,0,0
BRDA:1081,101,1,102
BRDA:1081,101,2,0
BRDA:1093,102,0,102
BRDA:1093,102,1,0
BRDA:1093,102,2,102
BRDA:1093,102,3,102
BRDA:1098,103,0,102
BRDA:1098,103,1,0
BRDA:1098,103,2,102
BRDA:1098,103,3,102
BRDA:1103,104,0,102
BRDA:1103,104,1,0
BRDA:1103,104,2,102
BRDA:1103,104,3,102
BRDA:1108,105,0,102
BRDA:1108,105,1,0
BRDA:1108,105,2,102
BRDA:1108,105,3,102
BRDA:1108,105,4,102
BRDA:1117,106,0,0
BRDA:1117,106,1,1
BRDA:1121,107,0,0
BRDA:1121,107,1,1
BRDA:1121,108,0,1
BRDA:1121,108,1,0
BRDA:1127,109,0,0
BRDA:1127,109,1,1
BRDA:1138,110,0,0
BRDA:1138,110,1,0
BRDA:1142,111,0,0
BRDA:1142,111,1,0
BRDA:1142,112,0,0
BRDA:1142,112,1,0
BRDA:1146,113,0,0
BRDA:1146,113,1,0
BRDA:1159,114,0,92
BRDA:1159,114,1,76
BRDA:1161,115,0,76
BRDA:1161,115,1,16
BRDA:1161,116,0,92
BRDA:1161,116,1,80
BRDA:1161,116,2,79
BRDA:1165,117,0,1
BRDA:1165,117,1,15
BRDA:1165,118,0,16
BRDA:1165,118,1,11
BRDA:1169,119,0,10
BRDA:1169,119,1,5
BRDA:1170,120,0,1
BRDA:1170,120,1,9
BRDA:1174,121,0,1
BRDA:1174,121,1,8
BRDA:1179,122,0,10
BRDA:1179,122,1,3
BRDA:1180,123,0,1
BRDA:1180,123,1,9
BRDA:1184,124,0,1
BRDA:1184,124,1,8
BRDA:1189,125,0,7
BRDA:1189,125,1,4
BRDA:1206,126,0,0
BRDA:1206,126,1,0
BRDA:1206,127,0,0
BRDA:1206,127,1,0
BRDA:1215,128,0,0
BRDA:1221,129,0,0
BRDA:1221,129,1,0
BRDA:1260,130,0,0
BRDA:1260,130,1,0
BRDA:1271,131,0,0
BRDA:1271,131,1,0
BRDA:1280,132,0,0
BRDA:1280,132,1,0
BRDA:1293,133,0,0
BRDA:1293,133,1,102
BRF:284
BRH:222
end_of_record
TN:
SF:C:\Users\Pawel\Documents\Programowanie\PROTON\amplify-js\packages\datastore\src\predicates\index.ts
FN:17,isPredicatesAll
FN:26,(anonymous_1)
FN:27,(anonymous_3)
FN:28,(anonymous_4)
FN:36,(anonymous_5)
FN:42,(anonymous_7)
FN:52,(anonymous_8)
FN:63,(anonymous_9)
FN:107,(anonymous_10)
FN:130,(anonymous_11)
FN:136,(anonymous_12)
FN:148,(anonymous_13)
FN:161,(anonymous_14)
FNF:13
FNH:12
FNDA:28,isPredicatesAll
FNDA:113,(anonymous_1)
FNDA:6,(anonymous_3)
FNDA:2,(anonymous_4)
FNDA:113,(anonymous_5)
FNDA:299,(anonymous_7)
FNDA:302,(anonymous_8)
FNDA:0,(anonymous_9)
FNDA:302,(anonymous_10)
FNDA:276,(anonymous_11)
FNDA:535,(anonymous_12)
FNDA:233,(anonymous_13)
FNDA:222,(anonymous_14)
DA:11,113
DA:13,113
DA:15,113
DA:17,113
DA:20,28
DA:24,113
DA:26,113
DA:27,113
DA:28,6
DA:30,6
DA:32,6
DA:34,113
DA:36,113
DA:37,113
DA:42,113
DA:45,299
DA:46,299
DA:49,299
DA:57,302
DA:59,302
DA:63,0
DA:66,0
DA:72,0
DA:78,0
DA:84,0
DA:87,0
DA:91,0
DA:94,0
DA:96,302
DA:99,302
DA:101,302
DA:102,0
DA:107,302
DA:111,302
DA:114,302
DA:116,302
DA:121,299
DA:125,299
DA:127,299
DA:130,113
DA:133,276
DA:136,113
DA:138,805
DA:140,535
DA:141,0
DA:144,535
DA:148,113
DA:152,233
DA:153,156
DA:156,77
DA:161,113
DA:165,222
DA:170,113
LF:53
LH:43
BRDA:60,0,0,0
BRDA:60,0,1,0
BRDA:60,0,2,0
BRDA:60,0,3,302
BRDA:101,1,0,0
BRDA:101,1,1,302
BRDA:138,2,0,270
BRDA:138,2,1,265
BRDA:140,3,0,0
BRDA:140,3,1,535
BRDA:140,4,0,535
BRDA:140,4,1,270
BRDA:152,5,0,156
BRDA:152,5,1,77
BRDA:152,6,0,233
BRDA:152,6,1,77
BRF:16
BRH:11
end_of_record
TN:
SF:C:\Users\Pawel\Documents\Programowanie\PROTON\amplify-js\packages\datastore\src\predicates\sort.ts
FN:10,(anonymous_0)
FN:16,(anonymous_2)
FN:26,(anonymous_3)
FN:35,(anonymous_4)
FN:52,(anonymous_5)
FN:58,(anonymous_6)
FN:73,(anonymous_7)
FNF:7
FNH:7
FNDA:113,(anonymous_0)
FNDA:7,(anonymous_2)
FNDA:11,(anonymous_3)
FNDA:11,(anonymous_4)
FNDA:7,(anonymous_5)
FNDA:94,(anonymous_6)
FNDA:7,(anonymous_7)
DA:10,113
DA:11,113
DA:16,113
DA:19,7
DA:20,7
DA:23,7
DA:27,11
DA:29,11
DA:30,0
DA:35,11
DA:36,11
DA:40,11
DA:42,11
DA:47,7
DA:49,7
DA:52,113
DA:55,7
DA:58,113
DA:60,101
DA:62,94
DA:66,0
DA:69,94
DA:73,113
DA:77,7
DA:78,0
DA:81,7
DA:85,113
LF:27
LH:24
BRDA:29,0,0,0
BRDA:29,0,1,11
BRDA:60,1,0,7
BRDA:60,1,1,87
BRDA:62,2,0,0
BRDA:62,2,1,94
BRDA:63,3,0,94
BRDA:63,3,1,7
BRDA:77,4,0,0
BRDA:77,4,1,7
BRDA:77,5,0,7
BRDA:77,5,1,7
BRF:12
BRH:9
end_of_record
TN:
SF:C:\Users\Pawel\Documents\Programowanie\PROTON\amplify-js\packages\datastore\src\storage\storage.ts
FN:41,(anonymous_18)
FN:49,StorageClass
FN:64,(anonymous_20)
FN:76,(anonymous_21)
FN:86,(anonymous_24)
FN:104,(anonymous_25)
FN:114,(anonymous_28)
FN:164,(anonymous_29)
FN:179,(anonymous_32)
FN:188,(anonymous_33)
FN:212,(anonymous_34)
FN:222,(anonymous_37)
FN:232,(anonymous_40)
FN:243,(anonymous_41)
FN:247,(anonymous_42)
FN:251,(anonymous_43)
FN:267,(anonymous_44)
FN:277,(anonymous_47)
FN:286,(anonymous_50)
FN:300,(anonymous_51)
FN:314,(anonymous_52)
FN:325,(anonymous_53)
FN:357,(anonymous_54)
FN:360,ExclusiveStorage
FN:381,(anonymous_56)
FN:385,(anonymous_57)
FN:391,(anonymous_60)
FN:406,(anonymous_61)
FN:411,(anonymous_64)
FN:424,(anonymous_65)
FN:429,(anonymous_68)
FN:434,(anonymous_69)
FN:438,(anonymous_72)
FN:443,(anonymous_73)
FN:447,(anonymous_74)
FN:455,(anonymous_75)
FN:459,(anonymous_78)
FN:466,(anonymous_79)
FNF:38
FNH:28
FNDA:34,(anonymous_18)
FNDA:35,StorageClass
FNDA:34,(anonymous_20)
FNDA:502,(anonymous_21)
FNDA:35,(anonymous_24)
FNDA:160,(anonymous_25)
FNDA:193,(anonymous_28)
FNDA:29,(anonymous_29)
FNDA:50,(anonymous_32)
FNDA:80,(anonymous_33)
FNDA:261,(anonymous_34)
FNDA:14,(anonymous_37)
FNDA:0,(anonymous_40)
FNDA:0,(anonymous_41)
FNDA:0,(anonymous_42)
FNDA:0,(anonymous_43)
FNDA:1,(anonymous_44)
FNDA:3,(anonymous_47)
FNDA:2,(anonymous_50)
FNDA:32,(anonymous_51)
FNDA:15,(anonymous_52)
FNDA:15,(anonymous_53)
FNDA:34,(anonymous_54)
FNDA:35,ExclusiveStorage
FNDA:282,(anonymous_56)
FNDA:0,(anonymous_57)
FNDA:0,(anonymous_60)
FNDA:22,(anonymous_61)
FNDA:22,(anonymous_64)
FNDA:77,(anonymous_65)
FNDA:77,(anonymous_68)
FNDA:0,(anonymous_69)
FNDA:0,(anonymous_72)
FNDA:34,(anonymous_73)
FNDA:0,(anonymous_74)
FNDA:1,(anonymous_75)
FNDA:0,(anonymous_78)
FNDA:35,(anonymous_79)
DA:1,34
DA:3,34
DA:6,34
DA:7,34
DA:22,34
DA:29,34
DA:40,34
DA:41,34
DA:50,35
DA:51,35
DA:52,35
DA:56,35
DA:57,35
DA:58,35
DA:60,35
DA:61,35
DA:64,34
DA:65,34
DA:73,34
DA:76,34
DA:77,537
DA:78,934
DA:79,467
DA:81,35
DA:86,35
DA:87,35
DA:88,35
DA:91,35
DA:101,70
DA:104,34
DA:110,320
DA:112,160
DA:114,160
DA:115,193
DA:118,193
DA:123,193
DA:124,32
DA:131,32
DA:132,20
DA:136,173
DA:138,173
DA:142,173
DA:151,160
DA:164,34
DA:169,58
DA:174,29
DA:179,50
DA:181,29
DA:185,0
DA:188,29
DA:189,80
DA:194,80
DA:195,5
DA:200,80
DA:209,29
DA:212,34
DA:217,522
DA:219,261
DA:222,34
DA:224,14
DA:226,28
DA:228,14
DA:229,14
DA:232,34
DA:237,0
DA:238,0
DA:240,0
DA:242,0
DA:243,0
DA:244,0
DA:247,0
DA:250,0
DA:251,0
DA:252,0
DA:253,0
DA:256,0
DA:257,0
DA:260,0
DA:264,0
DA:267,34
DA:268,1
DA:270,2
DA:272,1
DA:273,1
DA:277,34
DA:282,6
DA:284,3
DA:286,3
DA:287,2
DA:296,3
DA:300,34
DA:305,32
DA:306,32
DA:307,19
DA:310,13
DA:311,13
DA:314,15
DA:318,13
DA:320,13
DA:321,13
DA:325,13
DA:326,15
DA:331,15
DA:334,15
DA:335,12
DA:339,13
DA:340,1
DA:343,12
DA:347,12
DA:355,34
DA:357,34
DA:359,35
DA:371,35
DA:381,34
DA:382,282
DA:385,34
DA:391,0
DA:392,0
DA:406,34
DA:411,22
DA:412,22
DA:413,20
DA:415,20
DA:417,2
DA:419,2
DA:424,34
DA:429,77
DA:430,77
DA:434,34
DA:436,0
DA:438,0
DA:439,0
DA:443,34
DA:444,34
DA:447,34
DA:452,0
DA:455,34
DA:456,2
DA:459,34
DA:463,0
DA:466,34
DA:467,35
DA:469,34
DA:471,34
LF:144
LH:121
BRDA:77,0,0,35
BRDA:77,0,1,467
BRDA:110,1,0,160
BRDA:123,2,0,32
BRDA:123,2,1,161
BRDA:123,3,0,193
BRDA:123,3,1,36
BRDA:131,4,0,20
BRDA:131,4,1,12
BRDA:136,5,0,173
BRDA:136,5,1,161
BRDA:169,6,0,29
BRDA:181,7,0,0
BRDA:181,7,1,29
BRDA:182,8,0,29
BRDA:182,8,1,7
BRDA:194,9,0,5
BRDA:194,9,1,75
BRDA:196,10,0,5
BRDA:196,10,1,0
BRDA:217,11,0,261
BRDA:217,11,1,261
BRDA:224,12,0,0
BRDA:224,12,1,14
BRDA:226,13,0,14
BRDA:238,14,0,0
BRDA:238,14,1,0
BRDA:244,15,0,0
BRDA:244,15,1,0
BRDA:250,16,0,0
BRDA:250,16,1,0
BRDA:252,17,0,0
BRDA:252,17,1,0
BRDA:256,18,0,0
BRDA:256,18,1,0
BRDA:267,19,0,1
BRDA:267,19,1,0
BRDA:272,20,0,1
BRDA:272,20,1,0
BRDA:282,21,0,3
BRDA:305,22,0,32
BRDA:305,22,1,13
BRDA:306,23,0,19
BRDA:306,23,1,13
BRDA:314,24,0,15
BRDA:314,24,1,15
BRDA:331,25,0,15
BRDA:331,25,1,14
BRDA:334,26,0,12
BRDA:334,26,1,3
BRDA:339,27,0,1
BRDA:339,27,1,12
BRDA:412,28,0,20
BRDA:412,28,1,2
BRDA:436,29,0,0
BRDA:436,29,1,0
BRDA:456,30,0,1
BRF:57
BRH:40
end_of_record
TN:
SF:C:\Users\Pawel\Documents\Programowanie\PROTON\amplify-js\packages\datastore\src\storage\adapter\AsyncStorageAdapter.ts
FN:36,(anonymous_23)
FN:49,(anonymous_25)
FN:58,(anonymous_26)
FN:64,(anonymous_27)
FN:74,(anonymous_30)
FN:97,(anonymous_31)
FN:114,(anonymous_34)
FN:155,(anonymous_35)
FN:162,(anonymous_38)
FN:171,(anonymous_39)
FN:225,(anonymous_40)
FN:230,(anonymous_41)
FN:244,(anonymous_44)
FN:266,(anonymous_47)
FN:274,(anonymous_50)
FN:280,(anonymous_53)
FN:287,(anonymous_54)
FN:293,(anonymous_55)
FN:302,(anonymous_58)
FN:308,(anonymous_59)
FN:333,(anonymous_60)
FN:342,(anonymous_63)
FN:371,(anonymous_66)
FN:387,(anonymous_67)
FN:449,(anonymous_68)
FN:457,(anonymous_69)
FN:481,(anonymous_72)
FN:516,(anonymous_75)
FN:533,(anonymous_76)
FN:557,(anonymous_77)
FN:566,(anonymous_78)
FN:573,(anonymous_81)
FN:594,(anonymous_85)
FNF:33
FNH:29
FNDA:40,(anonymous_23)
FNDA:173,(anonymous_25)
FNDA:682,(anonymous_26)
FNDA:19,(anonymous_27)
FNDA:19,(anonymous_30)
FNDA:54,(anonymous_31)
FNDA:83,(anonymous_34)
FNDA:118,(anonymous_35)
FNDA:145,(anonymous_38)
FNDA:50,(anonymous_39)
FNDA:70,(anonymous_40)
FNDA:118,(anonymous_41)
FNDA:236,(anonymous_44)
FNDA:85,(anonymous_47)
FNDA:33,(anonymous_50)
FNDA:110,(anonymous_53)
FNDA:108,(anonymous_54)
FNDA:25,(anonymous_55)
FNDA:40,(anonymous_58)
FNDA:28,(anonymous_59)
FNDA:0,(anonymous_60)
FNDA:11,(anonymous_63)
FNDA:41,(anonymous_66)
FNDA:0,(anonymous_67)
FNDA:0,(anonymous_68)
FNDA:10,(anonymous_69)
FNDA:41,(anonymous_72)
FNDA:14,(anonymous_75)
FNDA:40,(anonymous_76)
FNDA:31,(anonymous_77)
FNDA:0,(anonymous_78)
FNDA:3,(anonymous_81)
FNDA:3,(anonymous_85)
DA:1,19
DA:2,19
DA:5,19
DA:9,19
DA:24,19
DA:34,19
DA:36,19
DA:49,19
DA:52,173
DA:53,173
DA:55,173
DA:58,19
DA:59,682
DA:61,682
DA:64,19
DA:73,19
DA:74,19
DA:75,19
DA:76,19
DA:79,0
DA:80,0
DA:82,19
DA:83,19
DA:84,19
DA:85,19
DA:87,19
DA:88,19
DA:89,38
DA:90,19
DA:93,0
DA:97,19
DA:101,54
DA:103,54
DA:104,54
DA:111,54
DA:112,54
DA:113,54
DA:114,83
DA:115,83
DA:116,83
DA:117,83
DA:120,54
DA:122,54
DA:123,0
DA:124,0
DA:126,0
DA:128,0
DA:129,0
DA:130,0
DA:132,0
DA:136,54
DA:138,83
DA:139,83
DA:140,83
DA:142,83
DA:143,83
DA:145,97
DA:146,138
DA:148,69
DA:152,54
DA:155,19
DA:160,118
DA:161,118
DA:162,145
DA:163,145
DA:165,118
DA:170,118
DA:171,43
DA:172,50
DA:176,145
DA:177,145
DA:178,145
DA:179,145
DA:184,145
DA:185,14
DA:186,14
DA:187,22
DA:188,0
DA:193,0
DA:199,14
DA:200,74
DA:201,74
DA:202,86
DA:203,52
DA:208,52
DA:211,52
DA:215,74
DA:216,57
DA:218,57
DA:220,0
DA:221,0
DA:225,75
DA:226,70
DA:230,19
DA:235,118
DA:236,118
DA:238,118
DA:240,118
DA:241,118
DA:242,118
DA:244,118
DA:245,151
DA:246,85
DA:247,85
DA:250,41
DA:251,25
DA:252,25
DA:255,13
DA:256,3
DA:257,3
DA:260,5
DA:263,118
DA:266,19
DA:270,85
DA:271,85
DA:274,19
DA:277,33
DA:280,19
DA:283,110
DA:285,110
DA:287,108
DA:290,110
DA:293,19
DA:297,25
DA:299,25
DA:301,25
DA:302,40
DA:305,25
DA:308,19
DA:312,28
DA:313,5
DA:314,4
DA:318,4
DA:319,4
DA:320,4
DA:323,10
DA:324,5
DA:326,5
DA:328,5
DA:330,23
DA:333,19
DA:335,0
DA:337,0
DA:338,0
DA:339,0
DA:342,19
DA:346,11
DA:348,12
DA:349,10
DA:350,10
DA:353,10
DA:355,10
DA:359,10
DA:360,20
DA:368,20
DA:370,10
DA:371,41
DA:374,10
DA:376,0
DA:384,0
DA:386,0
DA:387,0
DA:391,0
DA:394,1
DA:396,1
DA:398,1
DA:400,1
DA:401,1
DA:402,1
DA:404,1
DA:405,1
DA:406,1
DA:408,1
DA:411,0
DA:412,0
DA:414,0
DA:415,0
DA:416,0
DA:417,0
DA:419,0
DA:422,0
DA:425,0
DA:433,0
DA:437,0
DA:446,0
DA:448,0
DA:449,0
DA:453,0
DA:457,19
DA:460,41
DA:461,41
DA:463,41
DA:464,31
DA:465,31
DA:466,31
DA:467,62
DA:481,19
DA:488,92
DA:489,92
DA:490,92
DA:492,92
DA:506,92
DA:507,3
DA:508,3
DA:509,3
DA:511,3
DA:512,3
DA:514,3
DA:515,3
DA:516,14
DA:519,6
DA:528,3
DA:529,31
DA:530,31
DA:531,28
DA:532,28
DA:533,40
DA:536,56
DA:545,31
DA:546,58
DA:548,58
DA:550,0
DA:551,0
DA:555,41
DA:558,31
DA:566,19
DA:567,0
DA:569,0
DA:570,0
DA:573,19
DA:577,3
DA:578,3
DA:579,3
DA:581,3
DA:583,6
DA:584,3
DA:586,3
DA:594,3
DA:598,3
DA:601,3
DA:603,19
DA:605,19
LF:242
LH:199
BRDA:79,0,0,0
BRDA:73,1,0,0
BRDA:73,1,1,19
BRDA:87,2,0,0
BRDA:87,2,1,19
BRDA:152,3,0,54
BRDA:122,4,0,0
BRDA:122,4,1,54
BRDA:122,5,0,54
BRDA:122,5,1,0
BRDA:128,6,0,0
BRDA:128,6,1,0
BRDA:143,7,0,21
BRDA:143,7,1,62
BRDA:145,8,0,14
BRDA:145,8,1,69
BRDA:145,9,0,83
BRDA:145,9,1,29
BRDA:199,10,0,14
BRDA:199,10,1,74
BRDA:199,10,2,75
BRDA:170,11,0,43
BRDA:170,11,1,75
BRDA:185,12,0,14
BRDA:185,12,1,74
BRDA:185,12,2,57
BRDA:187,13,0,11
BRDA:187,13,1,0
BRDA:194,14,0,0
BRDA:194,14,1,0
BRDA:202,15,0,17
BRDA:202,15,1,52
BRDA:209,16,0,52
BRDA:209,16,1,52
BRDA:263,17,0,118
BRDA:239,18,0,118
BRDA:239,18,1,110
BRDA:240,19,0,118
BRDA:240,19,1,110
BRDA:241,20,0,118
BRDA:241,20,1,24
BRDA:242,21,0,118
BRDA:242,21,1,24
BRDA:260,22,0,5
BRDA:245,23,0,33
BRDA:245,23,1,85
BRDA:247,24,0,69
BRDA:247,24,1,16
BRDA:250,25,0,8
BRDA:250,25,1,25
BRDA:255,26,0,5
BRDA:255,26,1,3
BRDA:255,27,0,8
BRDA:255,27,1,6
BRDA:270,28,0,85
BRDA:277,29,0,33
BRDA:277,29,1,33
BRDA:285,30,0,110
BRDA:285,30,1,108
BRDA:287,31,0,108
BRDA:287,31,1,108
BRDA:287,31,2,85
BRDA:290,32,0,110
BRDA:290,32,1,85
BRDA:302,33,0,25
BRDA:302,33,1,0
BRDA:312,34,0,5
BRDA:312,34,1,23
BRDA:312,35,0,28
BRDA:312,35,1,24
BRDA:313,36,0,4
BRDA:313,36,1,1
BRDA:318,37,0,4
BRDA:318,37,1,0
BRDA:323,38,0,3
BRDA:323,38,1,2
BRDA:323,39,0,2
BRDA:323,39,1,3
BRDA:324,40,0,5
BRDA:324,40,1,5
BRDA:326,41,0,3
BRDA:326,41,1,2
BRDA:335,42,0,0
BRDA:335,42,1,0
BRDA:339,43,0,0
BRDA:339,43,1,0
BRDA:376,44,0,0
BRDA:376,44,1,0
BRDA:348,45,0,1
BRDA:348,45,1,10
BRDA:359,46,0,0
BRDA:359,46,1,10
BRDA:401,47,0,0
BRDA:401,47,1,1
BRDA:404,48,0,1
BRDA:404,48,1,0
BRDA:415,49,0,0
BRDA:415,49,1,0
BRDA:464,50,0,0
BRDA:464,50,1,31
BRDA:465,51,0,0
BRDA:465,51,1,31
BRDA:528,52,0,3
BRDA:528,52,1,31
BRDA:493,53,0,92
BRDA:493,53,1,46
BRDA:507,54,0,3
BRDA:507,54,1,31
BRDA:507,54,2,58
BRDA:509,55,0,3
BRDA:509,55,1,1
BRDA:512,56,0,1
BRDA:512,56,1,2
BRDA:567,57,0,0
BRDA:601,58,0,3
BRF:115
BRH:89
end_of_record
TN:
SF:C:\Users\Pawel\Documents\Programowanie\PROTON\amplify-js\packages\datastore\src\storage\adapter\AsyncStorageDatabase.ts
FN:18,(anonymous_16)
FN:26,(anonymous_18)
FN:34,(anonymous_19)
FN:42,(anonymous_20)
FN:88,(anonymous_23)
FN:100,(anonymous_26)
FN:136,(anonymous_29)
FN:137,(anonymous_30)
FN:139,(anonymous_31)
FN:147,(anonymous_32)
FN:151,(anonymous_33)
FN:160,(anonymous_34)
FN:166,(anonymous_35)
FN:171,(anonymous_36)
FN:180,(anonymous_37)
FN:203,(anonymous_38)
FN:214,(anonymous_41)
FN:219,(anonymous_44)
FN:224,(anonymous_45)
FN:241,(anonymous_46)
FN:269,(anonymous_49)
FN:270,(anonymous_50)
FN:275,(anonymous_51)
FN:286,(anonymous_54)
FN:288,(anonymous_57)
FN:293,(anonymous_58)
FN:297,(anonymous_59)
FN:301,(anonymous_60)
FNF:28
FNH:22
FNDA:38,(anonymous_16)
FNDA:776,(anonymous_18)
FNDA:72,(anonymous_19)
FNDA:19,(anonymous_20)
FNDA:69,(anonymous_23)
FNDA:3,(anonymous_26)
FNDA:3,(anonymous_29)
FNDA:0,(anonymous_30)
FNDA:3,(anonymous_31)
FNDA:1,(anonymous_32)
FNDA:1,(anonymous_33)
FNDA:3,(anonymous_34)
FNDA:2,(anonymous_35)
FNDA:2,(anonymous_36)
FNDA:2,(anonymous_37)
FNDA:275,(anonymous_38)
FNDA:0,(anonymous_41)
FNDA:0,(anonymous_44)
FNDA:0,(anonymous_45)
FNDA:64,(anonymous_46)
FNDA:114,(anonymous_49)
FNDA:113,(anonymous_50)
FNDA:31,(anonymous_51)
FNDA:0,(anonymous_54)
FNDA:0,(anonymous_57)
FNDA:499,(anonymous_58)
FNDA:7,(anonymous_59)
FNDA:506,(anonymous_60)
DA:2,19
DA:9,19
DA:10,19
DA:12,19
DA:13,19
DA:14,19
DA:16,19
DA:18,19
DA:22,19
DA:24,19
DA:26,19
DA:27,776
DA:28,90
DA:31,776
DA:34,19
DA:35,72
DA:36,39
DA:39,72
DA:42,19
DA:43,19
DA:45,19
DA:47,19
DA:49,237
DA:50,237
DA:52,237
DA:53,240
DA:54,234
DA:56,461
DA:59,7
DA:61,7
DA:63,7
DA:64,7
DA:66,7
DA:68,14
DA:69,14
DA:71,7
DA:73,227
DA:76,234
DA:77,3
DA:78,3
DA:83,37
DA:84,2
DA:88,19
DA:89,69
DA:93,69
DA:95,69
DA:97,138
DA:100,19
DA:104,3
DA:105,0
DA:108,3
DA:110,3
DA:112,3
DA:113,3
DA:114,3
DA:115,3
DA:116,3
DA:117,3
DA:118,3
DA:120,3
DA:122,3
DA:123,3
DA:125,3
DA:126,1
DA:128,2
DA:132,3
DA:135,3
DA:136,3
DA:137,0
DA:139,6
DA:140,3
DA:141,2
DA:142,2
DA:145,1
DA:147,1
DA:148,1
DA:151,1
DA:152,1
DA:153,0
DA:155,1
DA:160,6
DA:161,3
DA:162,1
DA:163,1
DA:166,2
DA:171,2
DA:172,2
DA:173,2
DA:174,2
DA:177,2
DA:180,2
DA:181,2
DA:182,0
DA:184,2
DA:189,3
DA:190,3
DA:191,0
DA:192,3
DA:193,2
DA:200,3
DA:203,19
DA:207,275
DA:208,275
DA:209,275
DA:210,275
DA:211,275
DA:214,19
DA:215,0
DA:217,0
DA:221,0
DA:222,0
DA:226,0
DA:227,0
DA:229,0
DA:230,0
DA:232,0
DA:234,0
DA:241,19
DA:245,64
DA:247,64
DA:248,64
DA:249,64
DA:251,64
DA:252,64
DA:253,114
DA:254,114
DA:256,114
DA:257,0
DA:260,114
DA:262,114
DA:263,0
DA:267,64
DA:268,64
DA:269,114
DA:270,113
DA:272,64
DA:275,19
DA:276,31
DA:277,31
DA:279,31
DA:280,62
DA:286,19
DA:287,0
DA:288,0
DA:289,0
DA:290,0
DA:293,19
DA:294,499
DA:297,19
DA:298,7
DA:301,19
DA:302,506
DA:304,19
DA:306,19
LF:154
LH:133
BRDA:27,0,0,90
BRDA:27,0,1,686
BRDA:35,1,0,39
BRDA:35,1,1,33
BRDA:52,2,0,0
BRDA:52,2,1,237
BRDA:53,3,0,3
BRDA:53,3,1,234
BRDA:56,4,0,227
BRDA:56,4,1,7
BRDA:77,5,0,3
BRDA:77,5,1,0
BRDA:83,6,0,18
BRDA:83,6,1,1
BRDA:90,7,0,69
BRDA:90,7,1,62
BRDA:104,8,0,0
BRDA:104,8,1,3
BRDA:118,9,0,3
BRDA:118,9,1,3
BRDA:125,10,0,1
BRDA:125,10,1,2
BRDA:140,11,0,2
BRDA:140,11,1,1
BRDA:152,12,0,0
BRDA:152,12,1,1
BRDA:152,13,0,1
BRDA:152,13,1,0
BRDA:161,14,0,1
BRDA:161,14,1,2
BRDA:181,15,0,0
BRDA:181,15,1,2
BRDA:181,16,0,2
BRDA:181,16,1,0
BRDA:190,17,0,0
BRDA:190,17,1,3
BRDA:190,18,0,3
BRDA:190,18,1,1
BRDA:192,19,0,2
BRDA:192,19,1,1
BRDA:195,20,0,0
BRDA:195,20,1,2
BRDA:210,21,0,275
BRDA:210,21,1,149
BRDA:219,22,0,0
BRDA:219,22,1,0
BRDA:230,23,0,0
BRDA:230,23,1,0
BRDA:232,24,0,0
BRDA:232,24,1,0
BRDA:232,25,0,0
BRDA:232,25,1,0
BRDA:247,26,0,64
BRDA:247,26,1,64
BRDA:247,27,0,64
BRDA:247,27,1,0
BRDA:247,28,0,64
BRDA:247,28,1,0
BRDA:248,29,0,64
BRDA:248,29,1,64
BRDA:249,30,0,0
BRDA:249,30,1,64
BRDA:256,31,0,0
BRDA:256,31,1,114
BRDA:262,32,0,0
BRDA:262,32,1,114
BRDA:287,33,0,0
BRF:67
BRH:44
end_of_record
TN:
SF:C:\Users\Pawel\Documents\Programowanie\PROTON\amplify-js\packages\datastore\src\storage\adapter\InMemoryStore.ts
FN:1,(anonymous_14)
FN:4,(anonymous_16)
FN:8,(anonymous_19)
FN:8,(anonymous_20)
FN:9,(anonymous_22)
FN:12,(anonymous_23)
FN:12,(anonymous_24)
FN:13,(anonymous_26)
FN:18,(anonymous_27)
FN:18,(anonymous_28)
FN:19,(anonymous_30)
FN:26,(anonymous_31)
FN:26,(anonymous_32)
FN:30,(anonymous_34)
FN:30,(anonymous_35)
FN:34,(anonymous_37)
FN:34,(anonymous_38)
FN:39,createInMemoryStore
FNF:18
FNH:18
FNDA:6,(anonymous_14)
FNDA:6,(anonymous_16)
FNDA:12,(anonymous_19)
FNDA:12,(anonymous_20)
FNDA:19,(anonymous_22)
FNDA:1,(anonymous_23)
FNDA:1,(anonymous_24)
FNDA:1,(anonymous_26)
FNDA:2,(anonymous_27)
FNDA:2,(anonymous_28)
FNDA:2,(anonymous_30)
FNDA:10,(anonymous_31)
FNDA:10,(anonymous_32)
FNDA:1,(anonymous_34)
FNDA:1,(anonymous_35)
FNDA:30,(anonymous_37)
FNDA:30,(anonymous_38)
FNDA:3,createInMemoryStore
DA:1,6
DA:2,3
DA:4,3
DA:5,3
DA:8,12
DA:9,19
DA:12,3
DA:13,1
DA:15,1
DA:18,3
DA:19,2
DA:20,2
DA:23,2
DA:26,10
DA:27,10
DA:30,3
DA:31,1
DA:34,30
DA:35,30
DA:37,3
DA:39,3
DA:40,3
LF:22
LH:22
BRF:0
BRH:0
end_of_record
TN:
SF:C:\Users\Pawel\Documents\Programowanie\PROTON\amplify-js\packages\datastore\src\storage\adapter\IndexedDBAdapter.ts
FN:39,(anonymous_25)
FN:53,(anonymous_27)
FN:54,(anonymous_30)
FN:67,(anonymous_31)
FN:76,(anonymous_32)
FN:82,(anonymous_33)
FN:94,(anonymous_36)
FN:113,(anonymous_37)
FN:113,(anonymous_38)
FN:115,(anonymous_40)
FN:118,(anonymous_41)
FN:126,(anonymous_42)
FN:187,(anonymous_43)
FN:206,(anonymous_46)
FN:225,(anonymous_49)
FN:278,(anonymous_50)
FN:285,(anonymous_53)
FN:294,(anonymous_54)
FN:351,(anonymous_55)
FN:356,(anonymous_56)
FN:371,(anonymous_59)
FN:397,(anonymous_62)
FN:405,(anonymous_65)
FN:411,(anonymous_68)
FN:418,(anonymous_69)
FN:424,(anonymous_70)
FN:433,(anonymous_73)
FN:439,(anonymous_74)
FN:465,(anonymous_75)
FN:505,(anonymous_78)
FN:522,(anonymous_81)
FN:552,(anonymous_84)
FN:573,(anonymous_85)
FN:642,(anonymous_86)
FN:650,(anonymous_87)
FN:653,(anonymous_90)
FN:680,(anonymous_91)
FN:758,(anonymous_94)
FN:767,(anonymous_95)
FN:778,(anonymous_98)
FN:810,(anonymous_103)
FNF:41
FNH:38
FNDA:30,(anonymous_25)
FNDA:320,(anonymous_27)
FNDA:320,(anonymous_30)
FNDA:303,(anonymous_31)
FNDA:959,(anonymous_32)
FNDA:16,(anonymous_33)
FNDA:16,(anonymous_36)
FNDA:5,(anonymous_37)
FNDA:5,(anonymous_38)
FNDA:16,(anonymous_40)
FNDA:37,(anonymous_41)
FNDA:9,(anonymous_42)
FNDA:431,(anonymous_43)
FNDA:106,(anonymous_46)
FNDA:145,(anonymous_49)
FNDA:165,(anonymous_50)
FNDA:154,(anonymous_53)
FNDA:77,(anonymous_54)
FNDA:87,(anonymous_55)
FNDA:165,(anonymous_56)
FNDA:330,(anonymous_59)
FNDA:117,(anonymous_62)
FNDA:47,(anonymous_65)
FNDA:160,(anonymous_68)
FNDA:145,(anonymous_69)
FNDA:43,(anonymous_70)
FNDA:61,(anonymous_73)
FNDA:45,(anonymous_74)
FNDA:1,(anonymous_75)
FNDA:14,(anonymous_78)
FNDA:18,(anonymous_81)
FNDA:52,(anonymous_84)
FNDA:0,(anonymous_85)
FNDA:5,(anonymous_86)
FNDA:17,(anonymous_87)
FNDA:57,(anonymous_90)
FNDA:57,(anonymous_91)
FNDA:49,(anonymous_94)
FNDA:1,(anonymous_95)
FNDA:0,(anonymous_98)
FNDA:0,(anonymous_103)
DA:1,15
DA:2,15
DA:4,15
DA:8,15
DA:23,15
DA:35,15
DA:37,15
DA:39,15
DA:51,15
DA:53,15
DA:54,320
DA:55,320
DA:57,320
DA:58,0
DA:59,0
DA:63,320
DA:67,15
DA:70,303
DA:71,303
DA:73,303
DA:76,15
DA:77,959
DA:79,959
DA:82,15
DA:92,32
DA:93,16
DA:94,16
DA:95,16
DA:96,16
DA:99,0
DA:101,16
DA:102,0
DA:104,16
DA:105,16
DA:106,16
DA:107,16
DA:110,16
DA:111,16
DA:112,16
DA:113,5
DA:114,5
DA:115,4
DA:116,16
DA:118,16
DA:119,37
DA:120,37
DA:124,37
DA:126,37
DA:128,37
DA:132,4
DA:135,1
DA:137,9
DA:138,9
DA:141,9
DA:142,9
DA:145,9
DA:150,9
DA:152,9
DA:153,9
DA:156,31
DA:158,44
DA:160,22
DA:161,22
DA:165,9
DA:167,9
DA:170,0
DA:171,0
DA:172,0
DA:175,1
DA:180,16
DA:183,0
DA:187,15
DA:193,431
DA:194,117
DA:195,117
DA:197,314
DA:198,314
DA:201,431
DA:203,431
DA:206,15
DA:210,212
DA:211,106
DA:213,106
DA:214,106
DA:221,106
DA:223,106
DA:224,106
DA:225,145
DA:226,145
DA:227,145
DA:228,145
DA:231,106
DA:235,106
DA:237,106
DA:239,106
DA:240,0
DA:241,0
DA:243,0
DA:245,0
DA:246,0
DA:247,0
DA:249,0
DA:253,106
DA:255,145
DA:256,145
DA:257,145
DA:258,145
DA:260,145
DA:261,145
DA:265,166
DA:266,124
DA:267,248
DA:269,124
DA:273,212
DA:275,106
DA:278,15
DA:283,165
DA:284,165
DA:285,165
DA:286,154
DA:288,165
DA:293,165
DA:294,82
DA:295,77
DA:299,83
DA:301,154
DA:302,154
DA:303,154
DA:304,154
DA:305,154
DA:310,154
DA:311,14
DA:312,14
DA:313,22
DA:314,0
DA:319,0
DA:325,14
DA:326,79
DA:327,86
DA:328,110
DA:329,62
DA:334,62
DA:337,62
DA:341,79
DA:342,61
DA:344,61
DA:346,0
DA:347,0
DA:351,83
DA:352,87
DA:356,15
DA:361,330
DA:362,165
DA:363,165
DA:365,165
DA:367,165
DA:368,165
DA:369,165
DA:371,165
DA:372,213
DA:373,117
DA:374,117
DA:377,53
DA:378,43
DA:379,43
DA:382,8
DA:383,2
DA:384,2
DA:387,3
DA:388,1
DA:391,2
DA:394,165
DA:397,15
DA:401,117
DA:402,117
DA:405,15
DA:408,47
DA:411,15
DA:414,160
DA:416,160
DA:418,145
DA:421,160
DA:424,15
DA:428,43
DA:430,43
DA:432,43
DA:433,61
DA:436,43
DA:439,15
DA:443,45
DA:444,3
DA:445,3
DA:449,3
DA:450,3
DA:451,3
DA:455,6
DA:456,3
DA:458,3
DA:460,3
DA:462,42
DA:465,15
DA:471,1
DA:472,1
DA:473,1
DA:475,1
DA:480,2
DA:481,0
DA:484,1
DA:485,1
DA:487,1
DA:488,1
DA:490,1
DA:491,1
DA:494,0
DA:497,1
DA:499,0
DA:502,1
DA:505,15
DA:507,14
DA:509,28
DA:510,14
DA:512,14
DA:517,14
DA:519,14
DA:522,15
DA:526,36
DA:527,18
DA:529,24
DA:530,12
DA:531,12
DA:533,12
DA:535,12
DA:536,12
DA:540,12
DA:541,24
DA:549,24
DA:551,12
DA:552,52
DA:556,12
DA:558,0
DA:567,0
DA:572,0
DA:573,0
DA:577,0
DA:580,6
DA:582,6
DA:584,6
DA:586,6
DA:588,11
DA:589,1
DA:590,1
DA:592,1
DA:594,1
DA:595,1
DA:596,1
DA:598,1
DA:601,0
DA:602,0
DA:604,0
DA:606,0
DA:607,0
DA:608,0
DA:610,0
DA:612,0
DA:614,0
DA:618,0
DA:626,5
DA:630,10
DA:639,10
DA:641,5
DA:642,5
DA:646,5
DA:650,15
DA:653,57
DA:654,57
DA:657,17
DA:658,57
DA:659,57
DA:660,57
DA:662,57
DA:663,49
DA:664,49
DA:666,49
DA:667,49
DA:669,0
DA:672,49
DA:673,98
DA:680,15
DA:687,109
DA:688,109
DA:689,109
DA:691,109
DA:705,109
DA:706,3
DA:707,3
DA:708,3
DA:710,3
DA:711,3
DA:713,3
DA:719,6
DA:728,3
DA:729,33
DA:730,37
DA:731,37
DA:737,74
DA:746,33
DA:747,73
DA:749,73
DA:751,0
DA:752,0
DA:756,57
DA:759,49
DA:767,15
DA:768,2
DA:770,1
DA:772,2
DA:774,1
DA:775,1
DA:778,15
DA:782,0
DA:783,0
DA:786,0
DA:788,0
DA:790,0
DA:792,0
DA:793,0
DA:795,0
DA:796,0
DA:804,0
DA:805,0
DA:806,0
DA:808,0
DA:809,0
DA:810,0
DA:813,0
DA:817,0
DA:819,0
DA:821,0
DA:822,0
DA:827,0
DA:829,0
DA:831,15
DA:833,15
LF:343
LH:281
BRDA:54,0,0,320
BRDA:57,1,0,0
BRDA:57,1,1,320
BRDA:92,2,0,16
BRDA:92,2,1,0
BRDA:93,3,0,0
BRDA:93,3,1,16
BRDA:101,4,0,0
BRDA:101,4,1,16
BRDA:110,5,0,0
BRDA:110,5,1,16
BRDA:175,6,0,1
BRDA:114,7,0,4
BRDA:114,7,1,1
BRDA:135,8,0,0
BRDA:135,8,1,1
BRDA:135,9,0,1
BRDA:135,9,1,1
BRDA:156,10,0,9
BRDA:156,10,1,22
BRDA:156,11,0,31
BRDA:156,11,1,22
BRDA:193,12,0,117
BRDA:193,12,1,314
BRDA:210,13,0,106
BRDA:210,13,1,106
BRDA:239,14,0,0
BRDA:239,14,1,106
BRDA:239,15,0,106
BRDA:239,15,1,0
BRDA:245,16,0,0
BRDA:245,16,1,0
BRDA:262,17,0,95
BRDA:262,17,1,50
BRDA:265,18,0,21
BRDA:265,18,1,124
BRDA:265,19,0,145
BRDA:265,19,1,39
BRDA:325,20,0,14
BRDA:325,20,1,79
BRDA:325,20,2,83
BRDA:293,21,0,82
BRDA:293,21,1,83
BRDA:311,22,0,14
BRDA:311,22,1,79
BRDA:311,22,2,61
BRDA:313,23,0,11
BRDA:313,23,1,0
BRDA:320,24,0,0
BRDA:320,24,1,0
BRDA:328,25,0,24
BRDA:328,25,1,62
BRDA:335,26,0,62
BRDA:335,26,1,62
BRDA:361,27,0,165
BRDA:361,27,1,165
BRDA:366,28,0,165
BRDA:366,28,1,160
BRDA:367,29,0,165
BRDA:367,29,1,160
BRDA:368,30,0,165
BRDA:368,30,1,20
BRDA:369,31,0,165
BRDA:369,31,1,20
BRDA:372,32,0,48
BRDA:372,32,1,117
BRDA:374,33,0,101
BRDA:374,33,1,16
BRDA:377,34,0,5
BRDA:377,34,1,43
BRDA:382,35,0,3
BRDA:382,35,1,2
BRDA:387,36,0,1
BRDA:387,36,1,2
BRDA:401,37,0,117
BRDA:408,38,0,47
BRDA:408,38,1,47
BRDA:416,39,0,160
BRDA:416,39,1,145
BRDA:418,40,0,145
BRDA:418,40,1,145
BRDA:418,40,2,117
BRDA:421,41,0,160
BRDA:421,41,1,117
BRDA:433,42,0,43
BRDA:433,42,1,0
BRDA:443,43,0,3
BRDA:443,43,1,42
BRDA:443,44,0,45
BRDA:443,44,1,19
BRDA:444,45,0,3
BRDA:444,45,1,0
BRDA:449,46,0,3
BRDA:449,46,1,0
BRDA:455,47,0,1
BRDA:455,47,1,2
BRDA:455,48,0,1
BRDA:455,48,1,2
BRDA:456,49,0,3
BRDA:456,49,1,3
BRDA:458,50,0,2
BRDA:458,50,1,1
BRDA:499,51,0,0
BRDA:499,51,1,1
BRDA:471,52,0,0
BRDA:471,52,1,1
BRDA:472,53,0,1
BRDA:472,53,1,0
BRDA:472,54,0,0
BRDA:472,54,1,1
BRDA:473,55,0,1
BRDA:473,55,1,1
BRDA:480,56,0,1
BRDA:480,56,1,0
BRDA:480,57,0,1
BRDA:480,57,1,1
BRDA:485,58,0,1
BRDA:485,58,1,1
BRDA:487,59,0,0
BRDA:487,59,1,1
BRDA:487,60,0,1
BRDA:487,60,1,1
BRDA:490,61,0,1
BRDA:490,61,1,0
BRDA:490,62,0,1
BRDA:490,62,1,1
BRDA:507,63,0,0
BRDA:507,63,1,14
BRDA:509,64,0,14
BRDA:515,65,0,14
BRDA:515,65,1,0
BRDA:517,66,0,11
BRDA:517,66,1,3
BRDA:519,67,0,14
BRDA:519,67,1,11
BRDA:526,68,0,18
BRDA:526,68,1,0
BRDA:526,68,2,5
BRDA:529,69,0,6
BRDA:529,69,1,12
BRDA:540,70,0,0
BRDA:540,70,1,12
BRDA:588,71,0,5
BRDA:588,71,1,1
BRDA:594,72,0,1
BRDA:594,72,1,0
BRDA:606,73,0,0
BRDA:606,73,1,0
BRDA:669,74,0,0
BRDA:663,75,0,0
BRDA:663,75,1,49
BRDA:666,76,0,0
BRDA:666,76,1,49
BRDA:672,77,0,0
BRDA:672,77,1,49
BRDA:728,78,0,3
BRDA:728,78,1,33
BRDA:692,79,0,109
BRDA:692,79,1,60
BRDA:706,80,0,3
BRDA:706,80,1,33
BRDA:706,80,2,73
BRDA:708,81,0,3
BRDA:708,81,1,1
BRDA:711,82,0,1
BRDA:711,82,1,2
BRDA:722,83,0,2
BRDA:722,83,1,1
BRDA:768,84,0,1
BRDA:827,85,0,0
BRDA:782,86,0,0
BRDA:782,86,1,0
BRDA:808,87,0,0
BRDA:808,87,1,0
BRDA:815,88,0,0
BRDA:815,88,1,0
BRDA:821,89,0,0
BRDA:821,89,1,0
BRF:178
BRH:135
end_of_record
TN:
SF:C:\Users\Pawel\Documents\Programowanie\PROTON\amplify-js\packages\datastore\src\storage\adapter\getDefaultAdapter\index.ts
FN:4,(anonymous_0)
FNF:1
FNH:1
FNDA:18,(anonymous_0)
DA:1,17
DA:4,17
DA:5,18
DA:7,18
DA:8,16
DA:11,2
DA:13,2
DA:16,17
LF:8
LH:8
BRDA:7,0,0,16
BRDA:7,0,1,2
BRDA:7,1,0,18
BRDA:7,1,1,18
BRDA:7,1,2,2
BRDA:7,1,3,0
BRF:6
BRH:5
end_of_record
TN:
SF:C:\Users\Pawel\Documents\Programowanie\PROTON\amplify-js\packages\datastore\src\sync\datastoreConnectivity.ts
FN:14,(anonymous_3)
FN:18,DataStoreConnectivity
FN:24,(anonymous_5)
FN:28,(anonymous_6)
FN:32,(anonymous_7)
FN:40,(anonymous_8)
FN:46,(anonymous_9)
FN:52,(anonymous_10)
FN:56,(anonymous_11)
FNF:9
FNH:1
FNDA:101,(anonymous_3)
FNDA:0,DataStoreConnectivity
FNDA:0,(anonymous_5)
FNDA:0,(anonymous_6)
FNDA:0,(anonymous_7)
FNDA:0,(anonymous_8)
FNDA:0,(anonymous_9)
FNDA:0,(anonymous_10)
FNDA:0,(anonymous_11)
DA:1,101
DA:2,101
DA:3,101
DA:5,101
DA:7,101
DA:14,101
DA:19,0
DA:24,101
DA:25,0
DA:26,0
DA:28,0
DA:29,0
DA:32,0
DA:33,0
DA:35,0
DA:37,0
DA:40,0
DA:41,0
DA:46,101
DA:47,0
DA:48,0
DA:52,101
DA:53,0
DA:54,0
DA:56,0
DA:57,0
DA:58,0
DA:62,101
LF:28
LH:10
BRDA:25,0,0,0
BRDA:25,0,1,0
BRDA:47,1,0,0
BRDA:47,1,1,0
BRDA:53,2,0,0
BRDA:53,2,1,0
BRDA:53,3,0,0
BRDA:53,3,1,0
BRF:8
BRH:0
end_of_record
TN:
SF:C:\Users\Pawel\Documents\Programowanie\PROTON\amplify-js\packages\datastore\src\sync\index.ts
FN:76,(anonymous_18)
FN:89,(anonymous_19)
FN:99,SyncEngine
FN:156,(anonymous_21)
FN:157,(anonymous_22)
FN:162,(anonymous_23)
FN:170,(anonymous_26)
FN:171,(anonymous_27)
FN:206,(anonymous_30)
FN:208,(anonymous_31)
FN:213,(anonymous_32)
FN:238,(anonymous_33)
FN:241,(anonymous_34)
FN:252,(anonymous_35)
FN:255,(anonymous_36)
FN:275,(anonymous_37)
FN:285,(anonymous_38)
FN:313,(anonymous_39)
FN:323,(anonymous_40)
FN:341,(anonymous_41)
FN:351,(anonymous_42)
FN:357,(anonymous_43)
FN:421,(anonymous_46)
FN:422,(anonymous_47)
FN:427,(anonymous_48)
FN:432,(anonymous_51)
FN:457,(anonymous_52)
FN:464,(anonymous_53)
FN:468,(anonymous_54)
FN:490,(anonymous_59)
FN:494,(anonymous_60)
FN:524,(anonymous_63)
FN:524,(anonymous_64)
FN:528,(anonymous_66)
FN:560,(anonymous_67)
FN:601,(anonymous_68)
FN:640,(anonymous_69)
FN:648,(anonymous_70)
FN:664,(anonymous_71)
FN:670,(anonymous_72)
FN:682,(anonymous_73)
FN:683,(anonymous_74)
FN:694,(anonymous_75)
FN:698,(anonymous_76)
FN:706,(anonymous_79)
FN:708,(anonymous_80)
FN:709,(anonymous_81)
FN:714,(anonymous_82)
FN:746,(anonymous_85)
FN:772,(anonymous_86)
FN:781,(anonymous_89)
FN:790,(anonymous_92)
FN:801,(anonymous_93)
FN:813,(anonymous_94)
FNF:54
FNH:3
FNDA:101,(anonymous_18)
FNDA:101,(anonymous_19)
FNDA:0,SyncEngine
FNDA:0,(anonymous_21)
FNDA:0,(anonymous_22)
FNDA:0,(anonymous_23)
FNDA:0,(anonymous_26)
FNDA:0,(anonymous_27)
FNDA:0,(anonymous_30)
FNDA:0,(anonymous_31)
FNDA:0,(anonymous_32)
FNDA:0,(anonymous_33)
FNDA:0,(anonymous_34)
FNDA:0,(anonymous_35)
FNDA:0,(anonymous_36)
FNDA:0,(anonymous_37)
FNDA:0,(anonymous_38)
FNDA:0,(anonymous_39)
FNDA:0,(anonymous_40)
FNDA:0,(anonymous_41)
FNDA:0,(anonymous_42)
FNDA:0,(anonymous_43)
FNDA:0,(anonymous_46)
FNDA:0,(anonymous_47)
FNDA:0,(anonymous_48)
FNDA:0,(anonymous_51)
FNDA:0,(anonymous_52)
FNDA:0,(anonymous_53)
FNDA:0,(anonymous_54)
FNDA:0,(anonymous_59)
FNDA:0,(anonymous_60)
FNDA:0,(anonymous_63)
FNDA:0,(anonymous_64)
FNDA:0,(anonymous_66)
FNDA:0,(anonymous_67)
FNDA:0,(anonymous_68)
FNDA:0,(anonymous_69)
FNDA:0,(anonymous_70)
FNDA:0,(anonymous_71)
FNDA:0,(anonymous_72)
FNDA:0,(anonymous_73)
FNDA:0,(anonymous_74)
FNDA:0,(anonymous_75)
FNDA:0,(anonymous_76)
FNDA:0,(anonymous_79)
FNDA:0,(anonymous_80)
FNDA:0,(anonymous_81)
FNDA:0,(anonymous_82)
FNDA:0,(anonymous_85)
FNDA:0,(anonymous_86)
FNDA:0,(anonymous_89)
FNDA:0,(anonymous_92)
FNDA:0,(anonymous_93)
FNDA:77,(anonymous_94)
DA:1,101
DA:2,101
DA:3,101
DA:5,101
DA:7,101
DA:25,101
DA:26,101
DA:27,101
DA:28,101
DA:29,101
DA:30,101
DA:31,101
DA:32,101
DA:38,101
DA:39,101
DA:41,101
DA:76,101
DA:77,101
DA:78,101
DA:79,101
DA:80,101
DA:81,101
DA:82,101
DA:83,101
DA:84,101
DA:85,101
DA:86,101
DA:89,101
DA:90,0
DA:100,0
DA:101,0
DA:102,0
DA:103,0
DA:104,0
DA:105,0
DA:106,0
DA:107,0
DA:110,0
DA:111,0
DA:112,0
DA:114,0
DA:118,0
DA:125,0
DA:127,0
DA:135,0
DA:141,0
DA:153,0
DA:156,101
DA:157,0
DA:158,0
DA:160,0
DA:162,0
DA:164,0
DA:166,0
DA:167,0
DA:170,0
DA:171,0
DA:173,0
DA:174,0
DA:176,0
DA:184,0
DA:190,0
DA:191,0
DA:196,0
DA:206,0
DA:207,0
DA:209,0
DA:210,0
DA:214,0
DA:215,0
DA:216,0
DA:220,0
DA:223,0
DA:224,0
DA:227,0
DA:229,0
DA:238,0
DA:239,0
DA:242,0
DA:244,0
DA:247,0
DA:250,0
DA:253,0
DA:256,0
DA:261,0
DA:262,0
DA:266,0
DA:267,0
DA:272,0
DA:275,0
DA:276,0
DA:280,0
DA:285,0
DA:286,0
DA:289,0
DA:298,0
DA:310,0
DA:311,0
DA:313,0
DA:314,0
DA:318,0
DA:323,0
DA:324,0
DA:331,0
DA:332,0
DA:334,0
DA:341,0
DA:342,0
DA:345,0
DA:349,0
DA:351,0
DA:352,0
DA:354,0
DA:357,0
DA:358,0
DA:361,0
DA:364,0
DA:365,0
DA:376,0
DA:378,0
DA:386,0
DA:393,0
DA:395,0
DA:396,0
DA:401,0
DA:405,0
DA:406,0
DA:407,0
DA:414,0
DA:416,0
DA:421,0
DA:422,0
DA:427,101
DA:430,0
DA:431,0
DA:433,0
DA:434,0
DA:435,0
DA:436,0
DA:437,0
DA:438,0
DA:440,0
DA:442,0
DA:446,0
DA:454,0
DA:457,101
DA:460,0
DA:461,0
DA:464,0
DA:468,0
DA:469,0
DA:470,0
DA:479,0
DA:482,0
DA:490,0
DA:491,0
DA:495,0
DA:496,0
DA:497,0
DA:498,0
DA:499,0
DA:500,0
DA:502,0
DA:506,0
DA:507,0
DA:513,0
DA:514,0
DA:524,0
DA:525,0
DA:527,0
DA:528,0
DA:529,0
DA:530,0
DA:533,0
DA:534,0
DA:537,0
DA:539,0
DA:540,0
DA:545,0
DA:546,0
DA:550,0
DA:551,0
DA:558,0
DA:560,0
DA:561,0
DA:563,0
DA:564,0
DA:566,0
DA:567,0
DA:569,0
DA:570,0
DA:572,0
DA:577,0
DA:578,0
DA:581,0
DA:586,0
DA:588,0
DA:590,0
DA:598,0
DA:602,0
DA:603,0
DA:609,0
DA:616,0
DA:618,0
DA:628,0
DA:630,0
DA:631,0
DA:632,0
DA:633,0
DA:636,0
DA:641,0
DA:645,0
DA:648,0
DA:653,0
DA:658,0
DA:664,0
DA:665,0
DA:670,0
DA:671,0
DA:672,0
DA:675,0
DA:676,0
DA:682,101
DA:683,0
DA:685,0
DA:689,0
DA:694,101
DA:695,0
DA:698,101
DA:699,0
DA:700,0
DA:703,0
DA:706,0
DA:707,0
DA:708,0
DA:710,0
DA:714,0
DA:715,0
DA:716,0
DA:720,0
DA:724,0
DA:725,0
DA:738,0
DA:741,0
DA:743,0
DA:747,0
DA:750,0
DA:751,0
DA:752,0
DA:753,0
DA:759,0
DA:762,0
DA:763,0
DA:764,0
DA:766,0
DA:769,0
DA:772,101
DA:773,0
DA:776,0
DA:778,0
DA:781,101
DA:785,0
DA:788,0
DA:790,0
DA:793,0
DA:798,0
DA:801,101
DA:804,0
DA:806,0
DA:810,0
DA:813,101
DA:814,77
DA:915,77
DA:917,101
LF:274
LH:41
BRDA:76,0,0,101
BRDA:76,0,1,101
BRDA:111,1,0,0
BRDA:111,1,1,0
BRDA:173,2,0,0
BRDA:173,2,1,0
BRDA:173,3,0,0
BRDA:173,3,1,0
BRDA:190,4,0,0
BRDA:190,4,1,0
BRDA:209,5,0,0
BRDA:209,5,1,0
BRDA:244,6,0,0
BRDA:244,6,1,0
BRDA:261,7,0,0
BRDA:261,7,1,0
BRDA:310,8,0,0
BRDA:310,8,1,0
BRDA:331,9,0,0
BRDA:331,9,1,0
BRDA:395,10,0,0
BRDA:395,10,1,0
BRDA:443,11,0,0
BRDA:443,11,1,0
BRDA:442,12,0,0
BRDA:442,12,1,0
BRDA:460,13,0,0
BRDA:460,13,1,0
BRDA:506,14,0,0
BRDA:506,14,1,0
BRDA:516,15,0,0
BRDA:516,15,1,0
BRDA:525,16,0,0
BRDA:529,17,0,0
BRDA:529,17,1,0
BRDA:545,18,0,0
BRDA:545,18,1,0
BRDA:562,19,0,0
BRDA:562,19,1,0
BRDA:562,19,2,0
BRDA:562,19,3,0
BRDA:577,20,0,0
BRDA:577,20,1,0
BRDA:592,21,0,0
BRDA:592,21,1,0
BRDA:595,22,0,0
BRDA:595,22,1,0
BRDA:604,23,0,0
BRDA:604,23,1,0
BRDA:630,24,0,0
BRDA:630,24,1,0
BRDA:469,25,0,0
BRDA:469,25,1,0
BRDA:671,26,0,0
BRDA:671,26,1,0
BRDA:675,27,0,0
BRDA:675,27,1,0
BRDA:685,28,0,0
BRDA:685,28,1,0
BRDA:686,29,0,0
BRDA:686,29,1,0
BRDA:769,30,0,0
BRDA:715,31,0,0
BRDA:715,31,1,0
BRDA:721,32,0,0
BRDA:721,32,1,0
BRDA:724,33,0,0
BRDA:724,33,1,0
BRDA:739,34,0,0
BRDA:739,34,1,0
BRDA:750,35,0,0
BRDA:750,35,1,0
BRF:72
BRH:2
end_of_record
TN:
SF:C:\Users\Pawel\Documents\Programowanie\PROTON\amplify-js\packages\datastore\src\sync\merger.ts
FN:8,(anonymous_17)
FN:9,ModelMerger
FN:14,(anonymous_19)
FN:35,(anonymous_22)
FNF:4
FNH:4
FNDA:101,(anonymous_17)
FNDA:2,ModelMerger
FNDA:5,(anonymous_19)
FNDA:3,(anonymous_22)
DA:2,101
DA:8,101
DA:10,2
DA:11,2
DA:14,101
DA:19,5
DA:21,5
DA:23,7
DA:24,6
DA:25,0
DA:26,0
DA:28,3
DA:32,5
DA:35,101
DA:40,3
DA:42,8
DA:44,8
DA:47,3
DA:49,3
DA:51,101
DA:53,101
LF:21
LH:19
BRDA:19,0,0,5
BRDA:19,0,1,3
BRDA:19,0,2,5
BRDA:23,1,0,2
BRDA:23,1,1,3
BRDA:24,2,0,3
BRDA:24,2,1,0
BRDA:49,3,0,3
BRF:8
BRH:7
end_of_record
TN:
SF:C:\Users\Pawel\Documents\Programowanie\PROTON\amplify-js\packages\datastore\src\sync\outbox.ts
FN:19,(anonymous_17)
FN:22,MutationEventOutbox
FN:29,(anonymous_19)
FN:33,(anonymous_22)
FN:33,(anonymous_23)
FN:40,(anonymous_25)
FN:65,(anonymous_26)
FN:93,(anonymous_27)
FN:115,(anonymous_30)
FN:123,(anonymous_33)
FN:134,(anonymous_36)
FN:141,(anonymous_37)
FN:146,(anonymous_40)
FN:154,(anonymous_41)
FN:190,(anonymous_44)
FN:202,(anonymous_45)
FN:207,(anonymous_46)
FN:216,(anonymous_47)
FN:216,(anonymous_48)
FN:221,(anonymous_50)
FNF:20
FNH:18
FNDA:101,(anonymous_17)
FNDA:1,MutationEventOutbox
FNDA:8,(anonymous_19)
FNDA:8,(anonymous_22)
FNDA:8,(anonymous_23)
FNDA:8,(anonymous_25)
FNDA:1,(anonymous_26)
FNDA:5,(anonymous_27)
FNDA:14,(anonymous_30)
FNDA:9,(anonymous_33)
FNDA:9,(anonymous_36)
FNDA:0,(anonymous_37)
FNDA:0,(anonymous_40)
FNDA:5,(anonymous_41)
FNDA:3,(anonymous_44)
FNDA:1,(anonymous_45)
FNDA:1,(anonymous_46)
FNDA:1,(anonymous_47)
FNDA:3,(anonymous_48)
FNDA:2,(anonymous_50)
DA:2,101
DA:9,101
DA:15,101
DA:16,101
DA:19,101
DA:23,1
DA:24,1
DA:25,1
DA:26,1
DA:29,101
DA:33,8
DA:34,8
DA:38,8
DA:41,8
DA:46,8
DA:48,10
DA:49,12
DA:50,6
DA:53,2
DA:55,3
DA:56,2
DA:57,0
DA:63,1
DA:64,2
DA:66,1
DA:73,1
DA:74,1
DA:75,1
DA:78,1
DA:79,1
DA:82,2
DA:85,1
DA:88,2
DA:93,101
DA:98,5
DA:100,5
DA:101,10
DA:104,10
DA:105,5
DA:107,5
DA:115,101
DA:116,14
DA:118,14
DA:120,14
DA:123,101
DA:127,9
DA:130,9
DA:134,9
DA:138,9
DA:141,101
DA:142,0
DA:144,0
DA:146,0
DA:148,0
DA:154,101
DA:160,5
DA:161,0
DA:164,5
DA:165,5
DA:167,5
DA:168,0
DA:172,5
DA:180,5
DA:181,2
DA:184,3
DA:188,3
DA:190,3
DA:193,3
DA:198,3
DA:199,2
DA:202,1
DA:203,1
DA:205,1
DA:207,1
DA:208,1
DA:212,2
DA:214,2
DA:216,2
DA:221,101
DA:225,2
DA:226,2
DA:227,2
DA:228,2
DA:229,2
DA:230,2
DA:233,2
DA:234,2
DA:235,2
DA:236,2
DA:237,2
DA:238,2
DA:241,2
DA:250,2
DA:255,101
DA:257,101
LF:95
LH:88
BRDA:48,0,0,2
BRDA:48,0,1,6
BRDA:55,1,0,1
BRDA:55,1,1,1
BRDA:56,2,0,1
BRDA:56,2,1,0
BRDA:78,3,0,0
BRDA:78,3,1,1
BRDA:85,4,0,1
BRDA:85,4,1,0
BRDA:98,5,0,5
BRDA:98,5,1,5
BRDA:100,6,0,0
BRDA:100,6,1,5
BRDA:116,7,0,14
BRDA:118,8,0,11
BRDA:118,8,1,3
BRDA:142,9,0,0
BRDA:160,10,0,0
BRDA:160,10,1,5
BRDA:167,11,0,0
BRDA:167,11,1,5
BRDA:180,12,0,2
BRDA:180,12,1,3
BRDA:198,13,0,2
BRDA:198,13,1,1
BRDA:216,14,0,1
BRDA:216,14,1,1
BRF:28
BRH:21
end_of_record
TN:
SF:C:\Users\Pawel\Documents\Programowanie\PROTON\amplify-js\packages\datastore\src\sync\utils.ts
FN:35,(anonymous_15)
FN:43,(anonymous_16)
FN:59,getMetadataFields
FN:63,generateSelectionSet
FN:75,(anonymous_19)
FN:90,getImplicitOwnerField
FN:102,getOwnerFields
FN:107,(anonymous_22)
FN:109,(anonymous_23)
FN:119,getScalarFields
FN:125,(anonymous_25)
FN:132,(anonymous_26)
FN:141,getConnectionFields
FN:145,(anonymous_28)
FN:146,(anonymous_29)
FN:167,getNonModelFields
FN:173,(anonymous_31)
FN:177,(anonymous_32)
FN:181,(anonymous_33)
FN:200,getAuthorizationRules
FN:206,(anonymous_35)
FN:212,(anonymous_36)
FN:246,(anonymous_37)
FN:270,buildSubscriptionGraphQLOperation
FN:301,buildGraphQLOperation
FN:369,createMutationInstanceFromModelOperation
FN:410,predicateToGraphQLCondition
FN:419,(anonymous_42)
FN:436,predicateToGraphQLFilter
FN:450,(anonymous_44)
FN:453,(anonymous_45)
FN:471,getUserGroupsFromToken
FN:491,getModelAuthModes
FN:519,(anonymous_50)
FN:519,(anonymous_51)
FN:542,getForbiddenError
FN:549,(anonymous_54)
FN:562,getClientSideAuthError
FN:567,(anonymous_56)
FNF:39
FNH:37
FNDA:114,(anonymous_15)
FNDA:114,(anonymous_16)
FNDA:17,getMetadataFields
FNDA:25,generateSelectionSet
FNDA:57,(anonymous_19)
FNDA:25,getImplicitOwnerField
FNDA:25,getOwnerFields
FNDA:20,(anonymous_22)
FNDA:6,(anonymous_23)
FNDA:36,getScalarFields
FNDA:142,(anonymous_25)
FNDA:91,(anonymous_26)
FNDA:17,getConnectionFields
FNDA:92,(anonymous_28)
FNDA:32,(anonymous_29)
FNDA:25,getNonModelFields
FNDA:100,(anonymous_31)
FNDA:34,(anonymous_32)
FNDA:42,(anonymous_33)
FNDA:16,getAuthorizationRules
FNDA:32,(anonymous_35)
FNDA:18,(anonymous_36)
FNDA:9,(anonymous_37)
FNDA:3,buildSubscriptionGraphQLOperation
FNDA:8,buildGraphQLOperation
FNDA:9,createMutationInstanceFromModelOperation
FNDA:0,predicateToGraphQLCondition
FNDA:0,(anonymous_42)
FNDA:6,predicateToGraphQLFilter
FNDA:10,(anonymous_44)
FNDA:10,(anonymous_45)
FNDA:8,getUserGroupsFromToken
FNDA:6,getModelAuthModes
FNDA:24,(anonymous_50)
FNDA:24,(anonymous_51)
FNDA:4,getForbiddenError
FNDA:4,(anonymous_54)
FNDA:8,getClientSideAuthError
FNDA:10,(anonymous_56)
DA:2,114
DA:3,114
DA:5,114
DA:30,114
DA:33,114
DA:35,114
DA:36,114
DA:37,114
DA:38,114
DA:39,114
DA:40,114
DA:43,114
DA:44,114
DA:45,114
DA:46,114
DA:47,114
DA:50,114
DA:57,114
DA:59,114
DA:60,17
DA:63,114
DA:67,25
DA:68,25
DA:69,25
DA:74,25
DA:75,57
DA:79,25
DA:80,17
DA:85,25
DA:87,25
DA:94,25
DA:96,25
DA:97,2
DA:99,23
DA:105,25
DA:106,25
DA:107,14
DA:108,20
DA:109,6
DA:110,6
DA:111,5
DA:116,25
DA:122,36
DA:124,36
DA:126,142
DA:127,91
DA:130,51
DA:133,91
DA:135,91
DA:138,36
DA:142,17
DA:144,17
DA:145,92
DA:146,32
DA:147,32
DA:149,32
DA:153,16
DA:155,16
DA:156,16
DA:158,16
DA:160,0
DA:164,17
DA:171,25
DA:173,100
DA:174,100
DA:175,11
DA:176,11
DA:177,34
DA:180,11
DA:181,11
DA:182,42
DA:184,42
DA:185,8
DA:187,8
DA:193,11
DA:197,25
DA:200,114
DA:204,16
DA:206,32
DA:208,32
DA:210,16
DA:212,16
DA:215,36
DA:216,36
DA:217,36
DA:218,36
DA:219,36
DA:220,36
DA:221,36
DA:224,18
DA:225,18
DA:227,18
DA:228,0
DA:231,18
DA:241,18
DA:244,9
DA:246,9
DA:249,18
DA:254,9
DA:258,18
DA:260,9
DA:261,9
DA:264,9
DA:267,16
DA:270,114
DA:277,3
DA:279,3
DA:281,3
DA:282,3
DA:283,3
DA:285,3
DA:286,0
DA:287,0
DA:290,3
DA:301,114
DA:306,8
DA:308,8
DA:311,8
DA:312,8
DA:315,8
DA:317,1
DA:318,1
DA:319,1
DA:321,1
DA:326,1
DA:328,2
DA:329,2
DA:330,2
DA:331,2
DA:332,2
DA:334,2
DA:335,2
DA:336,2
DA:337,2
DA:338,2
DA:340,2
DA:341,2
DA:342,2
DA:343,2
DA:344,2
DA:346,1
DA:347,1
DA:348,1
DA:349,1
DA:350,1
DA:353,0
DA:356,8
DA:369,114
DA:384,9
DA:386,3
DA:387,3
DA:389,6
DA:390,6
DA:392,0
DA:393,0
DA:395,0
DA:398,9
DA:407,9
DA:410,114
DA:413,0
DA:415,0
DA:416,0
DA:419,0
DA:420,0
DA:421,0
DA:423,0
DA:424,0
DA:427,0
DA:429,0
DA:433,0
DA:436,114
DA:439,6
DA:441,6
DA:442,0
DA:445,6
DA:446,6
DA:448,6
DA:450,6
DA:451,10
DA:453,6
DA:454,10
DA:455,8
DA:457,8
DA:461,8
DA:462,8
DA:465,2
DA:468,6
DA:471,114
DA:476,8
DA:478,8
DA:479,3
DA:480,3
DA:481,3
DA:483,1
DA:485,3
DA:488,8
DA:491,114
DA:492,6
DA:493,6
DA:494,6
DA:495,6
DA:506,6
DA:508,6
DA:518,12
DA:519,24
DA:520,24
DA:526,24
DA:527,4
DA:528,20
DA:529,4
DA:532,16
DA:537,0
DA:539,6
DA:542,114
DA:543,4
DA:548,4
DA:549,4
DA:550,4
DA:552,0
DA:553,0
DA:556,4
DA:557,1
DA:559,3
DA:562,114
DA:563,8
DA:565,8
DA:568,10
DA:570,8
LF:228
LH:205
BRDA:35,0,0,114
BRDA:35,0,1,114
BRDA:43,1,0,114
BRDA:43,1,1,114
BRDA:79,2,0,17
BRDA:79,2,1,8
BRDA:96,3,0,2
BRDA:96,3,1,23
BRDA:96,4,0,25
BRDA:96,4,1,23
BRDA:106,5,0,14
BRDA:106,5,1,11
BRDA:106,6,0,25
BRDA:106,6,1,17
BRDA:108,7,0,6
BRDA:108,7,1,14
BRDA:108,8,0,20
BRDA:108,8,1,20
BRDA:110,9,0,5
BRDA:110,9,1,1
BRDA:110,10,0,6
BRDA:110,10,1,5
BRDA:126,11,0,91
BRDA:126,11,1,51
BRDA:126,12,0,142
BRDA:126,12,1,51
BRDA:145,13,0,92
BRDA:145,13,1,32
BRDA:150,14,0,0
BRDA:150,14,1,16
BRDA:150,14,2,16
BRDA:150,14,3,0
BRDA:155,15,0,16
BRDA:155,15,1,0
BRDA:174,16,0,11
BRDA:174,16,1,89
BRDA:184,17,0,8
BRDA:184,17,1,34
BRDA:206,18,0,32
BRDA:206,18,1,32
BRDA:208,19,0,16
BRDA:208,19,1,0
BRDA:208,20,0,0
BRDA:208,20,1,32
BRDA:215,21,0,5
BRDA:215,21,1,13
BRDA:216,22,0,5
BRDA:216,22,1,13
BRDA:217,23,0,0
BRDA:217,23,1,18
BRDA:218,24,0,0
BRDA:218,24,1,18
BRDA:219,25,0,15
BRDA:219,25,1,3
BRDA:220,26,0,0
BRDA:220,26,1,18
BRDA:221,27,0,14
BRDA:221,27,1,4
BRDA:227,28,0,0
BRDA:227,28,1,18
BRDA:227,29,0,18
BRDA:227,29,1,1
BRDA:241,30,0,9
BRDA:241,30,1,9
BRDA:246,31,0,9
BRDA:246,31,1,9
BRDA:249,32,0,9
BRDA:249,32,1,0
BRDA:249,33,0,0
BRDA:249,33,1,9
BRDA:249,34,0,16
BRDA:249,34,1,2
BRDA:255,35,0,9
BRDA:255,35,1,8
BRDA:258,36,0,9
BRDA:258,36,1,9
BRDA:285,37,0,0
BRDA:285,37,1,3
BRDA:316,38,0,1
BRDA:316,38,1,2
BRDA:316,38,2,2
BRDA:316,38,3,2
BRDA:316,38,4,1
BRDA:316,38,5,0
BRDA:385,39,0,3
BRDA:385,39,1,6
BRDA:385,39,2,0
BRDA:385,39,3,0
BRDA:399,40,0,0
BRDA:399,40,1,9
BRDA:415,41,0,0
BRDA:415,41,1,0
BRDA:415,42,0,0
BRDA:415,42,1,0
BRDA:420,43,0,0
BRDA:420,43,1,0
BRDA:423,44,0,0
BRDA:423,44,1,0
BRDA:441,45,0,0
BRDA:441,45,1,6
BRDA:441,46,0,6
BRDA:441,46,1,6
BRDA:446,47,0,6
BRDA:446,47,1,3
BRDA:448,48,0,5
BRDA:448,48,1,1
BRDA:451,49,0,9
BRDA:451,49,1,1
BRDA:454,50,0,8
BRDA:454,50,1,2
BRDA:476,51,0,8
BRDA:476,51,1,4
BRDA:478,52,0,3
BRDA:478,52,1,5
BRDA:539,53,0,6
BRDA:520,54,0,24
BRDA:526,55,0,4
BRDA:526,55,1,20
BRDA:528,56,0,4
BRDA:528,56,1,16
BRDA:528,57,0,20
BRDA:528,57,1,8
BRDA:548,58,0,4
BRDA:548,58,1,0
BRDA:548,59,0,4
BRDA:548,59,1,4
BRDA:552,60,0,0
BRDA:552,60,1,0
BRDA:552,61,0,0
BRDA:552,61,1,0
BRDA:556,62,0,1
BRDA:556,62,1,3
BRDA:565,63,0,8
BRDA:565,63,1,8
BRDA:565,63,2,4
BRDA:570,64,0,8
BRDA:570,64,1,4
BRF:137
BRH:107
end_of_record
TN:
SF:C:\Users\Pawel\Documents\Programowanie\PROTON\amplify-js\packages\datastore\src\sync\datastoreReachability\index.ts
FNF:0
FNH:0
DA:1,101
DA:3,101
LF:2
LH:2
BRF:0
BRH:0
end_of_record
TN:
SF:C:\Users\Pawel\Documents\Programowanie\PROTON\amplify-js\packages\datastore\src\sync\processors\mutation.ts
FN:47,(anonymous_18)
FN:55,MutationProcessor
FN:70,(anonymous_20)
FN:71,(anonymous_21)
FN:73,(anonymous_22)
FN:74,(anonymous_23)
FN:100,(anonymous_24)
FN:104,(anonymous_25)
FN:105,(anonymous_26)
FN:110,(anonymous_27)
FN:118,(anonymous_28)
FN:150,(anonymous_33)
FN:202,(anonymous_36)
FN:202,(anonymous_37)
FN:211,(anonymous_39)
FN:211,(anonymous_40)
FN:230,(anonymous_42)
FN:244,(anonymous_45)
FN:251,(anonymous_46)
FN:411,(anonymous_48)
FN:422,(anonymous_49)
FN:432,(anonymous_50)
FN:455,(anonymous_51)
FN:469,(anonymous_52)
FN:496,(anonymous_53)
FN:513,(anonymous_54)
FNF:26
FNH:21
FNDA:102,(anonymous_18)
FNDA:1,MutationProcessor
FNDA:1,(anonymous_20)
FNDA:3,(anonymous_21)
FNDA:5,(anonymous_22)
FNDA:1,(anonymous_23)
FNDA:1,(anonymous_24)
FNDA:0,(anonymous_25)
FNDA:0,(anonymous_26)
FNDA:0,(anonymous_27)
FNDA:1,(anonymous_28)
FNDA:2,(anonymous_33)
FNDA:1,(anonymous_36)
FNDA:1,(anonymous_37)
FNDA:0,(anonymous_39)
FNDA:0,(anonymous_40)
FNDA:1,(anonymous_42)
FNDA:1,(anonymous_45)
FNDA:1,(anonymous_46)
FNDA:1,(anonymous_48)
FNDA:1,(anonymous_49)
FNDA:7,(anonymous_50)
FNDA:7,(anonymous_51)
FNDA:7,(anonymous_52)
FNDA:1,(anonymous_53)
FNDA:1,(anonymous_54)
DA:1,102
DA:2,102
DA:7,102
DA:11,102
DA:27,102
DA:29,102
DA:36,102
DA:38,102
DA:47,102
DA:49,1
DA:53,1
DA:56,1
DA:57,1
DA:58,1
DA:59,1
DA:60,1
DA:61,1
DA:62,1
DA:63,1
DA:64,1
DA:65,1
DA:67,1
DA:70,102
DA:71,1
DA:72,3
DA:73,5
DA:75,1
DA:80,1
DA:85,1
DA:91,1
DA:100,102
DA:101,1
DA:104,102
DA:105,0
DA:106,0
DA:108,0
DA:110,0
DA:111,0
DA:115,0
DA:118,102
DA:119,1
DA:120,0
DA:123,1
DA:125,1
DA:129,2
DA:130,2
DA:132,1
DA:133,1
DA:136,1
DA:137,1
DA:138,1
DA:140,1
DA:147,1
DA:149,1
DA:150,1
DA:152,1
DA:155,1
DA:167,0
DA:171,0
DA:173,1
DA:174,1
DA:175,1
DA:180,1
DA:182,0
DA:189,0
DA:193,1
DA:195,1
DA:200,1
DA:201,1
DA:202,2
DA:203,2
DA:208,0
DA:209,0
DA:211,0
DA:214,0
DA:215,0
DA:218,0
DA:227,1
DA:230,102
DA:243,1
DA:251,1
DA:253,1
DA:266,1
DA:267,1
DA:269,1
DA:273,1
DA:274,1
DA:276,0
DA:278,1
DA:279,1
DA:280,1
DA:282,1
DA:283,0
DA:286,1
DA:290,1
DA:291,0
DA:294,1
DA:297,0
DA:299,0
DA:300,0
DA:302,0
DA:303,0
DA:306,0
DA:320,0
DA:321,0
DA:325,0
DA:328,0
DA:334,0
DA:336,0
DA:342,0
DA:345,0
DA:348,0
DA:360,0
DA:362,0
DA:364,0
DA:365,0
DA:379,0
DA:382,0
DA:394,0
DA:397,0
DA:411,102
DA:418,1
DA:420,1
DA:422,1
DA:426,1
DA:429,1
DA:432,7
DA:434,7
DA:436,0
DA:440,0
DA:444,0
DA:447,7
DA:449,0
DA:453,7
DA:455,7
DA:456,7
DA:457,7
DA:459,7
DA:463,0
DA:464,0
DA:467,7
DA:469,7
DA:470,7
DA:471,7
DA:475,1
DA:480,1
DA:482,1
DA:493,1
DA:496,102
DA:499,1
DA:501,1
DA:503,0
DA:505,0
DA:507,0
DA:509,0
DA:513,102
DA:514,1
DA:516,102
DA:518,102
LF:159
LH:106
BRDA:62,0,0,0
BRDA:62,0,1,1
BRDA:119,1,0,0
BRDA:119,1,1,1
BRDA:119,2,0,1
BRDA:119,2,1,1
BRDA:189,3,0,0
BRDA:174,4,0,1
BRDA:174,4,1,0
BRDA:195,5,0,0
BRDA:195,5,1,1
BRDA:195,6,0,1
BRDA:195,6,1,1
BRDA:200,7,0,0
BRDA:200,7,1,1
BRDA:203,8,0,1
BRDA:129,9,0,0
BRDA:129,9,1,2
BRDA:243,10,0,1
BRDA:243,10,1,1
BRDA:278,11,0,0
BRDA:278,11,1,1
BRDA:278,12,0,1
BRDA:278,12,1,1
BRDA:280,13,0,0
BRDA:280,13,1,1
BRDA:280,14,0,0
BRDA:280,14,1,1
BRDA:282,15,0,0
BRDA:282,15,1,1
BRDA:286,16,0,1
BRDA:286,16,1,0
BRDA:287,17,0,1
BRDA:287,17,1,1
BRDA:290,18,0,0
BRDA:290,18,1,1
BRDA:297,19,0,0
BRDA:297,19,1,0
BRDA:302,20,0,0
BRDA:302,20,1,0
BRDA:325,21,0,0
BRDA:325,21,1,0
BRDA:375,22,0,0
BRDA:375,22,1,0
BRDA:383,23,0,0
BRDA:383,23,1,0
BRDA:397,24,0,0
BRDA:397,24,1,0
BRDA:430,25,0,0
BRDA:430,25,1,1
BRDA:434,26,0,0
BRDA:434,26,1,7
BRDA:436,27,0,0
BRDA:436,27,1,0
BRDA:437,28,0,0
BRDA:437,28,1,0
BRDA:447,29,0,0
BRDA:447,29,1,7
BRDA:459,30,0,0
BRDA:459,30,1,7
BRDA:460,31,0,7
BRDA:460,31,1,0
BRDA:485,32,0,1
BRDA:485,32,1,0
BRDA:489,33,0,0
BRDA:489,33,1,0
BRDA:500,34,0,1
BRDA:500,34,1,0
BRDA:500,34,2,0
BRDA:500,34,3,0
BRDA:500,34,4,0
BRF:71
BRH:30
end_of_record
TN:
SF:C:\Users\Pawel\Documents\Programowanie\PROTON\amplify-js\packages\datastore\src\sync\processors\subscription.ts
FN:28,(anonymous_19)
FN:32,(anonymous_20)
FN:45,(anonymous_21)
FN:57,SubscriptionProcessor
FN:64,(anonymous_23)
FN:102,(anonymous_24)
FN:116,(anonymous_25)
FN:128,(anonymous_26)
FN:136,(anonymous_27)
FN:147,(anonymous_28)
FN:148,(anonymous_29)
FN:165,(anonymous_30)
FN:171,(anonymous_31)
FN:194,(anonymous_32)
FN:198,(anonymous_33)
FN:222,(anonymous_34)
FN:232,(anonymous_35)
FN:236,(anonymous_36)
FN:251,(anonymous_37)
FN:304,(anonymous_40)
FN:306,(anonymous_41)
FN:307,(anonymous_42)
FN:307,(anonymous_43)
FN:341,(anonymous_45)
FN:390,(anonymous_46)
FN:392,(anonymous_47)
FN:398,(anonymous_48)
FN:435,(anonymous_49)
FN:451,(anonymous_50)
FN:506,(anonymous_51)
FN:509,(anonymous_54)
FN:522,(anonymous_55)
FN:526,(anonymous_56)
FN:529,(anonymous_57)
FN:530,(anonymous_58)
FN:533,(anonymous_59)
FN:536,(anonymous_60)
FN:539,(anonymous_61)
FN:546,(anonymous_62)
FN:550,(anonymous_63)
FN:558,(anonymous_64)
FN:571,(anonymous_65)
FN:579,(anonymous_66)
FN:581,(anonymous_67)
FNF:44
FNH:13
FNDA:102,(anonymous_19)
FNDA:102,(anonymous_20)
FNDA:102,(anonymous_21)
FNDA:0,SubscriptionProcessor
FNDA:0,(anonymous_23)
FNDA:16,(anonymous_24)
FNDA:4,(anonymous_25)
FNDA:17,(anonymous_26)
FNDA:4,(anonymous_27)
FNDA:4,(anonymous_28)
FNDA:4,(anonymous_29)
FNDA:7,(anonymous_30)
FNDA:6,(anonymous_31)
FNDA:1,(anonymous_32)
FNDA:1,(anonymous_33)
FNDA:0,(anonymous_34)
FNDA:0,(anonymous_35)
FNDA:0,(anonymous_36)
FNDA:0,(anonymous_37)
FNDA:0,(anonymous_40)
FNDA:0,(anonymous_41)
FNDA:0,(anonymous_42)
FNDA:0,(anonymous_43)
FNDA:0,(anonymous_45)
FNDA:0,(anonymous_46)
FNDA:0,(anonymous_47)
FNDA:0,(anonymous_48)
FNDA:0,(anonymous_49)
FNDA:0,(anonymous_50)
FNDA:0,(anonymous_51)
FNDA:0,(anonymous_54)
FNDA:0,(anonymous_55)
FNDA:0,(anonymous_56)
FNDA:0,(anonymous_57)
FNDA:0,(anonymous_58)
FNDA:0,(anonymous_59)
FNDA:0,(anonymous_60)
FNDA:0,(anonymous_61)
FNDA:0,(anonymous_62)
FNDA:0,(anonymous_63)
FNDA:0,(anonymous_64)
FNDA:0,(anonymous_65)
FNDA:0,(anonymous_66)
FNDA:0,(anonymous_67)
DA:1,102
DA:2,102
DA:3,102
DA:4,102
DA:5,102
DA:6,102
DA:16,102
DA:23,102
DA:24,102
DA:26,102
DA:28,102
DA:29,102
DA:32,102
DA:33,102
DA:34,102
DA:35,102
DA:45,102
DA:46,0
DA:50,0
DA:58,0
DA:59,0
DA:60,0
DA:61,0
DA:64,102
DA:81,0
DA:82,0
DA:92,0
DA:99,0
DA:102,102
DA:106,21
DA:107,31
DA:110,16
DA:114,16
DA:116,4
DA:119,16
DA:120,1
DA:127,15
DA:129,17
DA:134,15
DA:138,4
DA:142,4
DA:147,4
DA:148,4
DA:152,15
DA:153,4
DA:163,11
DA:166,7
DA:171,11
DA:172,6
DA:174,6
DA:175,6
DA:184,11
DA:185,6
DA:192,5
DA:194,1
DA:198,5
DA:199,1
DA:201,1
DA:202,1
DA:211,5
DA:212,1
DA:216,4
DA:222,102
DA:224,0
DA:227,0
DA:228,0
DA:232,102
DA:236,0
DA:237,0
DA:247,0
DA:250,0
DA:251,0
DA:255,0
DA:256,0
DA:266,0
DA:267,0
DA:276,0
DA:277,0
DA:278,0
DA:281,0
DA:283,0
DA:284,0
DA:285,0
DA:287,0
DA:288,0
DA:289,0
DA:293,0
DA:294,0
DA:295,0
DA:300,0
DA:304,0
DA:305,0
DA:306,0
DA:307,0
DA:308,0
DA:317,0
DA:319,0
DA:328,0
DA:334,0
DA:341,0
DA:342,0
DA:343,0
DA:344,0
DA:345,0
DA:346,0
DA:347,0
DA:348,0
DA:349,0
DA:360,0
DA:362,0
DA:363,0
DA:364,0
DA:367,0
DA:370,0
DA:373,0
DA:383,0
DA:386,0
DA:390,0
DA:392,0
DA:393,0
DA:398,0
DA:400,0
DA:406,0
DA:407,0
DA:410,0
DA:415,0
DA:421,0
DA:427,0
DA:433,0
DA:437,0
DA:442,0
DA:449,0
DA:451,0
DA:452,0
DA:456,0
DA:457,0
DA:461,0
DA:468,0
DA:469,0
DA:471,0
DA:482,0
DA:483,0
DA:487,0
DA:489,0
DA:490,0
DA:493,0
DA:497,0
DA:500,0
DA:505,0
DA:506,0
DA:509,0
DA:510,0
DA:511,0
DA:515,0
DA:517,0
DA:522,0
DA:526,0
DA:529,0
DA:530,0
DA:531,0
DA:533,0
DA:534,0
DA:536,0
DA:537,0
DA:539,0
DA:544,0
DA:547,0
DA:548,0
DA:550,0
DA:551,0
DA:555,0
DA:558,102
DA:562,0
DA:563,0
DA:566,0
DA:568,0
DA:571,102
DA:576,0
DA:579,102
DA:580,0
DA:581,0
DA:582,0
DA:585,102
DA:587,102
LF:184
LH:59
BRDA:28,0,0,102
BRDA:28,0,1,102
BRDA:32,1,0,102
BRDA:32,1,1,102
BRDA:60,2,0,0
BRDA:60,2,1,0
BRDA:82,3,0,0
BRDA:82,3,1,0
BRDA:106,4,0,5
BRDA:106,4,1,11
BRDA:107,5,0,15
BRDA:107,5,1,1
BRDA:114,6,0,16
BRDA:114,6,1,4
BRDA:116,7,0,4
BRDA:116,7,1,3
BRDA:119,8,0,1
BRDA:119,8,1,15
BRDA:119,9,0,16
BRDA:119,9,1,3
BRDA:129,10,0,17
BRDA:129,10,1,4
BRDA:134,11,0,15
BRDA:134,11,1,5
BRDA:134,11,2,11
BRDA:152,12,0,4
BRDA:152,12,1,11
BRDA:164,13,0,6
BRDA:164,13,1,5
BRDA:166,14,0,7
BRDA:166,14,1,7
BRDA:174,15,0,6
BRDA:174,15,1,0
BRDA:177,16,0,2
BRDA:177,16,1,4
BRDA:184,17,0,6
BRDA:184,17,1,5
BRDA:193,18,0,1
BRDA:193,18,1,4
BRDA:194,19,0,1
BRDA:194,19,1,1
BRDA:201,20,0,1
BRDA:201,20,1,0
BRDA:204,21,0,0
BRDA:204,21,1,1
BRDA:211,22,0,1
BRDA:211,22,1,4
BRDA:217,23,0,4
BRDA:217,23,1,0
BRDA:227,24,0,0
BRDA:227,24,1,0
BRDA:287,25,0,0
BRDA:257,26,0,0
BRDA:257,26,1,0
BRDA:277,27,0,0
BRDA:277,27,1,0
BRDA:277,28,0,0
BRDA:277,28,1,0
BRDA:277,28,2,0
BRDA:284,29,0,0
BRDA:284,29,1,0
BRDA:288,30,0,0
BRDA:288,30,1,0
BRDA:293,31,0,0
BRDA:293,31,1,0
BRDA:308,32,0,0
BRDA:362,33,0,0
BRDA:362,33,1,0
BRDA:363,34,0,0
BRDA:363,34,1,0
BRDA:393,35,0,0
BRDA:393,35,1,0
BRDA:393,36,0,0
BRDA:393,36,1,0
BRDA:421,37,0,0
BRDA:421,37,1,0
BRDA:437,38,0,0
BRDA:437,38,1,0
BRDA:437,39,0,0
BRDA:437,39,1,0
BRDA:442,40,0,0
BRDA:442,40,1,0
BRDA:443,41,0,0
BRDA:443,41,1,0
BRDA:457,42,0,0
BRDA:457,42,1,0
BRDA:489,43,0,0
BRDA:489,43,1,0
BRDA:493,44,0,0
BRDA:493,44,1,0
BRDA:494,45,0,0
BRDA:494,45,1,0
BRDA:509,46,0,0
BRDA:562,47,0,0
BRDA:562,47,1,0
BRDA:580,48,0,0
BRDA:580,48,1,0
BRF:97
BRH:41
end_of_record
TN:
SF:C:\Users\Pawel\Documents\Programowanie\PROTON\amplify-js\packages\datastore\src\sync\processors\sync.ts
FN:38,(anonymous_19)
FN:41,SyncProcessor
FN:52,(anonymous_21)
FN:53,(anonymous_22)
FN:55,(anonymous_23)
FN:56,(anonymous_24)
FN:68,(anonymous_25)
FN:84,(anonymous_26)
FN:113,(anonymous_29)
FN:171,(anonymous_32)
FN:180,(anonymous_33)
FN:202,(anonymous_36)
FN:202,(anonymous_37)
FN:228,(anonymous_39)
FN:252,(anonymous_40)
FN:259,(anonymous_41)
FN:281,(anonymous_42)
FN:298,(anonymous_43)
FN:300,(anonymous_44)
FN:313,(anonymous_45)
FN:314,(anonymous_46)
FN:326,(anonymous_49)
FN:330,(anonymous_50)
FN:330,(anonymous_51)
FN:373,(anonymous_53)
FN:377,(anonymous_54)
FNF:26
FNH:9
FNDA:110,(anonymous_19)
FNDA:9,SyncProcessor
FNDA:9,(anonymous_21)
FNDA:0,(anonymous_22)
FNDA:0,(anonymous_23)
FNDA:0,(anonymous_24)
FNDA:0,(anonymous_25)
FNDA:0,(anonymous_26)
FNDA:0,(anonymous_29)
FNDA:3,(anonymous_32)
FNDA:9,(anonymous_33)
FNDA:9,(anonymous_36)
FNDA:9,(anonymous_37)
FNDA:3,(anonymous_39)
FNDA:1,(anonymous_40)
FNDA:0,(anonymous_41)
FNDA:0,(anonymous_42)
FNDA:0,(anonymous_43)
FNDA:0,(anonymous_44)
FNDA:0,(anonymous_45)
FNDA:0,(anonymous_46)
FNDA:0,(anonymous_49)
FNDA:0,(anonymous_50)
FNDA:0,(anonymous_51)
FNDA:0,(anonymous_53)
FNDA:0,(anonymous_54)
DA:1,110
DA:2,110
DA:12,110
DA:19,110
DA:25,110
DA:27,110
DA:28,110
DA:30,110
DA:36,110
DA:38,110
DA:39,9
DA:42,9
DA:43,9
DA:44,9
DA:45,9
DA:46,9
DA:47,9
DA:49,9
DA:52,110
DA:53,9
DA:54,0
DA:55,0
DA:57,0
DA:63,0
DA:68,110
DA:69,0
DA:70,0
DA:72,0
DA:77,0
DA:78,0
DA:81,0
DA:84,110
DA:90,0
DA:93,0
DA:95,0
DA:102,0
DA:110,0
DA:112,0
DA:113,0
DA:115,0
DA:118,0
DA:125,0
DA:128,0
DA:130,0
DA:131,0
DA:132,0
DA:133,0
DA:134,0
DA:136,0
DA:140,0
DA:146,0
DA:148,0
DA:153,0
DA:157,0
DA:159,0
DA:161,0
DA:163,0
DA:171,110
DA:172,3
DA:173,3
DA:174,3
DA:176,0
DA:180,110
DA:181,9
DA:182,9
DA:183,9
DA:184,9
DA:185,9
DA:201,9
DA:202,9
DA:204,9
DA:211,8
DA:213,8
DA:214,5
DA:217,3
DA:224,3
DA:225,2
DA:226,1
DA:227,1
DA:228,3
DA:231,1
DA:232,1
DA:241,1
DA:243,1
DA:248,1
DA:252,1
DA:254,1
DA:255,0
DA:257,0
DA:258,0
DA:259,0
DA:262,0
DA:267,0
DA:271,0
DA:273,1
DA:281,110
DA:284,0
DA:287,0
DA:292,0
DA:296,0
DA:298,0
DA:299,0
DA:301,0
DA:303,0
DA:304,0
DA:305,0
DA:307,0
DA:312,0
DA:313,0
DA:314,0
DA:315,0
DA:316,0
DA:317,0
DA:318,0
DA:320,0
DA:321,0
DA:323,0
DA:326,0
DA:327,0
DA:330,0
DA:331,0
DA:334,0
DA:335,0
DA:338,0
DA:343,0
DA:351,0
DA:353,0
DA:355,0
DA:363,0
DA:365,0
DA:368,0
DA:370,0
DA:373,0
DA:374,0
DA:377,0
DA:378,0
DA:382,0
DA:384,110
DA:395,110
LF:139
LH:55
BRDA:43,0,0,0
BRDA:43,0,1,9
BRDA:44,1,0,0
BRDA:44,1,1,9
BRDA:46,2,0,0
BRDA:46,2,1,9
BRDA:69,3,0,0
BRDA:69,3,1,0
BRDA:77,4,0,0
BRDA:77,4,1,0
BRDA:90,5,0,0
BRDA:90,5,1,0
BRDA:153,6,0,0
BRDA:131,7,0,0
BRDA:131,7,1,0
BRDA:134,8,0,0
BRDA:134,8,1,0
BRDA:134,9,0,0
BRDA:134,9,1,0
BRDA:201,10,0,9
BRDA:201,10,1,9
BRDA:204,11,0,9
BRDA:212,12,0,8
BRDA:212,12,1,4
BRDA:213,13,0,5
BRDA:213,13,1,3
BRDA:218,14,0,3
BRDA:218,14,1,3
BRDA:218,14,2,2
BRDA:218,14,3,2
BRDA:224,15,0,2
BRDA:224,15,1,1
BRDA:225,16,0,1
BRDA:225,16,1,1
BRDA:231,17,0,1
BRDA:231,17,1,0
BRDA:249,18,0,1
BRDA:249,18,1,1
BRDA:249,18,2,1
BRDA:254,19,0,0
BRDA:254,19,1,1
BRDA:257,20,0,0
BRDA:257,20,1,0
BRDA:288,21,0,0
BRDA:288,21,1,0
BRDA:293,22,0,0
BRDA:293,22,1,0
BRDA:331,23,0,0
BRDA:334,24,0,0
BRDA:334,24,1,0
BRDA:353,25,0,0
BRDA:353,25,1,0
BRDA:363,26,0,0
BRDA:363,26,1,0
BRF:54
BRH:23
end_of_record
